mode: atomic
github.com/openshift/oc-mirror/v2/cmd/oc-mirror/main.go:10.13,21.16 4 0
github.com/openshift/oc-mirror/v2/cmd/oc-mirror/main.go:21.16,24.3 2 0
github.com/openshift/oc-mirror/v2/internal/pkg/api/operator-framework/v1alpha1/catalogsource_types.go:184.65,189.49 3 0
github.com/openshift/oc-mirror/v2/internal/pkg/api/operator-framework/v1alpha1/catalogsource_types.go:189.49,191.3 1 0
github.com/openshift/oc-mirror/v2/internal/pkg/api/operator-framework/v1alpha1/catalogsource_types.go:192.2,196.16 3 0
github.com/openshift/oc-mirror/v2/internal/pkg/api/operator-framework/v1alpha1/catalogsource_types.go:196.16,199.3 2 0
github.com/openshift/oc-mirror/v2/internal/pkg/api/operator-framework/v1alpha1/catalogsource_types.go:199.8,201.3 1 0
github.com/openshift/oc-mirror/v2/internal/pkg/api/operator-framework/v1alpha1/catalogsource_types.go:202.2,203.12 2 0
github.com/openshift/oc-mirror/v2/internal/pkg/api/operator-framework/v1alpha1/catalogsource_types.go:214.50,216.2 1 0
github.com/openshift/oc-mirror/v2/internal/pkg/api/operator-framework/v1alpha1/catalogsource_types.go:234.79,236.2 1 0
github.com/openshift/oc-mirror/v2/internal/pkg/api/v2alpha1/type_config.go:105.39,117.2 6 0
github.com/openshift/oc-mirror/v2/internal/pkg/api/v2alpha1/type_config.go:143.44,145.2 1 0
github.com/openshift/oc-mirror/v2/internal/pkg/api/v2alpha1/type_config.go:189.51,191.16 2 0
github.com/openshift/oc-mirror/v2/internal/pkg/api/v2alpha1/type_config.go:191.16,193.3 1 0
github.com/openshift/oc-mirror/v2/internal/pkg/api/v2alpha1/type_config.go:194.2,194.48 1 0
github.com/openshift/oc-mirror/v2/internal/pkg/api/v2alpha1/type_config.go:194.48,196.3 1 0
github.com/openshift/oc-mirror/v2/internal/pkg/api/v2alpha1/type_config.go:198.2,198.23 1 0
github.com/openshift/oc-mirror/v2/internal/pkg/api/v2alpha1/type_config.go:198.23,202.3 3 0
github.com/openshift/oc-mirror/v2/internal/pkg/api/v2alpha1/type_config.go:203.2,203.27 1 0
github.com/openshift/oc-mirror/v2/internal/pkg/api/v2alpha1/type_config.go:203.27,204.44 1 0
github.com/openshift/oc-mirror/v2/internal/pkg/api/v2alpha1/type_config.go:204.44,208.4 3 0
github.com/openshift/oc-mirror/v2/internal/pkg/api/v2alpha1/type_config.go:208.9,210.4 1 0
github.com/openshift/oc-mirror/v2/internal/pkg/api/v2alpha1/type_config.go:212.2,212.32 1 0
github.com/openshift/oc-mirror/v2/internal/pkg/api/v2alpha1/type_config.go:215.54,218.2 2 0
github.com/openshift/oc-mirror/v2/internal/pkg/api/v2alpha1/type_config.go:223.38,225.2 1 0
github.com/openshift/oc-mirror/v2/internal/pkg/api/v2alpha1/type_config.go:227.35,229.2 1 0
github.com/openshift/oc-mirror/v2/internal/pkg/api/v2alpha1/type_config_include.go:57.52,59.39 2 0
github.com/openshift/oc-mirror/v2/internal/pkg/api/v2alpha1/type_config_include.go:59.39,61.3 1 0
github.com/openshift/oc-mirror/v2/internal/pkg/api/v2alpha1/type_config_include.go:62.2,62.12 1 0
github.com/openshift/oc-mirror/v2/internal/pkg/api/v2alpha1/type_config_include.go:67.52,69.39 2 0
github.com/openshift/oc-mirror/v2/internal/pkg/api/v2alpha1/type_config_include.go:69.39,71.3 1 0
github.com/openshift/oc-mirror/v2/internal/pkg/api/v2alpha1/type_config_include.go:72.2,72.12 1 0
github.com/openshift/oc-mirror/v2/internal/pkg/api/v2alpha1/type_image.go:46.38,48.2 1 0
github.com/openshift/oc-mirror/v2/internal/pkg/api/v2alpha1/type_image.go:50.39,52.2 1 0
github.com/openshift/oc-mirror/v2/internal/pkg/api/v2alpha1/type_image.go:54.46,56.2 1 0
github.com/openshift/oc-mirror/v2/internal/pkg/api/v2alpha1/type_image.go:60.37,62.2 1 0
github.com/openshift/oc-mirror/v2/internal/pkg/api/v2alpha1/type_image.go:65.51,66.38 1 0
github.com/openshift/oc-mirror/v2/internal/pkg/api/v2alpha1/type_image.go:66.38,68.3 1 0
github.com/openshift/oc-mirror/v2/internal/pkg/api/v2alpha1/type_image.go:69.2,69.34 1 0
github.com/openshift/oc-mirror/v2/internal/pkg/api/v2alpha1/type_image.go:73.52,75.46 2 0
github.com/openshift/oc-mirror/v2/internal/pkg/api/v2alpha1/type_image.go:75.46,77.3 1 0
github.com/openshift/oc-mirror/v2/internal/pkg/api/v2alpha1/type_image.go:79.2,80.12 2 0
github.com/openshift/oc-mirror/v2/internal/pkg/api/v2alpha1/type_image.go:83.38,84.45 1 0
github.com/openshift/oc-mirror/v2/internal/pkg/api/v2alpha1/type_image.go:84.45,86.3 1 0
github.com/openshift/oc-mirror/v2/internal/pkg/api/v2alpha1/type_image.go:87.2,87.12 1 0
github.com/openshift/oc-mirror/v2/internal/pkg/api/v2alpha1/type_image.go:88.19,90.43 1 0
github.com/openshift/oc-mirror/v2/internal/pkg/api/v2alpha1/type_image.go:91.10,92.49 1 0
github.com/openshift/oc-mirror/v2/internal/pkg/api/v2alpha1/type_image.go:122.39,124.61 1 0
github.com/openshift/oc-mirror/v2/internal/pkg/api/v2alpha1/type_image.go:124.61,126.3 1 0
github.com/openshift/oc-mirror/v2/internal/pkg/api/v2alpha1/type_image.go:127.2,127.61 1 0
github.com/openshift/oc-mirror/v2/internal/pkg/api/v2alpha1/type_image.go:127.61,129.3 1 0
github.com/openshift/oc-mirror/v2/internal/pkg/api/v2alpha1/type_image.go:131.2,131.38 1 0
github.com/openshift/oc-mirror/v2/internal/pkg/api/v2alpha1/type_image.go:131.38,133.3 1 0
github.com/openshift/oc-mirror/v2/internal/pkg/api/v2alpha1/type_image.go:135.2,135.26 1 0
github.com/openshift/oc-mirror/v2/internal/pkg/api/v2alpha1/type_platform.go:34.40,36.2 1 0
github.com/openshift/oc-mirror/v2/internal/pkg/api/v2alpha1/type_platform.go:39.54,40.38 1 0
github.com/openshift/oc-mirror/v2/internal/pkg/api/v2alpha1/type_platform.go:40.38,42.3 1 0
github.com/openshift/oc-mirror/v2/internal/pkg/api/v2alpha1/type_platform.go:43.2,43.34 1 0
github.com/openshift/oc-mirror/v2/internal/pkg/api/v2alpha1/type_platform.go:47.55,49.46 2 0
github.com/openshift/oc-mirror/v2/internal/pkg/api/v2alpha1/type_platform.go:49.46,51.3 1 0
github.com/openshift/oc-mirror/v2/internal/pkg/api/v2alpha1/type_platform.go:53.2,54.12 2 0
github.com/openshift/oc-mirror/v2/internal/pkg/api/v2alpha1/type_platform.go:57.41,58.43 1 0
github.com/openshift/oc-mirror/v2/internal/pkg/api/v2alpha1/type_platform.go:58.43,60.3 1 0
github.com/openshift/oc-mirror/v2/internal/pkg/api/v2alpha1/type_platform.go:61.2,61.12 1 0
github.com/openshift/oc-mirror/v2/internal/pkg/additional/local_stored_collector.go:25.61,26.21 1 0
github.com/openshift/oc-mirror/v2/internal/pkg/additional/local_stored_collector.go:26.21,27.81 1 0
github.com/openshift/oc-mirror/v2/internal/pkg/additional/local_stored_collector.go:27.81,29.4 1 0
github.com/openshift/oc-mirror/v2/internal/pkg/additional/local_stored_collector.go:29.9,31.4 1 0
github.com/openshift/oc-mirror/v2/internal/pkg/additional/local_stored_collector.go:33.2,33.18 1 0
github.com/openshift/oc-mirror/v2/internal/pkg/additional/local_stored_collector.go:39.115,45.58 3 0
github.com/openshift/oc-mirror/v2/internal/pkg/additional/local_stored_collector.go:45.58,46.82 1 0
github.com/openshift/oc-mirror/v2/internal/pkg/additional/local_stored_collector.go:46.82,48.18 2 0
github.com/openshift/oc-mirror/v2/internal/pkg/additional/local_stored_collector.go:48.18,51.13 2 0
github.com/openshift/oc-mirror/v2/internal/pkg/additional/local_stored_collector.go:54.4,58.37 4 0
github.com/openshift/oc-mirror/v2/internal/pkg/additional/local_stored_collector.go:58.37,60.5 1 0
github.com/openshift/oc-mirror/v2/internal/pkg/additional/local_stored_collector.go:60.10,62.5 1 0
github.com/openshift/oc-mirror/v2/internal/pkg/additional/local_stored_collector.go:64.4,69.39 3 0
github.com/openshift/oc-mirror/v2/internal/pkg/additional/local_stored_collector.go:69.39,71.5 1 0
github.com/openshift/oc-mirror/v2/internal/pkg/additional/local_stored_collector.go:71.10,73.5 1 0
github.com/openshift/oc-mirror/v2/internal/pkg/additional/local_stored_collector.go:77.2,77.29 1 0
github.com/openshift/oc-mirror/v2/internal/pkg/additional/local_stored_collector.go:77.29,78.82 1 0
github.com/openshift/oc-mirror/v2/internal/pkg/additional/local_stored_collector.go:78.82,82.49 3 0
github.com/openshift/oc-mirror/v2/internal/pkg/additional/local_stored_collector.go:82.49,84.19 2 0
github.com/openshift/oc-mirror/v2/internal/pkg/additional/local_stored_collector.go:84.19,87.6 2 0
github.com/openshift/oc-mirror/v2/internal/pkg/additional/local_stored_collector.go:89.5,89.38 1 0
github.com/openshift/oc-mirror/v2/internal/pkg/additional/local_stored_collector.go:89.38,92.6 2 0
github.com/openshift/oc-mirror/v2/internal/pkg/additional/local_stored_collector.go:92.11,95.6 2 0
github.com/openshift/oc-mirror/v2/internal/pkg/additional/local_stored_collector.go:97.10,101.5 3 0
github.com/openshift/oc-mirror/v2/internal/pkg/additional/local_stored_collector.go:103.4,103.31 1 0
github.com/openshift/oc-mirror/v2/internal/pkg/additional/local_stored_collector.go:103.31,106.5 2 0
github.com/openshift/oc-mirror/v2/internal/pkg/additional/local_stored_collector.go:108.4,110.137 3 0
github.com/openshift/oc-mirror/v2/internal/pkg/additional/local_stored_collector.go:113.2,113.23 1 0
github.com/openshift/oc-mirror/v2/internal/pkg/additional/new.go:15.22,17.2 1 0
github.com/openshift/oc-mirror/v2/internal/pkg/batch/concurrent_worker.go:28.18,33.2 2 0
github.com/openshift/oc-mirror/v2/internal/pkg/batch/concurrent_worker.go:52.156,59.46 5 0
github.com/openshift/oc-mirror/v2/internal/pkg/batch/concurrent_worker.go:59.46,61.3 1 0
github.com/openshift/oc-mirror/v2/internal/pkg/batch/concurrent_worker.go:61.8,61.55 1 0
github.com/openshift/oc-mirror/v2/internal/pkg/batch/concurrent_worker.go:61.55,63.3 1 0
github.com/openshift/oc-mirror/v2/internal/pkg/batch/concurrent_worker.go:65.2,75.41 7 0
github.com/openshift/oc-mirror/v2/internal/pkg/batch/concurrent_worker.go:75.41,79.46 3 0
github.com/openshift/oc-mirror/v2/internal/pkg/batch/concurrent_worker.go:79.46,97.23 4 0
github.com/openshift/oc-mirror/v2/internal/pkg/batch/concurrent_worker.go:97.23,101.13 4 0
github.com/openshift/oc-mirror/v2/internal/pkg/batch/concurrent_worker.go:101.13,104.23 2 0
github.com/openshift/oc-mirror/v2/internal/pkg/batch/concurrent_worker.go:104.23,106.7 1 0
github.com/openshift/oc-mirror/v2/internal/pkg/batch/concurrent_worker.go:108.6,108.22 1 0
github.com/openshift/oc-mirror/v2/internal/pkg/batch/concurrent_worker.go:109.39,110.27 1 0
github.com/openshift/oc-mirror/v2/internal/pkg/batch/concurrent_worker.go:111.40,114.26 3 0
github.com/openshift/oc-mirror/v2/internal/pkg/batch/concurrent_worker.go:117.6,118.16 2 0
github.com/openshift/oc-mirror/v2/internal/pkg/batch/concurrent_worker.go:121.5,123.12 3 0
github.com/openshift/oc-mirror/v2/internal/pkg/batch/concurrent_worker.go:124.21,128.22 3 0
github.com/openshift/oc-mirror/v2/internal/pkg/batch/concurrent_worker.go:129.97,130.42 1 0
github.com/openshift/oc-mirror/v2/internal/pkg/batch/concurrent_worker.go:131.32,132.45 1 0
github.com/openshift/oc-mirror/v2/internal/pkg/batch/concurrent_worker.go:133.104,134.43 1 0
github.com/openshift/oc-mirror/v2/internal/pkg/batch/concurrent_worker.go:136.32,140.26 4 0
github.com/openshift/oc-mirror/v2/internal/pkg/batch/concurrent_worker.go:141.39,143.26 2 0
github.com/openshift/oc-mirror/v2/internal/pkg/batch/concurrent_worker.go:144.31,150.47 5 0
github.com/openshift/oc-mirror/v2/internal/pkg/batch/concurrent_worker.go:152.5,153.15 2 0
github.com/openshift/oc-mirror/v2/internal/pkg/batch/concurrent_worker.go:157.3,157.35 1 0
github.com/openshift/oc-mirror/v2/internal/pkg/batch/concurrent_worker.go:157.35,159.4 1 0
github.com/openshift/oc-mirror/v2/internal/pkg/batch/concurrent_worker.go:160.3,161.34 2 0
github.com/openshift/oc-mirror/v2/internal/pkg/batch/concurrent_worker.go:161.34,162.25 1 0
github.com/openshift/oc-mirror/v2/internal/pkg/batch/concurrent_worker.go:162.25,164.5 1 0
github.com/openshift/oc-mirror/v2/internal/pkg/batch/concurrent_worker.go:164.10,166.5 1 0
github.com/openshift/oc-mirror/v2/internal/pkg/batch/concurrent_worker.go:170.2,170.46 1 0
github.com/openshift/oc-mirror/v2/internal/pkg/batch/concurrent_worker.go:170.46,172.46 2 0
github.com/openshift/oc-mirror/v2/internal/pkg/batch/concurrent_worker.go:172.46,173.79 1 0
github.com/openshift/oc-mirror/v2/internal/pkg/batch/concurrent_worker.go:173.79,175.5 1 0
github.com/openshift/oc-mirror/v2/internal/pkg/batch/concurrent_worker.go:175.10,177.5 1 0
github.com/openshift/oc-mirror/v2/internal/pkg/batch/concurrent_worker.go:179.3,179.47 1 0
github.com/openshift/oc-mirror/v2/internal/pkg/batch/concurrent_worker.go:179.47,180.81 1 0
github.com/openshift/oc-mirror/v2/internal/pkg/batch/concurrent_worker.go:180.81,182.5 1 0
github.com/openshift/oc-mirror/v2/internal/pkg/batch/concurrent_worker.go:182.10,184.5 1 0
github.com/openshift/oc-mirror/v2/internal/pkg/batch/concurrent_worker.go:186.3,186.49 1 0
github.com/openshift/oc-mirror/v2/internal/pkg/batch/concurrent_worker.go:186.49,187.85 1 0
github.com/openshift/oc-mirror/v2/internal/pkg/batch/concurrent_worker.go:187.85,189.5 1 0
github.com/openshift/oc-mirror/v2/internal/pkg/batch/concurrent_worker.go:189.10,191.5 1 0
github.com/openshift/oc-mirror/v2/internal/pkg/batch/concurrent_worker.go:193.8,197.61 4 0
github.com/openshift/oc-mirror/v2/internal/pkg/batch/concurrent_worker.go:197.61,199.4 1 0
github.com/openshift/oc-mirror/v2/internal/pkg/batch/concurrent_worker.go:199.9,201.4 1 0
github.com/openshift/oc-mirror/v2/internal/pkg/batch/concurrent_worker.go:203.2,203.23 1 0
github.com/openshift/oc-mirror/v2/internal/pkg/batch/concurrent_worker.go:203.23,205.17 2 0
github.com/openshift/oc-mirror/v2/internal/pkg/batch/concurrent_worker.go:205.17,207.4 1 0
github.com/openshift/oc-mirror/v2/internal/pkg/batch/concurrent_worker.go:207.9,215.4 2 0
github.com/openshift/oc-mirror/v2/internal/pkg/batch/concurrent_worker.go:217.2,220.29 4 0
github.com/openshift/oc-mirror/v2/internal/pkg/batch/concurrent_worker.go:228.92,230.20 2 0
github.com/openshift/oc-mirror/v2/internal/pkg/batch/concurrent_worker.go:230.20,232.3 1 0
github.com/openshift/oc-mirror/v2/internal/pkg/batch/concurrent_worker.go:233.2,233.31 1 0
github.com/openshift/oc-mirror/v2/internal/pkg/batch/concurrent_worker.go:233.31,239.3 1 0
github.com/openshift/oc-mirror/v2/internal/pkg/batch/concurrent_worker.go:239.8,241.60 2 0
github.com/openshift/oc-mirror/v2/internal/pkg/batch/concurrent_worker.go:241.60,244.38 3 0
github.com/openshift/oc-mirror/v2/internal/pkg/batch/concurrent_worker.go:244.38,246.5 1 0
github.com/openshift/oc-mirror/v2/internal/pkg/batch/concurrent_worker.go:246.10,248.5 1 0
github.com/openshift/oc-mirror/v2/internal/pkg/batch/concurrent_worker.go:249.4,252.36 2 0
github.com/openshift/oc-mirror/v2/internal/pkg/batch/concurrent_worker.go:254.3,254.17 1 0
github.com/openshift/oc-mirror/v2/internal/pkg/batch/concurrent_worker.go:258.64,260.2 1 0
github.com/openshift/oc-mirror/v2/internal/pkg/batch/concurrent_worker.go:262.39,263.51 1 0
github.com/openshift/oc-mirror/v2/internal/pkg/batch/concurrent_worker.go:263.51,265.3 1 0
github.com/openshift/oc-mirror/v2/internal/pkg/batch/concurrent_worker.go:268.44,269.72 1 0
github.com/openshift/oc-mirror/v2/internal/pkg/batch/concurrent_worker.go:269.72,270.73 1 0
github.com/openshift/oc-mirror/v2/internal/pkg/batch/concurrent_worker.go:270.73,271.18 1 0
github.com/openshift/oc-mirror/v2/internal/pkg/batch/concurrent_worker.go:271.18,274.5 2 0
github.com/openshift/oc-mirror/v2/internal/pkg/batch/concurrent_worker.go:275.4,275.27 1 0
github.com/openshift/oc-mirror/v2/internal/pkg/batch/concurrent_worker.go:282.109,291.143 2 0
github.com/openshift/oc-mirror/v2/internal/pkg/batch/concurrent_worker.go:291.143,293.3 1 0
github.com/openshift/oc-mirror/v2/internal/pkg/batch/concurrent_worker.go:295.2,295.45 1 0
github.com/openshift/oc-mirror/v2/internal/pkg/batch/concurrent_worker.go:295.45,296.32 1 0
github.com/openshift/oc-mirror/v2/internal/pkg/batch/concurrent_worker.go:296.32,298.44 2 0
github.com/openshift/oc-mirror/v2/internal/pkg/batch/concurrent_worker.go:298.44,300.5 1 0
github.com/openshift/oc-mirror/v2/internal/pkg/batch/concurrent_worker.go:302.4,302.58 1 0
github.com/openshift/oc-mirror/v2/internal/pkg/batch/concurrent_worker.go:302.58,304.5 1 0
github.com/openshift/oc-mirror/v2/internal/pkg/batch/concurrent_worker.go:308.2,308.19 1 0
github.com/openshift/oc-mirror/v2/internal/pkg/batch/concurrent_worker.go:311.117,312.23 1 0
github.com/openshift/oc-mirror/v2/internal/pkg/batch/concurrent_worker.go:312.23,316.17 4 0
github.com/openshift/oc-mirror/v2/internal/pkg/batch/concurrent_worker.go:316.17,319.4 2 0
github.com/openshift/oc-mirror/v2/internal/pkg/batch/concurrent_worker.go:320.3,322.32 2 0
github.com/openshift/oc-mirror/v2/internal/pkg/batch/concurrent_worker.go:322.32,326.4 3 0
github.com/openshift/oc-mirror/v2/internal/pkg/batch/concurrent_worker.go:327.3,327.23 1 0
github.com/openshift/oc-mirror/v2/internal/pkg/batch/concurrent_worker.go:329.2,329.16 1 0
github.com/openshift/oc-mirror/v2/internal/pkg/batch/concurrent_worker.go:332.51,333.52 1 0
github.com/openshift/oc-mirror/v2/internal/pkg/batch/concurrent_worker.go:333.52,335.3 1 0
github.com/openshift/oc-mirror/v2/internal/pkg/batch/concurrent_worker.go:337.2,337.93 1 0
github.com/openshift/oc-mirror/v2/internal/pkg/batch/concurrent_worker.go:340.41,343.2 2 0
github.com/openshift/oc-mirror/v2/internal/pkg/batch/error.go:16.50,18.2 1 0
github.com/openshift/oc-mirror/v2/internal/pkg/batch/error.go:20.50,22.2 1 0
github.com/openshift/oc-mirror/v2/internal/pkg/batch/error.go:24.35,24.55 1 0
github.com/openshift/oc-mirror/v2/internal/pkg/batch/error.go:26.37,26.71 1 0
github.com/openshift/oc-mirror/v2/internal/pkg/batch/worker.go:17.18,22.2 2 0
github.com/openshift/oc-mirror/v2/internal/pkg/batch/worker.go:33.146,37.46 3 0
github.com/openshift/oc-mirror/v2/internal/pkg/batch/worker.go:37.46,39.3 1 0
github.com/openshift/oc-mirror/v2/internal/pkg/batch/worker.go:39.8,39.55 1 0
github.com/openshift/oc-mirror/v2/internal/pkg/batch/worker.go:39.55,41.3 1 0
github.com/openshift/oc-mirror/v2/internal/pkg/batch/worker.go:43.2,49.48 4 0
github.com/openshift/oc-mirror/v2/internal/pkg/batch/worker.go:49.48,51.123 1 0
github.com/openshift/oc-mirror/v2/internal/pkg/batch/worker.go:51.123,55.12 4 0
github.com/openshift/oc-mirror/v2/internal/pkg/batch/worker.go:58.3,59.10 2 0
github.com/openshift/oc-mirror/v2/internal/pkg/batch/worker.go:60.19,62.20 2 0
github.com/openshift/oc-mirror/v2/internal/pkg/batch/worker.go:63.95,64.40 1 0
github.com/openshift/oc-mirror/v2/internal/pkg/batch/worker.go:65.30,66.43 1 0
github.com/openshift/oc-mirror/v2/internal/pkg/batch/worker.go:67.102,68.41 1 0
github.com/openshift/oc-mirror/v2/internal/pkg/batch/worker.go:70.90,72.72 1 0
github.com/openshift/oc-mirror/v2/internal/pkg/batch/worker.go:74.11,79.24 4 0
github.com/openshift/oc-mirror/v2/internal/pkg/batch/worker.go:79.24,81.5 1 0
github.com/openshift/oc-mirror/v2/internal/pkg/batch/worker.go:82.4,82.61 1 0
github.com/openshift/oc-mirror/v2/internal/pkg/batch/worker.go:85.3,85.43 1 0
github.com/openshift/oc-mirror/v2/internal/pkg/batch/worker.go:89.2,89.46 1 0
github.com/openshift/oc-mirror/v2/internal/pkg/batch/worker.go:89.46,91.46 2 0
github.com/openshift/oc-mirror/v2/internal/pkg/batch/worker.go:91.46,92.123 1 0
github.com/openshift/oc-mirror/v2/internal/pkg/batch/worker.go:92.123,94.5 1 0
github.com/openshift/oc-mirror/v2/internal/pkg/batch/worker.go:94.10,96.5 1 0
github.com/openshift/oc-mirror/v2/internal/pkg/batch/worker.go:98.3,98.47 1 0
github.com/openshift/oc-mirror/v2/internal/pkg/batch/worker.go:98.47,99.128 1 0
github.com/openshift/oc-mirror/v2/internal/pkg/batch/worker.go:99.128,101.5 1 0
github.com/openshift/oc-mirror/v2/internal/pkg/batch/worker.go:101.10,103.5 1 0
github.com/openshift/oc-mirror/v2/internal/pkg/batch/worker.go:105.3,105.49 1 0
github.com/openshift/oc-mirror/v2/internal/pkg/batch/worker.go:105.49,106.132 1 0
github.com/openshift/oc-mirror/v2/internal/pkg/batch/worker.go:106.132,108.5 1 0
github.com/openshift/oc-mirror/v2/internal/pkg/batch/worker.go:108.10,110.5 1 0
github.com/openshift/oc-mirror/v2/internal/pkg/batch/worker.go:112.8,114.108 2 0
github.com/openshift/oc-mirror/v2/internal/pkg/batch/worker.go:114.108,116.4 1 0
github.com/openshift/oc-mirror/v2/internal/pkg/batch/worker.go:116.9,118.4 1 0
github.com/openshift/oc-mirror/v2/internal/pkg/batch/worker.go:121.2,121.23 1 0
github.com/openshift/oc-mirror/v2/internal/pkg/batch/worker.go:121.23,123.17 2 0
github.com/openshift/oc-mirror/v2/internal/pkg/batch/worker.go:123.17,125.4 1 0
github.com/openshift/oc-mirror/v2/internal/pkg/batch/worker.go:125.9,133.4 2 0
github.com/openshift/oc-mirror/v2/internal/pkg/batch/worker.go:136.2,139.28 4 0
github.com/openshift/oc-mirror/v2/internal/pkg/batch/worker.go:142.111,143.18 1 0
github.com/openshift/oc-mirror/v2/internal/pkg/batch/worker.go:144.93,145.34 1 0
github.com/openshift/oc-mirror/v2/internal/pkg/batch/worker.go:146.100,147.36 1 0
github.com/openshift/oc-mirror/v2/internal/pkg/batch/worker.go:148.28,149.37 1 0
github.com/openshift/oc-mirror/v2/internal/pkg/batch/worker.go:152.2,153.103 2 0
github.com/openshift/oc-mirror/v2/internal/pkg/batch/worker.go:153.103,155.3 1 0
github.com/openshift/oc-mirror/v2/internal/pkg/batch/worker.go:155.8,155.23 1 0
github.com/openshift/oc-mirror/v2/internal/pkg/batch/worker.go:155.23,157.19 2 0
github.com/openshift/oc-mirror/v2/internal/pkg/batch/worker.go:158.94,159.45 1 0
github.com/openshift/oc-mirror/v2/internal/pkg/batch/worker.go:160.101,161.47 1 0
github.com/openshift/oc-mirror/v2/internal/pkg/batch/worker.go:162.29,163.48 1 0
github.com/openshift/oc-mirror/v2/internal/pkg/batch/worker.go:167.2,168.36 2 0
github.com/openshift/oc-mirror/v2/internal/pkg/batch/worker.go:168.36,170.3 1 0
github.com/openshift/oc-mirror/v2/internal/pkg/batch/worker.go:170.8,172.3 1 0
github.com/openshift/oc-mirror/v2/internal/pkg/batch/worker.go:173.2,175.44 2 0
github.com/openshift/oc-mirror/v2/internal/pkg/batch/worker.go:175.44,176.50 1 0
github.com/openshift/oc-mirror/v2/internal/pkg/batch/worker.go:176.50,178.4 1 0
github.com/openshift/oc-mirror/v2/internal/pkg/batch/worker.go:178.9,180.4 1 0
github.com/openshift/oc-mirror/v2/internal/pkg/batch/worker.go:182.2,182.45 1 0
github.com/openshift/oc-mirror/v2/internal/pkg/batch/worker.go:182.45,183.52 1 0
github.com/openshift/oc-mirror/v2/internal/pkg/batch/worker.go:183.52,185.4 1 0
github.com/openshift/oc-mirror/v2/internal/pkg/batch/worker.go:185.9,187.4 1 0
github.com/openshift/oc-mirror/v2/internal/pkg/batch/worker.go:189.2,189.47 1 0
github.com/openshift/oc-mirror/v2/internal/pkg/batch/worker.go:189.47,190.53 1 0
github.com/openshift/oc-mirror/v2/internal/pkg/batch/worker.go:190.53,192.4 1 0
github.com/openshift/oc-mirror/v2/internal/pkg/batch/worker.go:192.9,194.4 1 0
github.com/openshift/oc-mirror/v2/internal/pkg/batch/worker.go:196.2,198.54 2 0
github.com/openshift/oc-mirror/v2/internal/pkg/archive/adder_common.go:10.97,12.16 2 0
github.com/openshift/oc-mirror/v2/internal/pkg/archive/adder_common.go:12.16,14.3 1 0
github.com/openshift/oc-mirror/v2/internal/pkg/archive/adder_common.go:15.2,17.54 2 0
github.com/openshift/oc-mirror/v2/internal/pkg/archive/adder_common.go:17.54,19.3 1 0
github.com/openshift/oc-mirror/v2/internal/pkg/archive/adder_common.go:21.2,22.16 2 0
github.com/openshift/oc-mirror/v2/internal/pkg/archive/adder_common.go:22.16,24.3 1 0
github.com/openshift/oc-mirror/v2/internal/pkg/archive/adder_common.go:25.2,28.52 2 0
github.com/openshift/oc-mirror/v2/internal/pkg/archive/adder_common.go:28.52,30.3 1 0
github.com/openshift/oc-mirror/v2/internal/pkg/archive/adder_common.go:31.2,31.12 1 0
github.com/openshift/oc-mirror/v2/internal/pkg/archive/archive.go:32.175,35.16 2 0
github.com/openshift/oc-mirror/v2/internal/pkg/archive/archive.go:35.16,37.3 1 0
github.com/openshift/oc-mirror/v2/internal/pkg/archive/archive.go:39.2,40.16 2 0
github.com/openshift/oc-mirror/v2/internal/pkg/archive/archive.go:40.16,42.3 1 0
github.com/openshift/oc-mirror/v2/internal/pkg/archive/archive.go:44.2,46.18 2 0
github.com/openshift/oc-mirror/v2/internal/pkg/archive/archive.go:46.18,48.3 1 0
github.com/openshift/oc-mirror/v2/internal/pkg/archive/archive.go:49.2,52.16 3 0
github.com/openshift/oc-mirror/v2/internal/pkg/archive/archive.go:52.16,54.3 1 0
github.com/openshift/oc-mirror/v2/internal/pkg/archive/archive.go:55.2,64.17 2 0
github.com/openshift/oc-mirror/v2/internal/pkg/archive/archive.go:70.185,74.16 2 0
github.com/openshift/oc-mirror/v2/internal/pkg/archive/archive.go:74.16,76.3 1 0
github.com/openshift/oc-mirror/v2/internal/pkg/archive/archive.go:78.2,80.18 2 0
github.com/openshift/oc-mirror/v2/internal/pkg/archive/archive.go:80.18,82.3 1 0
github.com/openshift/oc-mirror/v2/internal/pkg/archive/archive.go:83.2,86.16 3 0
github.com/openshift/oc-mirror/v2/internal/pkg/archive/archive.go:86.16,88.3 1 0
github.com/openshift/oc-mirror/v2/internal/pkg/archive/archive.go:90.2,100.17 2 0
github.com/openshift/oc-mirror/v2/internal/pkg/archive/archive.go:108.109,114.16 4 0
github.com/openshift/oc-mirror/v2/internal/pkg/archive/archive.go:114.16,116.3 1 0
github.com/openshift/oc-mirror/v2/internal/pkg/archive/archive.go:118.2,119.16 2 0
github.com/openshift/oc-mirror/v2/internal/pkg/archive/archive.go:119.16,121.3 1 0
github.com/openshift/oc-mirror/v2/internal/pkg/archive/archive.go:123.2,125.16 3 0
github.com/openshift/oc-mirror/v2/internal/pkg/archive/archive.go:125.16,127.3 1 0
github.com/openshift/oc-mirror/v2/internal/pkg/archive/archive.go:129.2,130.65 2 0
github.com/openshift/oc-mirror/v2/internal/pkg/archive/archive.go:130.65,132.3 1 0
github.com/openshift/oc-mirror/v2/internal/pkg/archive/archive.go:135.2,136.16 2 0
github.com/openshift/oc-mirror/v2/internal/pkg/archive/archive.go:136.16,138.3 1 0
github.com/openshift/oc-mirror/v2/internal/pkg/archive/archive.go:140.2,141.16 2 0
github.com/openshift/oc-mirror/v2/internal/pkg/archive/archive.go:141.16,143.3 1 0
github.com/openshift/oc-mirror/v2/internal/pkg/archive/archive.go:145.2,145.12 1 0
github.com/openshift/oc-mirror/v2/internal/pkg/archive/archive.go:148.180,150.38 2 0
github.com/openshift/oc-mirror/v2/internal/pkg/archive/archive.go:150.38,152.17 2 0
github.com/openshift/oc-mirror/v2/internal/pkg/archive/archive.go:152.17,154.4 1 0
github.com/openshift/oc-mirror/v2/internal/pkg/archive/archive.go:156.3,157.17 2 0
github.com/openshift/oc-mirror/v2/internal/pkg/archive/archive.go:157.17,159.4 1 0
github.com/openshift/oc-mirror/v2/internal/pkg/archive/archive.go:161.3,161.39 1 0
github.com/openshift/oc-mirror/v2/internal/pkg/archive/archive.go:161.39,163.4 1 0
github.com/openshift/oc-mirror/v2/internal/pkg/archive/archive.go:167.2,167.27 1 0
github.com/openshift/oc-mirror/v2/internal/pkg/archive/archive.go:170.150,172.35 2 0
github.com/openshift/oc-mirror/v2/internal/pkg/archive/archive.go:172.35,176.12 4 0
github.com/openshift/oc-mirror/v2/internal/pkg/archive/archive.go:176.12,179.18 2 0
github.com/openshift/oc-mirror/v2/internal/pkg/archive/archive.go:179.18,181.5 1 0
github.com/openshift/oc-mirror/v2/internal/pkg/archive/archive.go:182.4,184.18 3 0
github.com/openshift/oc-mirror/v2/internal/pkg/archive/archive.go:184.18,186.5 1 0
github.com/openshift/oc-mirror/v2/internal/pkg/archive/archive.go:187.4,187.26 1 0
github.com/openshift/oc-mirror/v2/internal/pkg/archive/archive.go:190.2,190.25 1 0
github.com/openshift/oc-mirror/v2/internal/pkg/archive/archive.go:193.51,195.16 2 0
github.com/openshift/oc-mirror/v2/internal/pkg/archive/archive.go:195.16,197.17 2 0
github.com/openshift/oc-mirror/v2/internal/pkg/archive/archive.go:197.17,199.4 1 0
github.com/openshift/oc-mirror/v2/internal/pkg/archive/archive.go:200.3,200.30 1 0
github.com/openshift/oc-mirror/v2/internal/pkg/archive/archive.go:200.30,202.18 2 0
github.com/openshift/oc-mirror/v2/internal/pkg/archive/archive.go:202.18,204.5 1 0
github.com/openshift/oc-mirror/v2/internal/pkg/archive/archive.go:207.2,207.12 1 0
github.com/openshift/oc-mirror/v2/internal/pkg/archive/image-blob-gatherer.go:18.67,22.2 1 0
github.com/openshift/oc-mirror/v2/internal/pkg/archive/image-blob-gatherer.go:23.117,29.79 4 0
github.com/openshift/oc-mirror/v2/internal/pkg/archive/image-blob-gatherer.go:29.79,31.3 1 0
github.com/openshift/oc-mirror/v2/internal/pkg/archive/image-blob-gatherer.go:38.2,39.16 2 0
github.com/openshift/oc-mirror/v2/internal/pkg/archive/image-blob-gatherer.go:39.16,41.3 1 0
github.com/openshift/oc-mirror/v2/internal/pkg/archive/image-blob-gatherer.go:43.2,44.16 2 0
github.com/openshift/oc-mirror/v2/internal/pkg/archive/image-blob-gatherer.go:44.16,46.3 1 0
github.com/openshift/oc-mirror/v2/internal/pkg/archive/image-blob-gatherer.go:48.2,49.16 2 0
github.com/openshift/oc-mirror/v2/internal/pkg/archive/image-blob-gatherer.go:49.16,51.3 1 0
github.com/openshift/oc-mirror/v2/internal/pkg/archive/image-blob-gatherer.go:53.2,54.16 2 0
github.com/openshift/oc-mirror/v2/internal/pkg/archive/image-blob-gatherer.go:54.16,56.3 1 0
github.com/openshift/oc-mirror/v2/internal/pkg/archive/image-blob-gatherer.go:58.2,59.16 2 0
github.com/openshift/oc-mirror/v2/internal/pkg/archive/image-blob-gatherer.go:59.16,61.3 1 0
github.com/openshift/oc-mirror/v2/internal/pkg/archive/image-blob-gatherer.go:62.2,64.41 2 0
github.com/openshift/oc-mirror/v2/internal/pkg/archive/image-blob-gatherer.go:64.41,66.17 2 0
github.com/openshift/oc-mirror/v2/internal/pkg/archive/image-blob-gatherer.go:66.17,68.4 1 0
github.com/openshift/oc-mirror/v2/internal/pkg/archive/image-blob-gatherer.go:69.3,70.36 2 0
github.com/openshift/oc-mirror/v2/internal/pkg/archive/image-blob-gatherer.go:70.36,73.18 3 0
github.com/openshift/oc-mirror/v2/internal/pkg/archive/image-blob-gatherer.go:73.18,75.5 1 0
github.com/openshift/oc-mirror/v2/internal/pkg/archive/image-blob-gatherer.go:76.4,77.18 2 0
github.com/openshift/oc-mirror/v2/internal/pkg/archive/image-blob-gatherer.go:77.18,79.5 1 0
github.com/openshift/oc-mirror/v2/internal/pkg/archive/image-blob-gatherer.go:80.4,80.43 1 0
github.com/openshift/oc-mirror/v2/internal/pkg/archive/image-blob-gatherer.go:80.43,82.5 1 0
github.com/openshift/oc-mirror/v2/internal/pkg/archive/image-blob-gatherer.go:83.4,83.18 1 0
github.com/openshift/oc-mirror/v2/internal/pkg/archive/image-blob-gatherer.go:83.18,85.5 1 0
github.com/openshift/oc-mirror/v2/internal/pkg/archive/image-blob-gatherer.go:87.8,90.17 2 0
github.com/openshift/oc-mirror/v2/internal/pkg/archive/image-blob-gatherer.go:90.17,92.4 1 0
github.com/openshift/oc-mirror/v2/internal/pkg/archive/image-blob-gatherer.go:93.3,93.40 1 0
github.com/openshift/oc-mirror/v2/internal/pkg/archive/image-blob-gatherer.go:93.40,95.4 1 0
github.com/openshift/oc-mirror/v2/internal/pkg/archive/image-blob-gatherer.go:97.2,97.19 1 0
github.com/openshift/oc-mirror/v2/internal/pkg/archive/image-blob-gatherer.go:100.105,103.16 3 0
github.com/openshift/oc-mirror/v2/internal/pkg/archive/image-blob-gatherer.go:103.16,105.3 1 0
github.com/openshift/oc-mirror/v2/internal/pkg/archive/image-blob-gatherer.go:106.2,106.56 1 0
github.com/openshift/oc-mirror/v2/internal/pkg/archive/image-blob-gatherer.go:106.56,108.3 1 0
github.com/openshift/oc-mirror/v2/internal/pkg/archive/image-blob-gatherer.go:109.2,110.19 2 0
github.com/openshift/oc-mirror/v2/internal/pkg/archive/permissive_adder.go:29.124,33.16 4 0
github.com/openshift/oc-mirror/v2/internal/pkg/archive/permissive_adder.go:33.16,35.3 1 0
github.com/openshift/oc-mirror/v2/internal/pkg/archive/permissive_adder.go:36.2,40.16 3 0
github.com/openshift/oc-mirror/v2/internal/pkg/archive/permissive_adder.go:40.16,42.3 1 0
github.com/openshift/oc-mirror/v2/internal/pkg/archive/permissive_adder.go:45.2,46.18 2 0
github.com/openshift/oc-mirror/v2/internal/pkg/archive/permissive_adder.go:46.18,48.3 1 0
github.com/openshift/oc-mirror/v2/internal/pkg/archive/permissive_adder.go:49.2,59.16 2 0
github.com/openshift/oc-mirror/v2/internal/pkg/archive/permissive_adder.go:62.41,65.31 1 0
github.com/openshift/oc-mirror/v2/internal/pkg/archive/permissive_adder.go:65.31,68.38 3 0
github.com/openshift/oc-mirror/v2/internal/pkg/archive/permissive_adder.go:68.38,70.27 2 0
github.com/openshift/oc-mirror/v2/internal/pkg/archive/permissive_adder.go:70.27,72.5 1 0
github.com/openshift/oc-mirror/v2/internal/pkg/archive/permissive_adder.go:74.3,75.88 2 0
github.com/openshift/oc-mirror/v2/internal/pkg/archive/permissive_adder.go:77.2,78.16 2 0
github.com/openshift/oc-mirror/v2/internal/pkg/archive/permissive_adder.go:78.16,80.3 1 0
github.com/openshift/oc-mirror/v2/internal/pkg/archive/permissive_adder.go:81.2,82.16 2 0
github.com/openshift/oc-mirror/v2/internal/pkg/archive/permissive_adder.go:82.16,84.3 1 0
github.com/openshift/oc-mirror/v2/internal/pkg/archive/permissive_adder.go:85.2,85.30 1 0
github.com/openshift/oc-mirror/v2/internal/pkg/archive/permissive_adder.go:95.78,97.16 2 0
github.com/openshift/oc-mirror/v2/internal/pkg/archive/permissive_adder.go:97.16,99.3 1 0
github.com/openshift/oc-mirror/v2/internal/pkg/archive/permissive_adder.go:103.2,103.34 1 0
github.com/openshift/oc-mirror/v2/internal/pkg/archive/permissive_adder.go:103.34,108.3 3 0
github.com/openshift/oc-mirror/v2/internal/pkg/archive/permissive_adder.go:110.2,110.55 1 0
github.com/openshift/oc-mirror/v2/internal/pkg/archive/permissive_adder.go:110.55,112.17 2 0
github.com/openshift/oc-mirror/v2/internal/pkg/archive/permissive_adder.go:112.17,114.4 1 0
github.com/openshift/oc-mirror/v2/internal/pkg/archive/permissive_adder.go:116.2,117.16 2 0
github.com/openshift/oc-mirror/v2/internal/pkg/archive/permissive_adder.go:117.16,119.3 1 0
github.com/openshift/oc-mirror/v2/internal/pkg/archive/permissive_adder.go:121.2,122.12 2 0
github.com/openshift/oc-mirror/v2/internal/pkg/archive/permissive_adder.go:131.85,132.99 1 0
github.com/openshift/oc-mirror/v2/internal/pkg/archive/permissive_adder.go:132.99,133.27 1 0
github.com/openshift/oc-mirror/v2/internal/pkg/archive/permissive_adder.go:133.27,135.4 1 0
github.com/openshift/oc-mirror/v2/internal/pkg/archive/permissive_adder.go:136.3,136.19 1 0
github.com/openshift/oc-mirror/v2/internal/pkg/archive/permissive_adder.go:136.19,138.4 1 0
github.com/openshift/oc-mirror/v2/internal/pkg/archive/permissive_adder.go:141.3,141.37 1 0
github.com/openshift/oc-mirror/v2/internal/pkg/archive/permissive_adder.go:141.37,145.18 4 0
github.com/openshift/oc-mirror/v2/internal/pkg/archive/permissive_adder.go:145.18,147.5 1 0
github.com/openshift/oc-mirror/v2/internal/pkg/archive/permissive_adder.go:148.4,148.58 1 0
github.com/openshift/oc-mirror/v2/internal/pkg/archive/permissive_adder.go:152.3,152.58 1 0
github.com/openshift/oc-mirror/v2/internal/pkg/archive/permissive_adder.go:152.58,154.18 2 0
github.com/openshift/oc-mirror/v2/internal/pkg/archive/permissive_adder.go:154.18,156.5 1 0
github.com/openshift/oc-mirror/v2/internal/pkg/archive/permissive_adder.go:163.3,164.17 2 0
github.com/openshift/oc-mirror/v2/internal/pkg/archive/permissive_adder.go:164.17,166.4 1 0
github.com/openshift/oc-mirror/v2/internal/pkg/archive/permissive_adder.go:168.3,169.17 2 0
github.com/openshift/oc-mirror/v2/internal/pkg/archive/permissive_adder.go:169.17,171.4 1 0
github.com/openshift/oc-mirror/v2/internal/pkg/archive/permissive_adder.go:173.3,174.13 2 0
github.com/openshift/oc-mirror/v2/internal/pkg/archive/permissive_adder.go:182.45,185.16 2 0
github.com/openshift/oc-mirror/v2/internal/pkg/archive/permissive_adder.go:185.16,187.3 1 0
github.com/openshift/oc-mirror/v2/internal/pkg/archive/permissive_adder.go:188.2,189.16 2 0
github.com/openshift/oc-mirror/v2/internal/pkg/archive/permissive_adder.go:189.16,191.3 1 0
github.com/openshift/oc-mirror/v2/internal/pkg/archive/permissive_adder.go:194.2,203.16 6 0
github.com/openshift/oc-mirror/v2/internal/pkg/archive/permissive_adder.go:203.16,205.3 1 0
github.com/openshift/oc-mirror/v2/internal/pkg/archive/permissive_adder.go:206.2,207.12 2 0
github.com/openshift/oc-mirror/v2/internal/pkg/archive/permissive_adder.go:213.116,221.16 5 0
github.com/openshift/oc-mirror/v2/internal/pkg/archive/permissive_adder.go:221.16,223.3 1 0
github.com/openshift/oc-mirror/v2/internal/pkg/archive/permissive_adder.go:224.2,227.15 2 0
github.com/openshift/oc-mirror/v2/internal/pkg/archive/permissive_adder.go:227.15,231.3 3 0
github.com/openshift/oc-mirror/v2/internal/pkg/archive/permissive_adder.go:234.2,235.16 2 0
github.com/openshift/oc-mirror/v2/internal/pkg/archive/permissive_adder.go:235.16,237.3 1 0
github.com/openshift/oc-mirror/v2/internal/pkg/archive/permissive_adder.go:238.2,240.63 2 0
github.com/openshift/oc-mirror/v2/internal/pkg/archive/permissive_adder.go:240.63,242.3 1 0
github.com/openshift/oc-mirror/v2/internal/pkg/archive/permissive_adder.go:244.2,245.16 2 0
github.com/openshift/oc-mirror/v2/internal/pkg/archive/permissive_adder.go:245.16,247.3 1 0
github.com/openshift/oc-mirror/v2/internal/pkg/archive/permissive_adder.go:248.2,251.61 2 0
github.com/openshift/oc-mirror/v2/internal/pkg/archive/permissive_adder.go:251.61,253.3 1 0
github.com/openshift/oc-mirror/v2/internal/pkg/archive/permissive_adder.go:255.2,255.12 1 0
github.com/openshift/oc-mirror/v2/internal/pkg/archive/strict_adder.go:26.116,30.16 4 0
github.com/openshift/oc-mirror/v2/internal/pkg/archive/strict_adder.go:30.16,32.3 1 0
github.com/openshift/oc-mirror/v2/internal/pkg/archive/strict_adder.go:33.2,37.16 3 0
github.com/openshift/oc-mirror/v2/internal/pkg/archive/strict_adder.go:37.16,39.3 1 0
github.com/openshift/oc-mirror/v2/internal/pkg/archive/strict_adder.go:42.2,43.18 2 0
github.com/openshift/oc-mirror/v2/internal/pkg/archive/strict_adder.go:43.18,45.3 1 0
github.com/openshift/oc-mirror/v2/internal/pkg/archive/strict_adder.go:46.2,55.16 2 0
github.com/openshift/oc-mirror/v2/internal/pkg/archive/strict_adder.go:58.37,60.16 2 0
github.com/openshift/oc-mirror/v2/internal/pkg/archive/strict_adder.go:60.16,62.3 1 0
github.com/openshift/oc-mirror/v2/internal/pkg/archive/strict_adder.go:63.2,64.16 2 0
github.com/openshift/oc-mirror/v2/internal/pkg/archive/strict_adder.go:64.16,66.3 1 0
github.com/openshift/oc-mirror/v2/internal/pkg/archive/strict_adder.go:67.2,67.30 1 0
github.com/openshift/oc-mirror/v2/internal/pkg/archive/strict_adder.go:76.74,78.16 2 0
github.com/openshift/oc-mirror/v2/internal/pkg/archive/strict_adder.go:78.16,80.3 1 0
github.com/openshift/oc-mirror/v2/internal/pkg/archive/strict_adder.go:84.2,84.34 1 0
github.com/openshift/oc-mirror/v2/internal/pkg/archive/strict_adder.go:84.34,86.3 1 0
github.com/openshift/oc-mirror/v2/internal/pkg/archive/strict_adder.go:88.2,88.55 1 0
github.com/openshift/oc-mirror/v2/internal/pkg/archive/strict_adder.go:88.55,90.17 2 0
github.com/openshift/oc-mirror/v2/internal/pkg/archive/strict_adder.go:90.17,92.4 1 0
github.com/openshift/oc-mirror/v2/internal/pkg/archive/strict_adder.go:94.2,95.16 2 0
github.com/openshift/oc-mirror/v2/internal/pkg/archive/strict_adder.go:95.16,97.3 1 0
github.com/openshift/oc-mirror/v2/internal/pkg/archive/strict_adder.go:99.2,100.12 2 0
github.com/openshift/oc-mirror/v2/internal/pkg/archive/strict_adder.go:109.81,110.99 1 0
github.com/openshift/oc-mirror/v2/internal/pkg/archive/strict_adder.go:110.99,111.27 1 0
github.com/openshift/oc-mirror/v2/internal/pkg/archive/strict_adder.go:111.27,113.4 1 0
github.com/openshift/oc-mirror/v2/internal/pkg/archive/strict_adder.go:114.3,114.19 1 0
github.com/openshift/oc-mirror/v2/internal/pkg/archive/strict_adder.go:114.19,116.4 1 0
github.com/openshift/oc-mirror/v2/internal/pkg/archive/strict_adder.go:119.3,119.37 1 0
github.com/openshift/oc-mirror/v2/internal/pkg/archive/strict_adder.go:119.37,121.4 1 0
github.com/openshift/oc-mirror/v2/internal/pkg/archive/strict_adder.go:123.3,123.58 1 0
github.com/openshift/oc-mirror/v2/internal/pkg/archive/strict_adder.go:123.58,125.18 2 0
github.com/openshift/oc-mirror/v2/internal/pkg/archive/strict_adder.go:125.18,127.5 1 0
github.com/openshift/oc-mirror/v2/internal/pkg/archive/strict_adder.go:133.3,134.17 2 0
github.com/openshift/oc-mirror/v2/internal/pkg/archive/strict_adder.go:134.17,136.4 1 0
github.com/openshift/oc-mirror/v2/internal/pkg/archive/strict_adder.go:138.3,139.17 2 0
github.com/openshift/oc-mirror/v2/internal/pkg/archive/strict_adder.go:139.17,141.4 1 0
github.com/openshift/oc-mirror/v2/internal/pkg/archive/strict_adder.go:143.3,144.13 2 0
github.com/openshift/oc-mirror/v2/internal/pkg/archive/strict_adder.go:152.41,155.16 2 0
github.com/openshift/oc-mirror/v2/internal/pkg/archive/strict_adder.go:155.16,157.3 1 0
github.com/openshift/oc-mirror/v2/internal/pkg/archive/strict_adder.go:158.2,159.16 2 0
github.com/openshift/oc-mirror/v2/internal/pkg/archive/strict_adder.go:159.16,161.3 1 0
github.com/openshift/oc-mirror/v2/internal/pkg/archive/strict_adder.go:164.2,173.16 6 0
github.com/openshift/oc-mirror/v2/internal/pkg/archive/strict_adder.go:173.16,175.3 1 0
github.com/openshift/oc-mirror/v2/internal/pkg/archive/strict_adder.go:176.2,177.12 2 0
github.com/openshift/oc-mirror/v2/internal/pkg/archive/unarchive.go:21.94,27.16 3 0
github.com/openshift/oc-mirror/v2/internal/pkg/archive/unarchive.go:27.16,29.3 1 0
github.com/openshift/oc-mirror/v2/internal/pkg/archive/unarchive.go:31.2,32.16 2 0
github.com/openshift/oc-mirror/v2/internal/pkg/archive/unarchive.go:32.16,34.3 1 0
github.com/openshift/oc-mirror/v2/internal/pkg/archive/unarchive.go:35.2,35.30 1 0
github.com/openshift/oc-mirror/v2/internal/pkg/archive/unarchive.go:35.30,37.36 1 0
github.com/openshift/oc-mirror/v2/internal/pkg/archive/unarchive.go:37.36,39.4 1 0
github.com/openshift/oc-mirror/v2/internal/pkg/archive/unarchive.go:41.2,41.16 1 0
github.com/openshift/oc-mirror/v2/internal/pkg/archive/unarchive.go:47.45,48.43 1 0
github.com/openshift/oc-mirror/v2/internal/pkg/archive/unarchive.go:48.43,50.17 2 0
github.com/openshift/oc-mirror/v2/internal/pkg/archive/unarchive.go:50.17,52.4 1 0
github.com/openshift/oc-mirror/v2/internal/pkg/archive/unarchive.go:53.3,57.17 4 0
github.com/openshift/oc-mirror/v2/internal/pkg/archive/unarchive.go:57.17,59.4 1 0
github.com/openshift/oc-mirror/v2/internal/pkg/archive/unarchive.go:61.3,62.17 2 0
github.com/openshift/oc-mirror/v2/internal/pkg/archive/unarchive.go:62.17,64.4 1 0
github.com/openshift/oc-mirror/v2/internal/pkg/archive/unarchive.go:65.3,65.7 1 0
github.com/openshift/oc-mirror/v2/internal/pkg/archive/unarchive.go:65.7,69.30 2 0
github.com/openshift/oc-mirror/v2/internal/pkg/archive/unarchive.go:69.30,70.10 1 0
github.com/openshift/oc-mirror/v2/internal/pkg/archive/unarchive.go:73.4,73.18 1 0
github.com/openshift/oc-mirror/v2/internal/pkg/archive/unarchive.go:73.18,75.5 1 0
github.com/openshift/oc-mirror/v2/internal/pkg/archive/unarchive.go:77.4,77.21 1 0
github.com/openshift/oc-mirror/v2/internal/pkg/archive/unarchive.go:77.21,78.13 1 0
github.com/openshift/oc-mirror/v2/internal/pkg/archive/unarchive.go:90.4,90.38 1 0
github.com/openshift/oc-mirror/v2/internal/pkg/archive/unarchive.go:90.38,93.56 2 0
github.com/openshift/oc-mirror/v2/internal/pkg/archive/unarchive.go:93.56,96.6 2 0
github.com/openshift/oc-mirror/v2/internal/pkg/archive/unarchive.go:96.11,96.62 1 0
github.com/openshift/oc-mirror/v2/internal/pkg/archive/unarchive.go:96.62,99.6 1 0
github.com/openshift/oc-mirror/v2/internal/pkg/archive/unarchive.go:99.11,100.14 1 0
github.com/openshift/oc-mirror/v2/internal/pkg/archive/unarchive.go:103.5,104.63 2 0
github.com/openshift/oc-mirror/v2/internal/pkg/archive/unarchive.go:104.63,106.6 1 0
github.com/openshift/oc-mirror/v2/internal/pkg/archive/unarchive.go:109.5,110.19 2 0
github.com/openshift/oc-mirror/v2/internal/pkg/archive/unarchive.go:110.19,112.6 1 0
github.com/openshift/oc-mirror/v2/internal/pkg/archive/unarchive.go:114.5,114.49 1 0
github.com/openshift/oc-mirror/v2/internal/pkg/archive/unarchive.go:114.49,116.6 1 0
github.com/openshift/oc-mirror/v2/internal/pkg/archive/unarchive.go:120.5,120.14 1 0
github.com/openshift/oc-mirror/v2/internal/pkg/archive/unarchive.go:126.2,126.12 1 0
github.com/openshift/oc-mirror/v2/internal/pkg/image/image.go:51.49,54.37 2 0
github.com/openshift/oc-mirror/v2/internal/pkg/image/image.go:54.37,57.25 3 0
github.com/openshift/oc-mirror/v2/internal/pkg/image/image.go:57.25,61.4 3 0
github.com/openshift/oc-mirror/v2/internal/pkg/image/image.go:62.8,67.3 4 0
github.com/openshift/oc-mirror/v2/internal/pkg/image/image.go:68.2,68.41 1 0
github.com/openshift/oc-mirror/v2/internal/pkg/image/image.go:68.41,70.24 2 0
github.com/openshift/oc-mirror/v2/internal/pkg/image/image.go:70.24,72.18 2 0
github.com/openshift/oc-mirror/v2/internal/pkg/image/image.go:72.18,74.5 1 0
github.com/openshift/oc-mirror/v2/internal/pkg/image/image.go:75.4,77.30 3 0
github.com/openshift/oc-mirror/v2/internal/pkg/image/image.go:79.8,79.48 1 0
github.com/openshift/oc-mirror/v2/internal/pkg/image/image.go:79.48,83.3 3 0
github.com/openshift/oc-mirror/v2/internal/pkg/image/image.go:85.2,85.24 1 0
github.com/openshift/oc-mirror/v2/internal/pkg/image/image.go:85.24,87.3 1 0
github.com/openshift/oc-mirror/v2/internal/pkg/image/image.go:88.2,88.86 1 0
github.com/openshift/oc-mirror/v2/internal/pkg/image/image.go:88.86,90.3 1 0
github.com/openshift/oc-mirror/v2/internal/pkg/image/image.go:92.2,92.41 1 0
github.com/openshift/oc-mirror/v2/internal/pkg/image/image.go:92.41,94.36 2 0
github.com/openshift/oc-mirror/v2/internal/pkg/image/image.go:94.36,97.4 2 0
github.com/openshift/oc-mirror/v2/internal/pkg/image/image.go:97.9,97.43 1 0
github.com/openshift/oc-mirror/v2/internal/pkg/image/image.go:97.43,99.4 1 0
github.com/openshift/oc-mirror/v2/internal/pkg/image/image.go:99.9,101.4 1 0
github.com/openshift/oc-mirror/v2/internal/pkg/image/image.go:102.8,104.3 1 0
github.com/openshift/oc-mirror/v2/internal/pkg/image/image.go:106.2,106.21 1 0
github.com/openshift/oc-mirror/v2/internal/pkg/image/image.go:109.43,111.2 1 0
github.com/openshift/oc-mirror/v2/internal/pkg/image/image.go:113.47,115.2 1 0
github.com/openshift/oc-mirror/v2/internal/pkg/image/image.go:121.49,123.2 1 0
github.com/openshift/oc-mirror/v2/internal/pkg/image/image.go:125.78,126.25 1 0
github.com/openshift/oc-mirror/v2/internal/pkg/image/image.go:126.25,128.3 1 0
github.com/openshift/oc-mirror/v2/internal/pkg/image/image.go:129.2,130.16 2 0
github.com/openshift/oc-mirror/v2/internal/pkg/image/image.go:130.16,132.3 1 0
github.com/openshift/oc-mirror/v2/internal/pkg/image/image.go:133.2,136.38 3 0
github.com/openshift/oc-mirror/v2/internal/pkg/image/image.go:136.38,143.3 3 0
github.com/openshift/oc-mirror/v2/internal/pkg/image/image.go:144.2,144.81 1 0
github.com/openshift/oc-mirror/v2/internal/pkg/image/image.go:147.43,148.44 1 0
github.com/openshift/oc-mirror/v2/internal/pkg/image/image.go:148.44,151.3 2 0
github.com/openshift/oc-mirror/v2/internal/pkg/image/image.go:151.8,153.3 1 0
github.com/openshift/oc-mirror/v2/internal/pkg/history/error.go:11.44,13.2 1 0
github.com/openshift/oc-mirror/v2/internal/pkg/history/error.go:15.69,19.2 1 0
github.com/openshift/oc-mirror/v2/internal/pkg/history/error.go:21.48,24.2 2 0
github.com/openshift/oc-mirror/v2/internal/pkg/history/history.go:25.132,26.17 1 0
github.com/openshift/oc-mirror/v2/internal/pkg/history/history.go:26.17,28.3 1 0
github.com/openshift/oc-mirror/v2/internal/pkg/history/history.go:28.8,30.3 1 0
github.com/openshift/oc-mirror/v2/internal/pkg/history/history.go:31.2,34.16 3 0
github.com/openshift/oc-mirror/v2/internal/pkg/history/history.go:34.16,36.3 1 0
github.com/openshift/oc-mirror/v2/internal/pkg/history/history.go:37.2,41.8 1 0
github.com/openshift/oc-mirror/v2/internal/pkg/history/history.go:44.52,49.42 3 0
github.com/openshift/oc-mirror/v2/internal/pkg/history/history.go:49.42,51.3 1 0
github.com/openshift/oc-mirror/v2/internal/pkg/history/history.go:51.8,51.23 1 0
github.com/openshift/oc-mirror/v2/internal/pkg/history/history.go:51.23,53.3 1 0
github.com/openshift/oc-mirror/v2/internal/pkg/history/history.go:55.2,56.16 2 0
github.com/openshift/oc-mirror/v2/internal/pkg/history/history.go:56.16,58.3 1 0
github.com/openshift/oc-mirror/v2/internal/pkg/history/history.go:59.2,63.21 3 0
github.com/openshift/oc-mirror/v2/internal/pkg/history/history.go:63.21,66.3 2 0
github.com/openshift/oc-mirror/v2/internal/pkg/history/history.go:68.2,68.38 1 0
github.com/openshift/oc-mirror/v2/internal/pkg/history/history.go:68.38,70.3 1 0
github.com/openshift/oc-mirror/v2/internal/pkg/history/history.go:72.2,72.24 1 0
github.com/openshift/oc-mirror/v2/internal/pkg/history/history.go:75.67,78.16 3 0
github.com/openshift/oc-mirror/v2/internal/pkg/history/history.go:78.16,80.3 1 0
github.com/openshift/oc-mirror/v2/internal/pkg/history/history.go:82.2,85.43 3 0
github.com/openshift/oc-mirror/v2/internal/pkg/history/history.go:85.43,86.33 1 0
github.com/openshift/oc-mirror/v2/internal/pkg/history/history.go:86.33,88.18 2 0
github.com/openshift/oc-mirror/v2/internal/pkg/history/history.go:88.18,90.5 1 0
github.com/openshift/oc-mirror/v2/internal/pkg/history/history.go:92.4,92.24 1 0
github.com/openshift/oc-mirror/v2/internal/pkg/history/history.go:92.24,93.62 1 0
github.com/openshift/oc-mirror/v2/internal/pkg/history/history.go:93.62,96.6 2 0
github.com/openshift/oc-mirror/v2/internal/pkg/history/history.go:97.10,98.35 1 0
github.com/openshift/oc-mirror/v2/internal/pkg/history/history.go:98.35,101.6 2 0
github.com/openshift/oc-mirror/v2/internal/pkg/history/history.go:105.2,105.23 1 0
github.com/openshift/oc-mirror/v2/internal/pkg/history/history.go:105.23,107.3 1 0
github.com/openshift/oc-mirror/v2/internal/pkg/history/history.go:107.8,109.3 1 0
github.com/openshift/oc-mirror/v2/internal/pkg/history/history.go:110.2,110.29 1 0
github.com/openshift/oc-mirror/v2/internal/pkg/history/history.go:113.50,115.2 1 0
github.com/openshift/oc-mirror/v2/internal/pkg/history/history.go:117.62,120.16 3 0
github.com/openshift/oc-mirror/v2/internal/pkg/history/history.go:120.16,123.3 2 0
github.com/openshift/oc-mirror/v2/internal/pkg/history/history.go:124.2,124.22 1 0
github.com/openshift/oc-mirror/v2/internal/pkg/history/history.go:127.85,132.57 3 0
github.com/openshift/oc-mirror/v2/internal/pkg/history/history.go:132.57,134.3 1 0
github.com/openshift/oc-mirror/v2/internal/pkg/history/history.go:136.2,136.34 1 0
github.com/openshift/oc-mirror/v2/internal/pkg/history/history.go:136.34,138.3 1 0
github.com/openshift/oc-mirror/v2/internal/pkg/history/history.go:140.2,141.16 2 0
github.com/openshift/oc-mirror/v2/internal/pkg/history/history.go:141.16,143.3 1 0
github.com/openshift/oc-mirror/v2/internal/pkg/history/history.go:144.2,148.33 3 0
github.com/openshift/oc-mirror/v2/internal/pkg/history/history.go:148.33,150.17 2 0
github.com/openshift/oc-mirror/v2/internal/pkg/history/history.go:150.17,153.4 2 0
github.com/openshift/oc-mirror/v2/internal/pkg/history/history.go:156.2,157.16 2 0
github.com/openshift/oc-mirror/v2/internal/pkg/history/history.go:157.16,160.3 2 0
github.com/openshift/oc-mirror/v2/internal/pkg/history/history.go:162.2,162.26 1 0
github.com/openshift/oc-mirror/v2/internal/pkg/history/history.go:166.39,168.2 1 0
github.com/openshift/oc-mirror/v2/internal/pkg/history/history.go:170.70,173.2 2 0
github.com/openshift/oc-mirror/v2/internal/pkg/config/defaults.go:9.52,11.2 1 0
github.com/openshift/oc-mirror/v2/internal/pkg/config/defaults.go:13.72,14.91 1 0
github.com/openshift/oc-mirror/v2/internal/pkg/config/defaults.go:14.91,16.3 1 0
github.com/openshift/oc-mirror/v2/internal/pkg/config/defaults.go:21.64,23.2 1 0
github.com/openshift/oc-mirror/v2/internal/pkg/config/defaults.go:25.84,26.91 1 0
github.com/openshift/oc-mirror/v2/internal/pkg/config/defaults.go:26.91,28.3 1 0
github.com/openshift/oc-mirror/v2/internal/pkg/config/load.go:19.70,23.16 3 0
github.com/openshift/oc-mirror/v2/internal/pkg/config/load.go:23.16,25.3 1 0
github.com/openshift/oc-mirror/v2/internal/pkg/config/load.go:27.2,27.88 1 0
github.com/openshift/oc-mirror/v2/internal/pkg/config/load.go:27.88,29.3 1 0
github.com/openshift/oc-mirror/v2/internal/pkg/config/load.go:31.2,31.82 1 0
github.com/openshift/oc-mirror/v2/internal/pkg/config/load.go:31.82,33.3 1 0
github.com/openshift/oc-mirror/v2/internal/pkg/config/load.go:35.2,36.16 2 0
github.com/openshift/oc-mirror/v2/internal/pkg/config/load.go:36.16,38.3 1 0
github.com/openshift/oc-mirror/v2/internal/pkg/config/load.go:40.2,40.37 1 0
github.com/openshift/oc-mirror/v2/internal/pkg/config/load.go:41.74,42.48 1 0
github.com/openshift/oc-mirror/v2/internal/pkg/config/load.go:42.48,44.4 1 0
github.com/openshift/oc-mirror/v2/internal/pkg/config/load.go:45.3,48.17 4 0
github.com/openshift/oc-mirror/v2/internal/pkg/config/load.go:48.17,50.4 1 0
github.com/openshift/oc-mirror/v2/internal/pkg/config/load.go:51.3,53.17 3 0
github.com/openshift/oc-mirror/v2/internal/pkg/config/load.go:53.17,55.4 1 0
github.com/openshift/oc-mirror/v2/internal/pkg/config/load.go:56.3,56.18 1 0
github.com/openshift/oc-mirror/v2/internal/pkg/config/load.go:57.80,58.48 1 0
github.com/openshift/oc-mirror/v2/internal/pkg/config/load.go:58.48,60.4 1 0
github.com/openshift/oc-mirror/v2/internal/pkg/config/load.go:61.3,64.17 4 0
github.com/openshift/oc-mirror/v2/internal/pkg/config/load.go:64.17,66.4 1 0
github.com/openshift/oc-mirror/v2/internal/pkg/config/load.go:67.3,69.17 3 0
github.com/openshift/oc-mirror/v2/internal/pkg/config/load.go:69.17,71.4 1 0
github.com/openshift/oc-mirror/v2/internal/pkg/config/load.go:72.3,72.18 1 0
github.com/openshift/oc-mirror/v2/internal/pkg/config/load.go:74.10,75.90 1 0
github.com/openshift/oc-mirror/v2/internal/pkg/config/load.go:81.67,83.51 1 0
github.com/openshift/oc-mirror/v2/internal/pkg/config/load.go:83.51,85.3 1 0
github.com/openshift/oc-mirror/v2/internal/pkg/config/load.go:87.2,90.41 4 0
github.com/openshift/oc-mirror/v2/internal/pkg/config/load.go:90.41,92.3 1 0
github.com/openshift/oc-mirror/v2/internal/pkg/config/load.go:93.2,93.17 1 0
github.com/openshift/oc-mirror/v2/internal/pkg/config/load.go:97.88,101.51 2 0
github.com/openshift/oc-mirror/v2/internal/pkg/config/load.go:101.51,103.3 1 0
github.com/openshift/oc-mirror/v2/internal/pkg/config/load.go:105.2,107.39 3 0
github.com/openshift/oc-mirror/v2/internal/pkg/config/load.go:107.39,109.3 1 0
github.com/openshift/oc-mirror/v2/internal/pkg/config/load.go:111.2,113.15 2 0
github.com/openshift/oc-mirror/v2/internal/pkg/config/load.go:116.69,117.56 1 0
github.com/openshift/oc-mirror/v2/internal/pkg/config/load.go:117.56,119.3 1 0
github.com/openshift/oc-mirror/v2/internal/pkg/config/load.go:120.2,120.22 1 0
github.com/openshift/oc-mirror/v2/internal/pkg/config/validate.go:18.58,20.41 2 0
github.com/openshift/oc-mirror/v2/internal/pkg/config/validate.go:20.41,21.36 1 0
github.com/openshift/oc-mirror/v2/internal/pkg/config/validate.go:21.36,23.4 1 0
github.com/openshift/oc-mirror/v2/internal/pkg/config/validate.go:25.2,25.38 1 0
github.com/openshift/oc-mirror/v2/internal/pkg/config/validate.go:28.73,30.44 2 0
github.com/openshift/oc-mirror/v2/internal/pkg/config/validate.go:30.44,32.17 2 0
github.com/openshift/oc-mirror/v2/internal/pkg/config/validate.go:32.17,34.4 1 0
github.com/openshift/oc-mirror/v2/internal/pkg/config/validate.go:35.3,35.21 1 0
github.com/openshift/oc-mirror/v2/internal/pkg/config/validate.go:35.21,39.4 1 0
github.com/openshift/oc-mirror/v2/internal/pkg/config/validate.go:40.3,40.57 1 0
github.com/openshift/oc-mirror/v2/internal/pkg/config/validate.go:40.57,42.4 1 0
github.com/openshift/oc-mirror/v2/internal/pkg/config/validate.go:44.3,44.24 1 0
github.com/openshift/oc-mirror/v2/internal/pkg/config/validate.go:46.2,46.12 1 0
github.com/openshift/oc-mirror/v2/internal/pkg/config/validate.go:48.62,49.28 1 0
github.com/openshift/oc-mirror/v2/internal/pkg/config/validate.go:49.28,50.37 1 0
github.com/openshift/oc-mirror/v2/internal/pkg/config/validate.go:50.37,51.111 1 0
github.com/openshift/oc-mirror/v2/internal/pkg/config/validate.go:51.111,53.5 1 0
github.com/openshift/oc-mirror/v2/internal/pkg/config/validate.go:56.2,56.12 1 0
github.com/openshift/oc-mirror/v2/internal/pkg/config/validate.go:58.73,60.55 2 0
github.com/openshift/oc-mirror/v2/internal/pkg/config/validate.go:60.55,61.25 1 0
github.com/openshift/oc-mirror/v2/internal/pkg/config/validate.go:61.25,65.4 1 0
github.com/openshift/oc-mirror/v2/internal/pkg/config/validate.go:66.3,66.28 1 0
github.com/openshift/oc-mirror/v2/internal/pkg/config/validate.go:68.2,68.12 1 0
github.com/openshift/oc-mirror/v2/internal/pkg/config/validate.go:72.70,74.47 2 0
github.com/openshift/oc-mirror/v2/internal/pkg/config/validate.go:74.47,75.36 1 0
github.com/openshift/oc-mirror/v2/internal/pkg/config/validate.go:75.36,77.4 1 0
github.com/openshift/oc-mirror/v2/internal/pkg/config/validate.go:79.2,79.38 1 0
github.com/openshift/oc-mirror/v2/internal/pkg/config/validate.go:82.85,84.44 2 0
github.com/openshift/oc-mirror/v2/internal/pkg/config/validate.go:84.44,86.17 2 0
github.com/openshift/oc-mirror/v2/internal/pkg/config/validate.go:86.17,88.4 1 0
github.com/openshift/oc-mirror/v2/internal/pkg/config/validate.go:89.3,89.21 1 0
github.com/openshift/oc-mirror/v2/internal/pkg/config/validate.go:89.21,93.4 1 0
github.com/openshift/oc-mirror/v2/internal/pkg/config/validate.go:94.3,94.24 1 0
github.com/openshift/oc-mirror/v2/internal/pkg/config/validate.go:96.2,96.12 1 0
github.com/openshift/oc-mirror/v2/internal/pkg/config/validate.go:99.85,101.55 2 0
github.com/openshift/oc-mirror/v2/internal/pkg/config/validate.go:101.55,102.25 1 0
github.com/openshift/oc-mirror/v2/internal/pkg/config/validate.go:102.25,106.4 1 0
github.com/openshift/oc-mirror/v2/internal/pkg/config/validate.go:107.3,107.28 1 0
github.com/openshift/oc-mirror/v2/internal/pkg/config/validate.go:109.2,109.12 1 0
github.com/openshift/oc-mirror/v2/internal/pkg/api/operator-framework/v1alpha1/catalogsource_types.go:184.65,189.49 3 0
github.com/openshift/oc-mirror/v2/internal/pkg/api/operator-framework/v1alpha1/catalogsource_types.go:189.49,191.3 1 0
github.com/openshift/oc-mirror/v2/internal/pkg/api/operator-framework/v1alpha1/catalogsource_types.go:192.2,196.16 3 0
github.com/openshift/oc-mirror/v2/internal/pkg/api/operator-framework/v1alpha1/catalogsource_types.go:196.16,199.3 2 0
github.com/openshift/oc-mirror/v2/internal/pkg/api/operator-framework/v1alpha1/catalogsource_types.go:199.8,201.3 1 0
github.com/openshift/oc-mirror/v2/internal/pkg/api/operator-framework/v1alpha1/catalogsource_types.go:202.2,203.12 2 0
github.com/openshift/oc-mirror/v2/internal/pkg/api/operator-framework/v1alpha1/catalogsource_types.go:214.50,216.2 1 0
github.com/openshift/oc-mirror/v2/internal/pkg/api/operator-framework/v1alpha1/catalogsource_types.go:234.79,236.2 1 0
github.com/openshift/oc-mirror/v2/internal/pkg/clusterresources/clusterresources.go:33.22,35.2 1 0
github.com/openshift/oc-mirror/v2/internal/pkg/clusterresources/clusterresources.go:63.134,64.32 1 0
github.com/openshift/oc-mirror/v2/internal/pkg/clusterresources/clusterresources.go:64.32,67.3 2 0
github.com/openshift/oc-mirror/v2/internal/pkg/clusterresources/clusterresources.go:70.2,71.16 2 0
github.com/openshift/oc-mirror/v2/internal/pkg/clusterresources/clusterresources.go:71.16,73.3 1 0
github.com/openshift/oc-mirror/v2/internal/pkg/clusterresources/clusterresources.go:76.2,77.16 2 0
github.com/openshift/oc-mirror/v2/internal/pkg/clusterresources/clusterresources.go:77.16,79.3 1 0
github.com/openshift/oc-mirror/v2/internal/pkg/clusterresources/clusterresources.go:81.2,81.30 1 0
github.com/openshift/oc-mirror/v2/internal/pkg/clusterresources/clusterresources.go:81.30,84.17 3 0
github.com/openshift/oc-mirror/v2/internal/pkg/clusterresources/clusterresources.go:84.17,86.4 1 0
github.com/openshift/oc-mirror/v2/internal/pkg/clusterresources/clusterresources.go:88.3,89.17 2 0
github.com/openshift/oc-mirror/v2/internal/pkg/clusterresources/clusterresources.go:89.17,91.4 1 0
github.com/openshift/oc-mirror/v2/internal/pkg/clusterresources/clusterresources.go:92.8,94.3 1 0
github.com/openshift/oc-mirror/v2/internal/pkg/clusterresources/clusterresources.go:96.2,96.27 1 0
github.com/openshift/oc-mirror/v2/internal/pkg/clusterresources/clusterresources.go:96.27,99.17 3 0
github.com/openshift/oc-mirror/v2/internal/pkg/clusterresources/clusterresources.go:99.17,101.4 1 0
github.com/openshift/oc-mirror/v2/internal/pkg/clusterresources/clusterresources.go:102.3,103.17 2 0
github.com/openshift/oc-mirror/v2/internal/pkg/clusterresources/clusterresources.go:103.17,105.4 1 0
github.com/openshift/oc-mirror/v2/internal/pkg/clusterresources/clusterresources.go:106.8,108.3 1 0
github.com/openshift/oc-mirror/v2/internal/pkg/clusterresources/clusterresources.go:109.2,109.12 1 0
github.com/openshift/oc-mirror/v2/internal/pkg/clusterresources/clusterresources.go:112.126,115.51 2 0
github.com/openshift/oc-mirror/v2/internal/pkg/clusterresources/clusterresources.go:115.51,128.54 2 0
github.com/openshift/oc-mirror/v2/internal/pkg/clusterresources/clusterresources.go:128.54,134.4 2 0
github.com/openshift/oc-mirror/v2/internal/pkg/clusterresources/clusterresources.go:137.2,137.22 1 0
github.com/openshift/oc-mirror/v2/internal/pkg/clusterresources/clusterresources.go:140.169,144.36 4 0
github.com/openshift/oc-mirror/v2/internal/pkg/clusterresources/clusterresources.go:144.36,148.17 3 0
github.com/openshift/oc-mirror/v2/internal/pkg/clusterresources/clusterresources.go:148.17,150.4 1 0
github.com/openshift/oc-mirror/v2/internal/pkg/clusterresources/clusterresources.go:151.3,154.17 3 0
github.com/openshift/oc-mirror/v2/internal/pkg/clusterresources/clusterresources.go:154.17,156.4 1 0
github.com/openshift/oc-mirror/v2/internal/pkg/clusterresources/clusterresources.go:157.3,158.52 2 0
github.com/openshift/oc-mirror/v2/internal/pkg/clusterresources/clusterresources.go:161.2,161.67 1 0
github.com/openshift/oc-mirror/v2/internal/pkg/clusterresources/clusterresources.go:161.67,164.17 3 0
github.com/openshift/oc-mirror/v2/internal/pkg/clusterresources/clusterresources.go:164.17,166.4 1 0
github.com/openshift/oc-mirror/v2/internal/pkg/clusterresources/clusterresources.go:167.3,167.56 1 0
github.com/openshift/oc-mirror/v2/internal/pkg/clusterresources/clusterresources.go:169.2,170.16 2 0
github.com/openshift/oc-mirror/v2/internal/pkg/clusterresources/clusterresources.go:170.16,172.3 1 0
github.com/openshift/oc-mirror/v2/internal/pkg/clusterresources/clusterresources.go:173.2,178.12 4 0
github.com/openshift/oc-mirror/v2/internal/pkg/clusterresources/clusterresources.go:181.111,182.41 1 0
github.com/openshift/oc-mirror/v2/internal/pkg/clusterresources/clusterresources.go:182.41,185.3 2 0
github.com/openshift/oc-mirror/v2/internal/pkg/clusterresources/clusterresources.go:187.2,188.45 2 0
github.com/openshift/oc-mirror/v2/internal/pkg/clusterresources/clusterresources.go:188.45,189.53 1 0
github.com/openshift/oc-mirror/v2/internal/pkg/clusterresources/clusterresources.go:189.53,190.20 1 0
github.com/openshift/oc-mirror/v2/internal/pkg/clusterresources/clusterresources.go:190.20,193.5 2 0
github.com/openshift/oc-mirror/v2/internal/pkg/clusterresources/clusterresources.go:195.4,197.18 3 0
github.com/openshift/oc-mirror/v2/internal/pkg/clusterresources/clusterresources.go:197.18,199.5 1 0
github.com/openshift/oc-mirror/v2/internal/pkg/clusterresources/clusterresources.go:202.2,202.12 1 0
github.com/openshift/oc-mirror/v2/internal/pkg/clusterresources/clusterresources.go:205.77,206.73 1 0
github.com/openshift/oc-mirror/v2/internal/pkg/clusterresources/clusterresources.go:206.73,207.47 1 0
github.com/openshift/oc-mirror/v2/internal/pkg/clusterresources/clusterresources.go:207.47,209.4 1 0
github.com/openshift/oc-mirror/v2/internal/pkg/clusterresources/clusterresources.go:211.2,211.11 1 0
github.com/openshift/oc-mirror/v2/internal/pkg/clusterresources/clusterresources.go:214.118,217.16 2 0
github.com/openshift/oc-mirror/v2/internal/pkg/clusterresources/clusterresources.go:217.16,219.3 1 0
github.com/openshift/oc-mirror/v2/internal/pkg/clusterresources/clusterresources.go:221.2,222.39 2 0
github.com/openshift/oc-mirror/v2/internal/pkg/clusterresources/clusterresources.go:222.39,223.46 1 0
github.com/openshift/oc-mirror/v2/internal/pkg/clusterresources/clusterresources.go:223.46,225.4 1 0
github.com/openshift/oc-mirror/v2/internal/pkg/clusterresources/clusterresources.go:225.9,227.4 1 0
github.com/openshift/oc-mirror/v2/internal/pkg/clusterresources/clusterresources.go:228.8,230.31 2 0
github.com/openshift/oc-mirror/v2/internal/pkg/clusterresources/clusterresources.go:230.31,232.4 1 0
github.com/openshift/oc-mirror/v2/internal/pkg/clusterresources/clusterresources.go:232.9,234.4 1 0
github.com/openshift/oc-mirror/v2/internal/pkg/clusterresources/clusterresources.go:237.2,237.20 1 0
github.com/openshift/oc-mirror/v2/internal/pkg/clusterresources/clusterresources.go:237.20,239.3 1 0
github.com/openshift/oc-mirror/v2/internal/pkg/clusterresources/clusterresources.go:241.2,245.58 5 0
github.com/openshift/oc-mirror/v2/internal/pkg/clusterresources/clusterresources.go:245.58,247.3 1 0
github.com/openshift/oc-mirror/v2/internal/pkg/clusterresources/clusterresources.go:249.2,251.37 3 0
github.com/openshift/oc-mirror/v2/internal/pkg/clusterresources/clusterresources.go:251.37,253.17 2 0
github.com/openshift/oc-mirror/v2/internal/pkg/clusterresources/clusterresources.go:253.17,256.4 2 0
github.com/openshift/oc-mirror/v2/internal/pkg/clusterresources/clusterresources.go:258.2,258.64 1 0
github.com/openshift/oc-mirror/v2/internal/pkg/clusterresources/clusterresources.go:258.64,273.3 1 0
github.com/openshift/oc-mirror/v2/internal/pkg/clusterresources/clusterresources.go:276.2,278.16 3 0
github.com/openshift/oc-mirror/v2/internal/pkg/clusterresources/clusterresources.go:278.16,280.3 1 0
github.com/openshift/oc-mirror/v2/internal/pkg/clusterresources/clusterresources.go:281.2,284.16 3 0
github.com/openshift/oc-mirror/v2/internal/pkg/clusterresources/clusterresources.go:284.16,286.3 1 0
github.com/openshift/oc-mirror/v2/internal/pkg/clusterresources/clusterresources.go:288.2,290.67 2 0
github.com/openshift/oc-mirror/v2/internal/pkg/clusterresources/clusterresources.go:290.67,293.17 3 0
github.com/openshift/oc-mirror/v2/internal/pkg/clusterresources/clusterresources.go:293.17,295.4 1 0
github.com/openshift/oc-mirror/v2/internal/pkg/clusterresources/clusterresources.go:296.3,296.58 1 0
github.com/openshift/oc-mirror/v2/internal/pkg/clusterresources/clusterresources.go:298.2,299.16 2 0
github.com/openshift/oc-mirror/v2/internal/pkg/clusterresources/clusterresources.go:299.16,301.3 1 0
github.com/openshift/oc-mirror/v2/internal/pkg/clusterresources/clusterresources.go:303.2,308.12 4 0
github.com/openshift/oc-mirror/v2/internal/pkg/clusterresources/clusterresources.go:311.120,315.24 3 0
github.com/openshift/oc-mirror/v2/internal/pkg/clusterresources/clusterresources.go:315.24,317.3 1 0
github.com/openshift/oc-mirror/v2/internal/pkg/clusterresources/clusterresources.go:318.2,318.16 1 0
github.com/openshift/oc-mirror/v2/internal/pkg/clusterresources/clusterresources.go:318.16,320.3 1 0
github.com/openshift/oc-mirror/v2/internal/pkg/clusterresources/clusterresources.go:321.2,322.16 2 0
github.com/openshift/oc-mirror/v2/internal/pkg/clusterresources/clusterresources.go:322.16,324.3 1 0
github.com/openshift/oc-mirror/v2/internal/pkg/clusterresources/clusterresources.go:325.2,326.16 2 0
github.com/openshift/oc-mirror/v2/internal/pkg/clusterresources/clusterresources.go:326.16,328.3 1 0
github.com/openshift/oc-mirror/v2/internal/pkg/clusterresources/clusterresources.go:331.2,331.55 1 0
github.com/openshift/oc-mirror/v2/internal/pkg/clusterresources/clusterresources.go:331.55,333.3 1 0
github.com/openshift/oc-mirror/v2/internal/pkg/clusterresources/clusterresources.go:334.2,334.33 1 0
github.com/openshift/oc-mirror/v2/internal/pkg/clusterresources/clusterresources.go:334.33,336.3 1 0
github.com/openshift/oc-mirror/v2/internal/pkg/clusterresources/clusterresources.go:337.2,337.64 1 0
github.com/openshift/oc-mirror/v2/internal/pkg/clusterresources/clusterresources.go:337.64,339.3 1 0
github.com/openshift/oc-mirror/v2/internal/pkg/clusterresources/clusterresources.go:340.2,340.30 1 0
github.com/openshift/oc-mirror/v2/internal/pkg/clusterresources/clusterresources.go:340.30,342.3 1 0
github.com/openshift/oc-mirror/v2/internal/pkg/clusterresources/clusterresources.go:344.2,351.16 6 0
github.com/openshift/oc-mirror/v2/internal/pkg/clusterresources/clusterresources.go:351.16,353.3 1 0
github.com/openshift/oc-mirror/v2/internal/pkg/clusterresources/clusterresources.go:355.2,355.17 1 0
github.com/openshift/oc-mirror/v2/internal/pkg/clusterresources/clusterresources.go:358.129,362.51 2 0
github.com/openshift/oc-mirror/v2/internal/pkg/clusterresources/clusterresources.go:362.51,375.54 2 0
github.com/openshift/oc-mirror/v2/internal/pkg/clusterresources/clusterresources.go:375.54,381.4 2 0
github.com/openshift/oc-mirror/v2/internal/pkg/clusterresources/clusterresources.go:384.2,384.22 1 0
github.com/openshift/oc-mirror/v2/internal/pkg/clusterresources/clusterresources.go:387.192,389.48 2 0
github.com/openshift/oc-mirror/v2/internal/pkg/clusterresources/clusterresources.go:389.48,390.32 1 0
github.com/openshift/oc-mirror/v2/internal/pkg/clusterresources/clusterresources.go:390.32,392.4 1 0
github.com/openshift/oc-mirror/v2/internal/pkg/clusterresources/clusterresources.go:393.3,393.109 1 0
github.com/openshift/oc-mirror/v2/internal/pkg/clusterresources/clusterresources.go:393.109,400.12 1 0
github.com/openshift/oc-mirror/v2/internal/pkg/clusterresources/clusterresources.go:402.3,403.17 2 0
github.com/openshift/oc-mirror/v2/internal/pkg/clusterresources/clusterresources.go:403.17,405.4 1 0
github.com/openshift/oc-mirror/v2/internal/pkg/clusterresources/clusterresources.go:406.3,407.17 2 0
github.com/openshift/oc-mirror/v2/internal/pkg/clusterresources/clusterresources.go:407.17,409.4 1 0
github.com/openshift/oc-mirror/v2/internal/pkg/clusterresources/clusterresources.go:410.3,411.15 2 0
github.com/openshift/oc-mirror/v2/internal/pkg/clusterresources/clusterresources.go:412.21,413.40 1 0
github.com/openshift/oc-mirror/v2/internal/pkg/clusterresources/clusterresources.go:413.40,415.5 1 0
github.com/openshift/oc-mirror/v2/internal/pkg/clusterresources/clusterresources.go:416.24,417.41 1 0
github.com/openshift/oc-mirror/v2/internal/pkg/clusterresources/clusterresources.go:417.41,419.5 1 0
github.com/openshift/oc-mirror/v2/internal/pkg/clusterresources/clusterresources.go:421.3,421.17 1 0
github.com/openshift/oc-mirror/v2/internal/pkg/clusterresources/clusterresources.go:421.17,422.12 1 0
github.com/openshift/oc-mirror/v2/internal/pkg/clusterresources/clusterresources.go:424.3,425.27 2 0
github.com/openshift/oc-mirror/v2/internal/pkg/clusterresources/clusterresources.go:425.27,427.4 1 0
github.com/openshift/oc-mirror/v2/internal/pkg/clusterresources/clusterresources.go:427.9,429.4 1 0
github.com/openshift/oc-mirror/v2/internal/pkg/clusterresources/clusterresources.go:430.3,431.27 2 0
github.com/openshift/oc-mirror/v2/internal/pkg/clusterresources/clusterresources.go:431.27,433.4 1 0
github.com/openshift/oc-mirror/v2/internal/pkg/clusterresources/clusterresources.go:433.9,435.4 1 0
github.com/openshift/oc-mirror/v2/internal/pkg/clusterresources/clusterresources.go:437.3,438.55 2 0
github.com/openshift/oc-mirror/v2/internal/pkg/clusterresources/clusterresources.go:438.55,443.4 1 0
github.com/openshift/oc-mirror/v2/internal/pkg/clusterresources/clusterresources.go:445.3,447.29 2 0
github.com/openshift/oc-mirror/v2/internal/pkg/clusterresources/clusterresources.go:447.29,449.4 1 0
github.com/openshift/oc-mirror/v2/internal/pkg/clusterresources/clusterresources.go:449.9,451.38 2 0
github.com/openshift/oc-mirror/v2/internal/pkg/clusterresources/clusterresources.go:451.38,452.40 1 0
github.com/openshift/oc-mirror/v2/internal/pkg/clusterresources/clusterresources.go:452.40,454.11 2 0
github.com/openshift/oc-mirror/v2/internal/pkg/clusterresources/clusterresources.go:457.4,457.21 1 0
github.com/openshift/oc-mirror/v2/internal/pkg/clusterresources/clusterresources.go:457.21,459.5 1 0
github.com/openshift/oc-mirror/v2/internal/pkg/clusterresources/clusterresources.go:462.2,463.44 2 0
github.com/openshift/oc-mirror/v2/internal/pkg/clusterresources/clusterresources.go:463.44,465.3 1 0
github.com/openshift/oc-mirror/v2/internal/pkg/clusterresources/clusterresources.go:466.2,466.36 1 0
github.com/openshift/oc-mirror/v2/internal/pkg/clusterresources/clusterresources.go:469.105,474.16 3 0
github.com/openshift/oc-mirror/v2/internal/pkg/clusterresources/clusterresources.go:474.16,476.3 1 0
github.com/openshift/oc-mirror/v2/internal/pkg/clusterresources/clusterresources.go:477.2,480.16 3 0
github.com/openshift/oc-mirror/v2/internal/pkg/clusterresources/clusterresources.go:480.16,482.3 1 0
github.com/openshift/oc-mirror/v2/internal/pkg/clusterresources/clusterresources.go:484.2,501.16 3 0
github.com/openshift/oc-mirror/v2/internal/pkg/clusterresources/clusterresources.go:501.16,503.3 1 0
github.com/openshift/oc-mirror/v2/internal/pkg/clusterresources/clusterresources.go:505.2,510.65 3 0
github.com/openshift/oc-mirror/v2/internal/pkg/clusterresources/clusterresources.go:510.65,513.17 3 0
github.com/openshift/oc-mirror/v2/internal/pkg/clusterresources/clusterresources.go:513.17,515.4 1 0
github.com/openshift/oc-mirror/v2/internal/pkg/clusterresources/clusterresources.go:516.3,516.56 1 0
github.com/openshift/oc-mirror/v2/internal/pkg/clusterresources/clusterresources.go:518.2,519.16 2 0
github.com/openshift/oc-mirror/v2/internal/pkg/clusterresources/clusterresources.go:519.16,521.3 1 0
github.com/openshift/oc-mirror/v2/internal/pkg/clusterresources/clusterresources.go:522.2,527.12 4 0
github.com/openshift/oc-mirror/v2/internal/pkg/clusterresources/clusterresources.go:530.53,533.14 3 0
github.com/openshift/oc-mirror/v2/internal/pkg/clusterresources/clusterresources.go:533.14,535.3 1 0
github.com/openshift/oc-mirror/v2/internal/pkg/clusterresources/clusterresources.go:535.8,537.3 1 0
github.com/openshift/oc-mirror/v2/internal/pkg/clusterresources/clusterresources.go:541.54,543.2 1 0
github.com/openshift/oc-mirror/v2/internal/pkg/clusterresources/clusterresources.go:545.43,546.11 1 0
github.com/openshift/oc-mirror/v2/internal/pkg/clusterresources/clusterresources.go:547.23,548.19 1 0
github.com/openshift/oc-mirror/v2/internal/pkg/clusterresources/clusterresources.go:549.24,550.20 1 0
github.com/openshift/oc-mirror/v2/internal/pkg/clusterresources/clusterresources.go:551.23,552.19 1 0
github.com/openshift/oc-mirror/v2/internal/pkg/clusterresources/clusterresources.go:553.10,554.19 1 0
github.com/openshift/oc-mirror/v2/internal/pkg/clusterresources/clusterresources.go:558.71,559.19 1 0
github.com/openshift/oc-mirror/v2/internal/pkg/clusterresources/clusterresources.go:560.36,561.25 1 0
github.com/openshift/oc-mirror/v2/internal/pkg/clusterresources/clusterresources.go:562.28,563.25 1 0
github.com/openshift/oc-mirror/v2/internal/pkg/clusterresources/clusterresources.go:564.31,565.25 1 0
github.com/openshift/oc-mirror/v2/internal/pkg/clusterresources/clusterresources.go:566.38,567.25 1 0
github.com/openshift/oc-mirror/v2/internal/pkg/clusterresources/clusterresources.go:568.35,569.26 1 0
github.com/openshift/oc-mirror/v2/internal/pkg/clusterresources/clusterresources.go:570.36,571.26 1 0
github.com/openshift/oc-mirror/v2/internal/pkg/clusterresources/clusterresources.go:572.41,573.26 1 0
github.com/openshift/oc-mirror/v2/internal/pkg/clusterresources/clusterresources.go:574.28,575.25 1 0
github.com/openshift/oc-mirror/v2/internal/pkg/clusterresources/clusterresources.go:576.10,577.25 1 0
github.com/openshift/oc-mirror/v2/internal/pkg/clusterresources/clusterresources.go:581.39,586.2 3 0
github.com/openshift/oc-mirror/v2/internal/pkg/clusterresources/clusterresources.go:588.29,590.9 2 0
github.com/openshift/oc-mirror/v2/internal/pkg/clusterresources/clusterresources.go:591.28,592.11 1 0
github.com/openshift/oc-mirror/v2/internal/pkg/clusterresources/clusterresources.go:593.28,594.11 1 0
github.com/openshift/oc-mirror/v2/internal/pkg/clusterresources/clusterresources.go:595.16,596.11 1 0
github.com/openshift/oc-mirror/v2/internal/pkg/clusterresources/clusterresources.go:597.10,599.13 1 0
github.com/openshift/oc-mirror/v2/internal/pkg/delete/delete_images.go:34.84,42.37 5 0
github.com/openshift/oc-mirror/v2/internal/pkg/delete/delete_images.go:42.37,45.3 2 0
github.com/openshift/oc-mirror/v2/internal/pkg/delete/delete_images.go:47.2,48.16 2 0
github.com/openshift/oc-mirror/v2/internal/pkg/delete/delete_images.go:48.16,50.3 1 0
github.com/openshift/oc-mirror/v2/internal/pkg/delete/delete_images.go:52.2,53.29 2 0
github.com/openshift/oc-mirror/v2/internal/pkg/delete/delete_images.go:53.29,61.3 2 0
github.com/openshift/oc-mirror/v2/internal/pkg/delete/delete_images.go:64.2,64.46 1 0
github.com/openshift/oc-mirror/v2/internal/pkg/delete/delete_images.go:64.46,66.3 1 0
github.com/openshift/oc-mirror/v2/internal/pkg/delete/delete_images.go:68.2,74.16 3 0
github.com/openshift/oc-mirror/v2/internal/pkg/delete/delete_images.go:74.16,76.3 1 0
github.com/openshift/oc-mirror/v2/internal/pkg/delete/delete_images.go:77.2,78.16 2 0
github.com/openshift/oc-mirror/v2/internal/pkg/delete/delete_images.go:78.16,80.3 1 0
github.com/openshift/oc-mirror/v2/internal/pkg/delete/delete_images.go:82.2,96.16 3 0
github.com/openshift/oc-mirror/v2/internal/pkg/delete/delete_images.go:96.16,98.3 1 0
github.com/openshift/oc-mirror/v2/internal/pkg/delete/delete_images.go:99.2,100.16 2 0
github.com/openshift/oc-mirror/v2/internal/pkg/delete/delete_images.go:100.16,102.3 1 0
github.com/openshift/oc-mirror/v2/internal/pkg/delete/delete_images.go:103.2,103.12 1 0
github.com/openshift/oc-mirror/v2/internal/pkg/delete/delete_images.go:107.83,115.35 6 0
github.com/openshift/oc-mirror/v2/internal/pkg/delete/delete_images.go:115.35,131.3 7 0
github.com/openshift/oc-mirror/v2/internal/pkg/delete/delete_images.go:134.2,135.79 2 0
github.com/openshift/oc-mirror/v2/internal/pkg/delete/delete_images.go:135.79,136.127 1 0
github.com/openshift/oc-mirror/v2/internal/pkg/delete/delete_images.go:136.127,137.44 1 0
github.com/openshift/oc-mirror/v2/internal/pkg/delete/delete_images.go:137.44,139.5 1 0
github.com/openshift/oc-mirror/v2/internal/pkg/delete/delete_images.go:139.10,141.5 1 0
github.com/openshift/oc-mirror/v2/internal/pkg/delete/delete_images.go:144.2,144.36 1 0
github.com/openshift/oc-mirror/v2/internal/pkg/delete/delete_images.go:144.36,145.127 1 0
github.com/openshift/oc-mirror/v2/internal/pkg/delete/delete_images.go:145.127,146.44 1 0
github.com/openshift/oc-mirror/v2/internal/pkg/delete/delete_images.go:146.44,148.5 1 0
github.com/openshift/oc-mirror/v2/internal/pkg/delete/delete_images.go:148.10,150.5 1 0
github.com/openshift/oc-mirror/v2/internal/pkg/delete/delete_images.go:154.2,154.23 1 0
github.com/openshift/oc-mirror/v2/internal/pkg/delete/delete_images.go:154.23,156.3 1 0
github.com/openshift/oc-mirror/v2/internal/pkg/delete/delete_images.go:157.2,157.28 1 0
github.com/openshift/oc-mirror/v2/internal/pkg/delete/delete_images.go:157.28,159.3 1 0
github.com/openshift/oc-mirror/v2/internal/pkg/delete/delete_images.go:160.2,160.12 1 0
github.com/openshift/oc-mirror/v2/internal/pkg/delete/delete_images.go:166.78,171.40 4 0
github.com/openshift/oc-mirror/v2/internal/pkg/delete/delete_images.go:171.40,173.54 2 0
github.com/openshift/oc-mirror/v2/internal/pkg/delete/delete_images.go:173.54,175.4 1 0
github.com/openshift/oc-mirror/v2/internal/pkg/delete/delete_images.go:176.8,178.3 1 0
github.com/openshift/oc-mirror/v2/internal/pkg/delete/delete_images.go:180.2,181.16 2 0
github.com/openshift/oc-mirror/v2/internal/pkg/delete/delete_images.go:181.16,183.3 1 0
github.com/openshift/oc-mirror/v2/internal/pkg/delete/delete_images.go:185.2,186.16 2 0
github.com/openshift/oc-mirror/v2/internal/pkg/delete/delete_images.go:186.16,188.3 1 0
github.com/openshift/oc-mirror/v2/internal/pkg/delete/delete_images.go:189.2,189.18 1 0
github.com/openshift/oc-mirror/v2/internal/pkg/delete/new.go:19.19,30.2 1 0
github.com/openshift/oc-mirror/v2/internal/pkg/api/operator-framework/v1alpha1/catalogsource_types.go:184.65,189.49 3 0
[...]
github.com/openshift/oc-mirror/v2/internal/pkg/release/find.go:26.2,26.9 1 0
github.com/openshift/oc-mirror/v2/internal/pkg/release/find.go:26.9,27.40 1 0
github.com/openshift/oc-mirror/v2/internal/pkg/release/find.go:27.40,29.4 1 0
github.com/openshift/oc-mirror/v2/internal/pkg/release/find.go:30.8,31.40 1 0
github.com/openshift/oc-mirror/v2/internal/pkg/release/find.go:31.40,33.4 1 0
github.com/openshift/oc-mirror/v2/internal/pkg/release/find.go:36.2,36.56 1 0
github.com/openshift/oc-mirror/v2/internal/pkg/release/find.go:39.100,41.24 2 0
github.com/openshift/oc-mirror/v2/internal/pkg/release/find.go:41.24,43.3 1 0
github.com/openshift/oc-mirror/v2/internal/pkg/release/find.go:45.2,45.30 1 0
github.com/openshift/oc-mirror/v2/internal/pkg/release/find.go:45.30,48.10 2 0
github.com/openshift/oc-mirror/v2/internal/pkg/release/find.go:48.10,50.4 1 0
github.com/openshift/oc-mirror/v2/internal/pkg/release/find.go:51.3,52.17 2 0
github.com/openshift/oc-mirror/v2/internal/pkg/release/find.go:52.17,54.4 1 0
github.com/openshift/oc-mirror/v2/internal/pkg/release/find.go:55.3,55.28 1 0
github.com/openshift/oc-mirror/v2/internal/pkg/release/find.go:58.2,58.18 1 0
github.com/openshift/oc-mirror/v2/internal/pkg/release/graph.go:18.99,21.16 2 0
github.com/openshift/oc-mirror/v2/internal/pkg/release/graph.go:21.16,23.3 1 0
github.com/openshift/oc-mirror/v2/internal/pkg/release/graph.go:24.2,27.16 3 0
github.com/openshift/oc-mirror/v2/internal/pkg/release/graph.go:27.16,29.3 1 0
github.com/openshift/oc-mirror/v2/internal/pkg/release/graph.go:32.2,34.16 3 0
github.com/openshift/oc-mirror/v2/internal/pkg/release/graph.go:34.16,36.3 1 0
github.com/openshift/oc-mirror/v2/internal/pkg/release/graph.go:37.2,41.60 3 0
github.com/openshift/oc-mirror/v2/internal/pkg/release/graph.go:41.60,43.3 1 0
github.com/openshift/oc-mirror/v2/internal/pkg/release/graph.go:46.2,47.16 2 0
github.com/openshift/oc-mirror/v2/internal/pkg/release/graph.go:47.16,49.3 1 0
github.com/openshift/oc-mirror/v2/internal/pkg/release/graph.go:52.2,57.16 4 0
github.com/openshift/oc-mirror/v2/internal/pkg/release/graph.go:57.16,59.3 1 0
github.com/openshift/oc-mirror/v2/internal/pkg/release/graph.go:60.2,60.44 1 0
github.com/openshift/oc-mirror/v2/internal/pkg/release/graph.go:63.93,68.16 4 0
github.com/openshift/oc-mirror/v2/internal/pkg/release/graph.go:68.16,70.3 1 0
github.com/openshift/oc-mirror/v2/internal/pkg/release/graph.go:71.2,71.13 1 0
github.com/openshift/oc-mirror/v2/internal/pkg/release/graph.go:71.13,73.3 1 0
github.com/openshift/oc-mirror/v2/internal/pkg/release/graph.go:74.2,74.27 1 0
github.com/openshift/oc-mirror/v2/internal/pkg/release/graph.go:77.91,79.16 2 0
github.com/openshift/oc-mirror/v2/internal/pkg/release/graph.go:79.16,81.3 1 0
github.com/openshift/oc-mirror/v2/internal/pkg/release/graph.go:83.2,85.16 3 0
github.com/openshift/oc-mirror/v2/internal/pkg/release/graph.go:85.16,87.3 1 0
github.com/openshift/oc-mirror/v2/internal/pkg/release/graph.go:88.2,88.18 1 0
github.com/openshift/oc-mirror/v2/internal/pkg/release/graph.go:88.18,90.3 1 0
github.com/openshift/oc-mirror/v2/internal/pkg/release/graph.go:91.2,91.18 1 0
github.com/openshift/oc-mirror/v2/internal/pkg/release/local_stored_collector.go:40.61,41.21 1 0
github.com/openshift/oc-mirror/v2/internal/pkg/release/local_stored_collector.go:41.21,42.81 1 0
github.com/openshift/oc-mirror/v2/internal/pkg/release/local_stored_collector.go:42.81,44.4 1 0
github.com/openshift/oc-mirror/v2/internal/pkg/release/local_stored_collector.go:44.9,46.4 1 0
github.com/openshift/oc-mirror/v2/internal/pkg/release/local_stored_collector.go:48.2,48.18 1 0
github.com/openshift/oc-mirror/v2/internal/pkg/release/local_stored_collector.go:51.112,57.58 5 0
github.com/openshift/oc-mirror/v2/internal/pkg/release/local_stored_collector.go:57.58,60.34 2 0
github.com/openshift/oc-mirror/v2/internal/pkg/release/local_stored_collector.go:60.34,69.62 7 0
github.com/openshift/oc-mirror/v2/internal/pkg/release/local_stored_collector.go:69.62,72.19 3 0
github.com/openshift/oc-mirror/v2/internal/pkg/release/local_stored_collector.go:72.19,75.6 2 0
github.com/openshift/oc-mirror/v2/internal/pkg/release/local_stored_collector.go:77.5,81.19 4 0
github.com/openshift/oc-mirror/v2/internal/pkg/release/local_stored_collector.go:81.19,84.6 2 0
github.com/openshift/oc-mirror/v2/internal/pkg/release/local_stored_collector.go:85.5,85.80 1 0
github.com/openshift/oc-mirror/v2/internal/pkg/release/local_stored_collector.go:86.10,88.5 1 0
github.com/openshift/oc-mirror/v2/internal/pkg/release/local_stored_collector.go:90.4,91.18 2 0
github.com/openshift/oc-mirror/v2/internal/pkg/release/local_stored_collector.go:91.18,94.5 2 0
github.com/openshift/oc-mirror/v2/internal/pkg/release/local_stored_collector.go:97.4,97.31 1 0
github.com/openshift/oc-mirror/v2/internal/pkg/release/local_stored_collector.go:97.31,100.5 2 0
github.com/openshift/oc-mirror/v2/internal/pkg/release/local_stored_collector.go:101.4,102.18 2 0
github.com/openshift/oc-mirror/v2/internal/pkg/release/local_stored_collector.go:102.18,105.5 2 0
github.com/openshift/oc-mirror/v2/internal/pkg/release/local_stored_collector.go:107.4,112.18 5 0
github.com/openshift/oc-mirror/v2/internal/pkg/release/local_stored_collector.go:112.18,115.5 2 0
github.com/openshift/oc-mirror/v2/internal/pkg/release/local_stored_collector.go:116.4,120.18 4 0
github.com/openshift/oc-mirror/v2/internal/pkg/release/local_stored_collector.go:120.18,123.5 2 0
github.com/openshift/oc-mirror/v2/internal/pkg/release/local_stored_collector.go:124.4,129.18 4 0
github.com/openshift/oc-mirror/v2/internal/pkg/release/local_stored_collector.go:129.18,132.5 2 0
github.com/openshift/oc-mirror/v2/internal/pkg/release/local_stored_collector.go:134.4,134.50 1 0
github.com/openshift/oc-mirror/v2/internal/pkg/release/local_stored_collector.go:134.50,136.19 2 0
github.com/openshift/oc-mirror/v2/internal/pkg/release/local_stored_collector.go:136.19,139.6 1 0
github.com/openshift/oc-mirror/v2/internal/pkg/release/local_stored_collector.go:139.11,141.6 1 0
github.com/openshift/oc-mirror/v2/internal/pkg/release/local_stored_collector.go:145.4,147.18 3 0
github.com/openshift/oc-mirror/v2/internal/pkg/release/local_stored_collector.go:147.18,149.5 1 0
github.com/openshift/oc-mirror/v2/internal/pkg/release/local_stored_collector.go:150.4,150.50 1 0
github.com/openshift/oc-mirror/v2/internal/pkg/release/local_stored_collector.go:153.3,153.37 1 0
github.com/openshift/oc-mirror/v2/internal/pkg/release/local_stored_collector.go:153.37,155.18 2 0
github.com/openshift/oc-mirror/v2/internal/pkg/release/local_stored_collector.go:155.18,157.5 1 0
github.com/openshift/oc-mirror/v2/internal/pkg/release/local_stored_collector.go:157.10,157.38 1 0
github.com/openshift/oc-mirror/v2/internal/pkg/release/local_stored_collector.go:157.38,159.5 1 0
github.com/openshift/oc-mirror/v2/internal/pkg/release/local_stored_collector.go:163.8,163.36 1 0
github.com/openshift/oc-mirror/v2/internal/pkg/release/local_stored_collector.go:163.36,165.17 2 0
github.com/openshift/oc-mirror/v2/internal/pkg/release/local_stored_collector.go:165.17,168.4 2 0
github.com/openshift/oc-mirror/v2/internal/pkg/release/local_stored_collector.go:170.3,171.37 2 0
github.com/openshift/oc-mirror/v2/internal/pkg/release/local_stored_collector.go:171.37,173.4 1 0
github.com/openshift/oc-mirror/v2/internal/pkg/release/local_stored_collector.go:175.3,180.45 3 0
github.com/openshift/oc-mirror/v2/internal/pkg/release/local_stored_collector.go:180.45,184.18 3 0
github.com/openshift/oc-mirror/v2/internal/pkg/release/local_stored_collector.go:184.18,187.5 2 0
github.com/openshift/oc-mirror/v2/internal/pkg/release/local_stored_collector.go:189.4,189.50 1 0
github.com/openshift/oc-mirror/v2/internal/pkg/release/local_stored_collector.go:189.50,192.19 3 0
github.com/openshift/oc-mirror/v2/internal/pkg/release/local_stored_collector.go:192.19,195.6 1 0
github.com/openshift/oc-mirror/v2/internal/pkg/release/local_stored_collector.go:195.11,197.6 1 0
github.com/openshift/oc-mirror/v2/internal/pkg/release/local_stored_collector.go:200.4,200.72 1 0
github.com/openshift/oc-mirror/v2/internal/pkg/release/local_stored_collector.go:203.3,203.37 1 0
github.com/openshift/oc-mirror/v2/internal/pkg/release/local_stored_collector.go:203.37,215.35 4 0
github.com/openshift/oc-mirror/v2/internal/pkg/release/local_stored_collector.go:215.35,218.5 2 0
github.com/openshift/oc-mirror/v2/internal/pkg/release/local_stored_collector.go:218.10,225.19 3 0
github.com/openshift/oc-mirror/v2/internal/pkg/release/local_stored_collector.go:225.19,228.6 2 0
github.com/openshift/oc-mirror/v2/internal/pkg/release/local_stored_collector.go:231.5,231.33 1 0
github.com/openshift/oc-mirror/v2/internal/pkg/release/local_stored_collector.go:231.33,234.6 2 0
github.com/openshift/oc-mirror/v2/internal/pkg/release/local_stored_collector.go:235.5,236.53 2 0
github.com/openshift/oc-mirror/v2/internal/pkg/release/local_stored_collector.go:239.3,240.17 2 0
github.com/openshift/oc-mirror/v2/internal/pkg/release/local_stored_collector.go:240.17,243.4 2 0
github.com/openshift/oc-mirror/v2/internal/pkg/release/local_stored_collector.go:244.3,244.54 1 0
github.com/openshift/oc-mirror/v2/internal/pkg/release/local_stored_collector.go:247.2,247.23 1 0
github.com/openshift/oc-mirror/v2/internal/pkg/release/local_stored_collector.go:250.120,252.29 2 0
github.com/openshift/oc-mirror/v2/internal/pkg/release/local_stored_collector.go:252.29,257.17 4 0
github.com/openshift/oc-mirror/v2/internal/pkg/release/local_stored_collector.go:257.17,260.4 2 0
github.com/openshift/oc-mirror/v2/internal/pkg/release/local_stored_collector.go:261.3,262.32 2 0
github.com/openshift/oc-mirror/v2/internal/pkg/release/local_stored_collector.go:262.32,264.22 2 0
github.com/openshift/oc-mirror/v2/internal/pkg/release/local_stored_collector.go:264.22,266.5 1 0
github.com/openshift/oc-mirror/v2/internal/pkg/release/local_stored_collector.go:267.4,267.115 1 0
github.com/openshift/oc-mirror/v2/internal/pkg/release/local_stored_collector.go:268.9,271.4 1 0
github.com/openshift/oc-mirror/v2/internal/pkg/release/local_stored_collector.go:272.3,274.119 3 0
github.com/openshift/oc-mirror/v2/internal/pkg/release/local_stored_collector.go:276.2,276.20 1 0
github.com/openshift/oc-mirror/v2/internal/pkg/release/local_stored_collector.go:279.120,281.29 2 0
github.com/openshift/oc-mirror/v2/internal/pkg/release/local_stored_collector.go:281.29,286.17 4 0
github.com/openshift/oc-mirror/v2/internal/pkg/release/local_stored_collector.go:286.17,289.4 2 0
github.com/openshift/oc-mirror/v2/internal/pkg/release/local_stored_collector.go:290.3,290.32 1 0
github.com/openshift/oc-mirror/v2/internal/pkg/release/local_stored_collector.go:290.32,292.22 2 0
github.com/openshift/oc-mirror/v2/internal/pkg/release/local_stored_collector.go:292.22,294.5 1 0
github.com/openshift/oc-mirror/v2/internal/pkg/release/local_stored_collector.go:295.4,296.93 2 0
github.com/openshift/oc-mirror/v2/internal/pkg/release/local_stored_collector.go:297.9,300.4 2 0
github.com/openshift/oc-mirror/v2/internal/pkg/release/local_stored_collector.go:301.3,301.30 1 0
github.com/openshift/oc-mirror/v2/internal/pkg/release/local_stored_collector.go:301.30,303.4 1 0
github.com/openshift/oc-mirror/v2/internal/pkg/release/local_stored_collector.go:305.3,307.119 3 0
github.com/openshift/oc-mirror/v2/internal/pkg/release/local_stored_collector.go:310.2,310.20 1 0
github.com/openshift/oc-mirror/v2/internal/pkg/release/local_stored_collector.go:313.113,317.68 2 0
github.com/openshift/oc-mirror/v2/internal/pkg/release/local_stored_collector.go:317.68,329.3 7 0
github.com/openshift/oc-mirror/v2/internal/pkg/release/local_stored_collector.go:331.2,333.42 3 0
github.com/openshift/oc-mirror/v2/internal/pkg/release/local_stored_collector.go:333.42,339.3 5 0
github.com/openshift/oc-mirror/v2/internal/pkg/release/local_stored_collector.go:340.2,340.43 1 0
github.com/openshift/oc-mirror/v2/internal/pkg/release/local_stored_collector.go:346.62,347.28 1 0
github.com/openshift/oc-mirror/v2/internal/pkg/release/local_stored_collector.go:347.28,357.17 4 0
github.com/openshift/oc-mirror/v2/internal/pkg/release/local_stored_collector.go:357.17,359.4 1 0
github.com/openshift/oc-mirror/v2/internal/pkg/release/local_stored_collector.go:360.3,360.51 1 0
github.com/openshift/oc-mirror/v2/internal/pkg/release/local_stored_collector.go:362.2,362.30 1 0
github.com/openshift/oc-mirror/v2/internal/pkg/release/local_stored_collector.go:369.83,370.26 1 0
github.com/openshift/oc-mirror/v2/internal/pkg/release/local_stored_collector.go:370.26,372.17 2 0
github.com/openshift/oc-mirror/v2/internal/pkg/release/local_stored_collector.go:372.17,374.4 1 0
github.com/openshift/oc-mirror/v2/internal/pkg/release/local_stored_collector.go:375.3,376.37 2 0
github.com/openshift/oc-mirror/v2/internal/pkg/release/local_stored_collector.go:376.37,378.4 1 0
github.com/openshift/oc-mirror/v2/internal/pkg/release/local_stored_collector.go:380.2,380.25 1 0
github.com/openshift/oc-mirror/v2/internal/pkg/release/local_stored_collector.go:380.25,389.17 3 0
github.com/openshift/oc-mirror/v2/internal/pkg/release/local_stored_collector.go:389.17,391.4 1 0
github.com/openshift/oc-mirror/v2/internal/pkg/release/local_stored_collector.go:392.3,392.46 1 0
github.com/openshift/oc-mirror/v2/internal/pkg/release/local_stored_collector.go:394.8,396.3 1 0
github.com/openshift/oc-mirror/v2/internal/pkg/release/local_stored_collector.go:401.108,408.16 5 0
github.com/openshift/oc-mirror/v2/internal/pkg/release/local_stored_collector.go:408.16,410.3 1 0
github.com/openshift/oc-mirror/v2/internal/pkg/release/local_stored_collector.go:412.2,413.17 2 0
github.com/openshift/oc-mirror/v2/internal/pkg/release/local_stored_collector.go:413.17,417.3 1 0
github.com/openshift/oc-mirror/v2/internal/pkg/release/local_stored_collector.go:419.2,422.17 3 0
github.com/openshift/oc-mirror/v2/internal/pkg/release/local_stored_collector.go:422.17,426.3 1 0
github.com/openshift/oc-mirror/v2/internal/pkg/release/local_stored_collector.go:428.2,429.17 2 0
github.com/openshift/oc-mirror/v2/internal/pkg/release/local_stored_collector.go:429.17,431.3 1 0
github.com/openshift/oc-mirror/v2/internal/pkg/release/local_stored_collector.go:432.2,438.27 3 0
github.com/openshift/oc-mirror/v2/internal/pkg/release/local_stored_collector.go:441.104,443.88 2 0
github.com/openshift/oc-mirror/v2/internal/pkg/release/local_stored_collector.go:443.88,452.17 4 0
github.com/openshift/oc-mirror/v2/internal/pkg/release/local_stored_collector.go:452.17,454.4 1 0
github.com/openshift/oc-mirror/v2/internal/pkg/release/local_stored_collector.go:455.3,455.21 1 0
github.com/openshift/oc-mirror/v2/internal/pkg/release/local_stored_collector.go:455.21,463.4 2 0
github.com/openshift/oc-mirror/v2/internal/pkg/release/local_stored_collector.go:465.3,466.50 2 0
github.com/openshift/oc-mirror/v2/internal/pkg/release/local_stored_collector.go:466.50,468.4 1 0
github.com/openshift/oc-mirror/v2/internal/pkg/release/local_stored_collector.go:468.9,477.4 2 0
github.com/openshift/oc-mirror/v2/internal/pkg/release/local_stored_collector.go:479.8,481.17 2 0
github.com/openshift/oc-mirror/v2/internal/pkg/release/local_stored_collector.go:481.17,483.4 1 0
github.com/openshift/oc-mirror/v2/internal/pkg/release/local_stored_collector.go:484.3,493.24 3 0
github.com/openshift/oc-mirror/v2/internal/pkg/release/new.go:19.22,21.2 1 0
github.com/openshift/oc-mirror/v2/internal/pkg/release/signature.go:30.143,32.92 2 0
github.com/openshift/oc-mirror/v2/internal/pkg/release/signature.go:32.92,35.17 3 0
github.com/openshift/oc-mirror/v2/internal/pkg/release/signature.go:35.17,37.4 1 0
github.com/openshift/oc-mirror/v2/internal/pkg/release/signature.go:38.3,38.37 1 0
github.com/openshift/oc-mirror/v2/internal/pkg/release/signature.go:38.37,40.4 1 0
github.com/openshift/oc-mirror/v2/internal/pkg/release/signature.go:40.9,42.4 1 0
github.com/openshift/oc-mirror/v2/internal/pkg/release/signature.go:43.8,45.3 1 0
github.com/openshift/oc-mirror/v2/internal/pkg/release/signature.go:46.2,46.76 1 0
github.com/openshift/oc-mirror/v2/internal/pkg/release/signature.go:50.144,62.29 6 0
github.com/openshift/oc-mirror/v2/internal/pkg/release/signature.go:62.29,64.17 2 0
github.com/openshift/oc-mirror/v2/internal/pkg/release/signature.go:64.17,66.4 1 0
github.com/openshift/oc-mirror/v2/internal/pkg/release/signature.go:67.3,69.19 2 0
github.com/openshift/oc-mirror/v2/internal/pkg/release/signature.go:69.19,74.18 3 0
github.com/openshift/oc-mirror/v2/internal/pkg/release/signature.go:74.18,75.27 1 0
github.com/openshift/oc-mirror/v2/internal/pkg/release/signature.go:75.27,77.6 1 0
github.com/openshift/oc-mirror/v2/internal/pkg/release/signature.go:79.9,81.4 1 0
github.com/openshift/oc-mirror/v2/internal/pkg/release/signature.go:84.3,84.21 1 0
github.com/openshift/oc-mirror/v2/internal/pkg/release/signature.go:84.21,89.18 4 0
github.com/openshift/oc-mirror/v2/internal/pkg/release/signature.go:89.18,91.5 1 0
github.com/openshift/oc-mirror/v2/internal/pkg/release/signature.go:92.4,92.17 1 0
github.com/openshift/oc-mirror/v2/internal/pkg/release/signature.go:92.17,93.40 1 0
github.com/openshift/oc-mirror/v2/internal/pkg/release/signature.go:93.40,95.6 1 0
github.com/openshift/oc-mirror/v2/internal/pkg/release/signature.go:97.4,97.40 1 0
github.com/openshift/oc-mirror/v2/internal/pkg/release/signature.go:97.40,101.19 3 0
github.com/openshift/oc-mirror/v2/internal/pkg/release/signature.go:101.19,103.6 1 0
github.com/openshift/oc-mirror/v2/internal/pkg/release/signature.go:107.3,107.20 1 0
github.com/openshift/oc-mirror/v2/internal/pkg/release/signature.go:107.20,112.18 3 0
github.com/openshift/oc-mirror/v2/internal/pkg/release/signature.go:112.18,114.5 1 0
github.com/openshift/oc-mirror/v2/internal/pkg/release/signature.go:115.4,118.18 3 0
github.com/openshift/oc-mirror/v2/internal/pkg/release/signature.go:118.18,120.5 1 0
github.com/openshift/oc-mirror/v2/internal/pkg/release/signature.go:121.4,121.17 1 0
github.com/openshift/oc-mirror/v2/internal/pkg/release/signature.go:121.17,123.5 1 0
github.com/openshift/oc-mirror/v2/internal/pkg/release/signature.go:124.4,124.20 1 0
github.com/openshift/oc-mirror/v2/internal/pkg/release/signature.go:124.20,126.5 1 0
github.com/openshift/oc-mirror/v2/internal/pkg/release/signature.go:127.4,127.32 1 0
github.com/openshift/oc-mirror/v2/internal/pkg/release/signature.go:127.32,129.5 1 0
github.com/openshift/oc-mirror/v2/internal/pkg/release/signature.go:130.4,130.26 1 0
github.com/openshift/oc-mirror/v2/internal/pkg/release/signature.go:130.26,132.5 1 0
github.com/openshift/oc-mirror/v2/internal/pkg/release/signature.go:133.4,134.18 2 0
github.com/openshift/oc-mirror/v2/internal/pkg/release/signature.go:134.18,136.5 1 0
github.com/openshift/oc-mirror/v2/internal/pkg/release/signature.go:138.4,151.27 11 0
github.com/openshift/oc-mirror/v2/internal/pkg/release/signature.go:151.27,152.44 1 0
github.com/openshift/oc-mirror/v2/internal/pkg/release/signature.go:152.44,154.34 2 0
github.com/openshift/oc-mirror/v2/internal/pkg/release/signature.go:154.34,156.7 1 0
github.com/openshift/oc-mirror/v2/internal/pkg/release/signature.go:158.10,158.36 1 0
github.com/openshift/oc-mirror/v2/internal/pkg/release/signature.go:158.36,160.5 1 0
github.com/openshift/oc-mirror/v2/internal/pkg/release/signature.go:162.4,166.18 4 0
github.com/openshift/oc-mirror/v2/internal/pkg/release/signature.go:166.18,169.5 2 0
github.com/openshift/oc-mirror/v2/internal/pkg/release/signature.go:170.4,176.19 4 0
github.com/openshift/oc-mirror/v2/internal/pkg/release/signature.go:176.19,178.5 1 0
github.com/openshift/oc-mirror/v2/internal/pkg/release/signature.go:179.4,179.28 1 0
github.com/openshift/oc-mirror/v2/internal/pkg/release/signature.go:180.9,183.4 2 0
github.com/openshift/oc-mirror/v2/internal/pkg/release/signature.go:185.2,185.18 1 0
