mode: atomic
github.com/openshift/oc-mirror/v2/pkg/additional/local_stored_collector.go:28.115,32.51 2 0
github.com/openshift/oc-mirror/v2/pkg/additional/local_stored_collector.go:32.51,33.82 1 0
github.com/openshift/oc-mirror/v2/pkg/additional/local_stored_collector.go:33.82,35.18 2 0
github.com/openshift/oc-mirror/v2/pkg/additional/local_stored_collector.go:35.18,38.5 2 0
github.com/openshift/oc-mirror/v2/pkg/additional/local_stored_collector.go:39.4,43.33 4 0
github.com/openshift/oc-mirror/v2/pkg/additional/local_stored_collector.go:43.33,45.5 1 0
github.com/openshift/oc-mirror/v2/pkg/additional/local_stored_collector.go:45.10,47.5 1 0
github.com/openshift/oc-mirror/v2/pkg/additional/local_stored_collector.go:49.4,51.132 3 0
github.com/openshift/oc-mirror/v2/pkg/additional/local_stored_collector.go:56.2,56.29 1 0
github.com/openshift/oc-mirror/v2/pkg/additional/local_stored_collector.go:56.29,57.82 1 0
github.com/openshift/oc-mirror/v2/pkg/additional/local_stored_collector.go:57.82,61.49 3 0
github.com/openshift/oc-mirror/v2/pkg/additional/local_stored_collector.go:61.49,63.19 2 0
github.com/openshift/oc-mirror/v2/pkg/additional/local_stored_collector.go:63.19,66.6 2 0
github.com/openshift/oc-mirror/v2/pkg/additional/local_stored_collector.go:68.5,68.34 1 0
github.com/openshift/oc-mirror/v2/pkg/additional/local_stored_collector.go:68.34,71.6 2 0
github.com/openshift/oc-mirror/v2/pkg/additional/local_stored_collector.go:71.11,74.6 2 0
github.com/openshift/oc-mirror/v2/pkg/additional/local_stored_collector.go:76.10,80.5 3 0
github.com/openshift/oc-mirror/v2/pkg/additional/local_stored_collector.go:82.4,82.31 1 0
github.com/openshift/oc-mirror/v2/pkg/additional/local_stored_collector.go:82.31,84.5 1 0
github.com/openshift/oc-mirror/v2/pkg/additional/local_stored_collector.go:86.4,88.137 3 0
github.com/openshift/oc-mirror/v2/pkg/additional/local_stored_collector.go:91.2,91.23 1 0
github.com/openshift/oc-mirror/v2/pkg/additional/new.go:16.22,18.2 1 0
github.com/openshift/oc-mirror/v2/pkg/archive/adder_common.go:10.97,12.16 2 0
github.com/openshift/oc-mirror/v2/pkg/archive/adder_common.go:12.16,14.3 1 0
github.com/openshift/oc-mirror/v2/pkg/archive/adder_common.go:15.2,17.54 2 0
github.com/openshift/oc-mirror/v2/pkg/archive/adder_common.go:17.54,19.3 1 0
github.com/openshift/oc-mirror/v2/pkg/archive/adder_common.go:21.2,22.16 2 0
github.com/openshift/oc-mirror/v2/pkg/archive/adder_common.go:22.16,24.3 1 0
github.com/openshift/oc-mirror/v2/pkg/archive/adder_common.go:25.2,28.52 2 0
github.com/openshift/oc-mirror/v2/pkg/archive/adder_common.go:28.52,30.3 1 0
github.com/openshift/oc-mirror/v2/pkg/archive/adder_common.go:31.2,31.12 1 0
github.com/openshift/oc-mirror/v2/pkg/archive/archive.go:32.175,35.16 2 0
github.com/openshift/oc-mirror/v2/pkg/archive/archive.go:35.16,37.3 1 0
github.com/openshift/oc-mirror/v2/pkg/archive/archive.go:39.2,40.16 2 0
github.com/openshift/oc-mirror/v2/pkg/archive/archive.go:40.16,42.3 1 0
github.com/openshift/oc-mirror/v2/pkg/archive/archive.go:44.2,46.18 2 0
github.com/openshift/oc-mirror/v2/pkg/archive/archive.go:46.18,48.3 1 0
github.com/openshift/oc-mirror/v2/pkg/archive/archive.go:49.2,52.16 3 0
github.com/openshift/oc-mirror/v2/pkg/archive/archive.go:52.16,54.3 1 0
github.com/openshift/oc-mirror/v2/pkg/archive/archive.go:55.2,64.17 2 0
github.com/openshift/oc-mirror/v2/pkg/archive/archive.go:70.185,74.16 2 0
github.com/openshift/oc-mirror/v2/pkg/archive/archive.go:74.16,76.3 1 0
github.com/openshift/oc-mirror/v2/pkg/archive/archive.go:78.2,80.18 2 0
github.com/openshift/oc-mirror/v2/pkg/archive/archive.go:80.18,82.3 1 0
github.com/openshift/oc-mirror/v2/pkg/archive/archive.go:83.2,86.16 3 0
github.com/openshift/oc-mirror/v2/pkg/archive/archive.go:86.16,88.3 1 0
github.com/openshift/oc-mirror/v2/pkg/archive/archive.go:90.2,100.17 2 0
github.com/openshift/oc-mirror/v2/pkg/archive/archive.go:108.109,114.16 4 0
github.com/openshift/oc-mirror/v2/pkg/archive/archive.go:114.16,116.3 1 0
github.com/openshift/oc-mirror/v2/pkg/archive/archive.go:118.2,119.16 2 0
github.com/openshift/oc-mirror/v2/pkg/archive/archive.go:119.16,121.3 1 0
github.com/openshift/oc-mirror/v2/pkg/archive/archive.go:123.2,125.16 3 0
github.com/openshift/oc-mirror/v2/pkg/archive/archive.go:125.16,127.3 1 0
github.com/openshift/oc-mirror/v2/pkg/archive/archive.go:129.2,130.65 2 0
github.com/openshift/oc-mirror/v2/pkg/archive/archive.go:130.65,132.3 1 0
github.com/openshift/oc-mirror/v2/pkg/archive/archive.go:135.2,136.16 2 0
github.com/openshift/oc-mirror/v2/pkg/archive/archive.go:136.16,138.3 1 0
github.com/openshift/oc-mirror/v2/pkg/archive/archive.go:140.2,141.16 2 0
github.com/openshift/oc-mirror/v2/pkg/archive/archive.go:141.16,143.3 1 0
github.com/openshift/oc-mirror/v2/pkg/archive/archive.go:145.2,145.12 1 0
github.com/openshift/oc-mirror/v2/pkg/archive/archive.go:148.180,150.38 2 0
github.com/openshift/oc-mirror/v2/pkg/archive/archive.go:150.38,152.17 2 0
github.com/openshift/oc-mirror/v2/pkg/archive/archive.go:152.17,154.4 1 0
github.com/openshift/oc-mirror/v2/pkg/archive/archive.go:156.3,157.17 2 0
github.com/openshift/oc-mirror/v2/pkg/archive/archive.go:157.17,159.4 1 0
github.com/openshift/oc-mirror/v2/pkg/archive/archive.go:161.3,161.39 1 0
github.com/openshift/oc-mirror/v2/pkg/archive/archive.go:161.39,163.4 1 0
github.com/openshift/oc-mirror/v2/pkg/archive/archive.go:167.2,167.27 1 0
github.com/openshift/oc-mirror/v2/pkg/archive/archive.go:170.150,172.35 2 0
github.com/openshift/oc-mirror/v2/pkg/archive/archive.go:172.35,176.12 4 0
github.com/openshift/oc-mirror/v2/pkg/archive/archive.go:176.12,179.18 2 0
github.com/openshift/oc-mirror/v2/pkg/archive/archive.go:179.18,181.5 1 0
github.com/openshift/oc-mirror/v2/pkg/archive/archive.go:182.4,184.18 3 0
github.com/openshift/oc-mirror/v2/pkg/archive/archive.go:184.18,186.5 1 0
github.com/openshift/oc-mirror/v2/pkg/archive/archive.go:187.4,187.26 1 0
github.com/openshift/oc-mirror/v2/pkg/archive/archive.go:190.2,190.25 1 0
github.com/openshift/oc-mirror/v2/pkg/archive/archive.go:193.51,195.16 2 0
github.com/openshift/oc-mirror/v2/pkg/archive/archive.go:195.16,197.17 2 0
github.com/openshift/oc-mirror/v2/pkg/archive/archive.go:197.17,199.4 1 0
github.com/openshift/oc-mirror/v2/pkg/archive/archive.go:200.3,200.30 1 0
github.com/openshift/oc-mirror/v2/pkg/archive/archive.go:200.30,202.18 2 0
github.com/openshift/oc-mirror/v2/pkg/archive/archive.go:202.18,204.5 1 0
github.com/openshift/oc-mirror/v2/pkg/archive/archive.go:207.2,207.12 1 0
github.com/openshift/oc-mirror/v2/pkg/archive/image-blob-gatherer.go:18.67,22.2 1 0
github.com/openshift/oc-mirror/v2/pkg/archive/image-blob-gatherer.go:23.117,29.79 4 0
github.com/openshift/oc-mirror/v2/pkg/archive/image-blob-gatherer.go:29.79,31.3 1 0
github.com/openshift/oc-mirror/v2/pkg/archive/image-blob-gatherer.go:38.2,39.16 2 0
github.com/openshift/oc-mirror/v2/pkg/archive/image-blob-gatherer.go:39.16,41.3 1 0
github.com/openshift/oc-mirror/v2/pkg/archive/image-blob-gatherer.go:42.2,43.16 2 0
github.com/openshift/oc-mirror/v2/pkg/archive/image-blob-gatherer.go:43.16,45.3 1 0
github.com/openshift/oc-mirror/v2/pkg/archive/image-blob-gatherer.go:47.2,48.16 2 0
github.com/openshift/oc-mirror/v2/pkg/archive/image-blob-gatherer.go:48.16,50.3 1 0
github.com/openshift/oc-mirror/v2/pkg/archive/image-blob-gatherer.go:52.2,53.16 2 0
github.com/openshift/oc-mirror/v2/pkg/archive/image-blob-gatherer.go:53.16,55.3 1 0
github.com/openshift/oc-mirror/v2/pkg/archive/image-blob-gatherer.go:57.2,58.16 2 0
github.com/openshift/oc-mirror/v2/pkg/archive/image-blob-gatherer.go:58.16,60.3 1 0
github.com/openshift/oc-mirror/v2/pkg/archive/image-blob-gatherer.go:61.2,63.41 2 0
github.com/openshift/oc-mirror/v2/pkg/archive/image-blob-gatherer.go:63.41,65.17 2 0
github.com/openshift/oc-mirror/v2/pkg/archive/image-blob-gatherer.go:65.17,67.4 1 0
github.com/openshift/oc-mirror/v2/pkg/archive/image-blob-gatherer.go:68.3,69.36 2 0
github.com/openshift/oc-mirror/v2/pkg/archive/image-blob-gatherer.go:69.36,72.18 3 0
github.com/openshift/oc-mirror/v2/pkg/archive/image-blob-gatherer.go:72.18,74.5 1 0
github.com/openshift/oc-mirror/v2/pkg/archive/image-blob-gatherer.go:75.4,76.18 2 0
github.com/openshift/oc-mirror/v2/pkg/archive/image-blob-gatherer.go:76.18,78.5 1 0
github.com/openshift/oc-mirror/v2/pkg/archive/image-blob-gatherer.go:79.4,79.43 1 0
github.com/openshift/oc-mirror/v2/pkg/archive/image-blob-gatherer.go:79.43,81.5 1 0
github.com/openshift/oc-mirror/v2/pkg/archive/image-blob-gatherer.go:82.4,82.18 1 0
github.com/openshift/oc-mirror/v2/pkg/archive/image-blob-gatherer.go:82.18,84.5 1 0
github.com/openshift/oc-mirror/v2/pkg/archive/image-blob-gatherer.go:86.8,89.17 2 0
github.com/openshift/oc-mirror/v2/pkg/archive/image-blob-gatherer.go:89.17,91.4 1 0
github.com/openshift/oc-mirror/v2/pkg/archive/image-blob-gatherer.go:92.3,92.40 1 0
github.com/openshift/oc-mirror/v2/pkg/archive/image-blob-gatherer.go:92.40,94.4 1 0
github.com/openshift/oc-mirror/v2/pkg/archive/image-blob-gatherer.go:96.2,96.19 1 0
github.com/openshift/oc-mirror/v2/pkg/archive/image-blob-gatherer.go:99.105,102.16 3 0
github.com/openshift/oc-mirror/v2/pkg/archive/image-blob-gatherer.go:102.16,104.3 1 0
github.com/openshift/oc-mirror/v2/pkg/archive/image-blob-gatherer.go:105.2,105.56 1 0
github.com/openshift/oc-mirror/v2/pkg/archive/image-blob-gatherer.go:105.56,107.3 1 0
github.com/openshift/oc-mirror/v2/pkg/archive/image-blob-gatherer.go:108.2,109.19 2 0
github.com/openshift/oc-mirror/v2/pkg/archive/permissive_adder.go:29.124,33.16 4 0
github.com/openshift/oc-mirror/v2/pkg/archive/permissive_adder.go:33.16,35.3 1 0
github.com/openshift/oc-mirror/v2/pkg/archive/permissive_adder.go:36.2,40.16 3 0
github.com/openshift/oc-mirror/v2/pkg/archive/permissive_adder.go:40.16,42.3 1 0
github.com/openshift/oc-mirror/v2/pkg/archive/permissive_adder.go:45.2,46.18 2 0
github.com/openshift/oc-mirror/v2/pkg/archive/permissive_adder.go:46.18,48.3 1 0
github.com/openshift/oc-mirror/v2/pkg/archive/permissive_adder.go:49.2,59.16 2 0
github.com/openshift/oc-mirror/v2/pkg/archive/permissive_adder.go:62.41,65.31 1 0
github.com/openshift/oc-mirror/v2/pkg/archive/permissive_adder.go:65.31,68.38 3 0
github.com/openshift/oc-mirror/v2/pkg/archive/permissive_adder.go:68.38,70.27 2 0
github.com/openshift/oc-mirror/v2/pkg/archive/permissive_adder.go:70.27,72.5 1 0
github.com/openshift/oc-mirror/v2/pkg/archive/permissive_adder.go:74.3,75.88 2 0
github.com/openshift/oc-mirror/v2/pkg/archive/permissive_adder.go:77.2,78.16 2 0
github.com/openshift/oc-mirror/v2/pkg/archive/permissive_adder.go:78.16,80.3 1 0
github.com/openshift/oc-mirror/v2/pkg/archive/permissive_adder.go:81.2,82.16 2 0
github.com/openshift/oc-mirror/v2/pkg/archive/permissive_adder.go:82.16,84.3 1 0
github.com/openshift/oc-mirror/v2/pkg/archive/permissive_adder.go:85.2,85.30 1 0
github.com/openshift/oc-mirror/v2/pkg/archive/permissive_adder.go:95.78,97.16 2 0
github.com/openshift/oc-mirror/v2/pkg/archive/permissive_adder.go:97.16,99.3 1 0
github.com/openshift/oc-mirror/v2/pkg/archive/permissive_adder.go:103.2,103.34 1 0
github.com/openshift/oc-mirror/v2/pkg/archive/permissive_adder.go:103.34,108.3 3 0
github.com/openshift/oc-mirror/v2/pkg/archive/permissive_adder.go:110.2,110.55 1 0
github.com/openshift/oc-mirror/v2/pkg/archive/permissive_adder.go:110.55,112.17 2 0
github.com/openshift/oc-mirror/v2/pkg/archive/permissive_adder.go:112.17,114.4 1 0
github.com/openshift/oc-mirror/v2/pkg/archive/permissive_adder.go:116.2,117.16 2 0
github.com/openshift/oc-mirror/v2/pkg/archive/permissive_adder.go:117.16,119.3 1 0
github.com/openshift/oc-mirror/v2/pkg/archive/permissive_adder.go:121.2,122.12 2 0
github.com/openshift/oc-mirror/v2/pkg/archive/permissive_adder.go:131.85,132.99 1 0
github.com/openshift/oc-mirror/v2/pkg/archive/permissive_adder.go:132.99,133.27 1 0
github.com/openshift/oc-mirror/v2/pkg/archive/permissive_adder.go:133.27,135.4 1 0
github.com/openshift/oc-mirror/v2/pkg/archive/permissive_adder.go:136.3,136.19 1 0
github.com/openshift/oc-mirror/v2/pkg/archive/permissive_adder.go:136.19,138.4 1 0
github.com/openshift/oc-mirror/v2/pkg/archive/permissive_adder.go:141.3,141.37 1 0
github.com/openshift/oc-mirror/v2/pkg/archive/permissive_adder.go:141.37,145.18 4 0
github.com/openshift/oc-mirror/v2/pkg/archive/permissive_adder.go:145.18,147.5 1 0
github.com/openshift/oc-mirror/v2/pkg/archive/permissive_adder.go:148.4,148.58 1 0
github.com/openshift/oc-mirror/v2/pkg/archive/permissive_adder.go:152.3,152.58 1 0
github.com/openshift/oc-mirror/v2/pkg/archive/permissive_adder.go:152.58,154.18 2 0
github.com/openshift/oc-mirror/v2/pkg/archive/permissive_adder.go:154.18,156.5 1 0
github.com/openshift/oc-mirror/v2/pkg/archive/permissive_adder.go:163.3,164.17 2 0
github.com/openshift/oc-mirror/v2/pkg/archive/permissive_adder.go:164.17,166.4 1 0
github.com/openshift/oc-mirror/v2/pkg/archive/permissive_adder.go:168.3,169.17 2 0
github.com/openshift/oc-mirror/v2/pkg/archive/permissive_adder.go:169.17,171.4 1 0
github.com/openshift/oc-mirror/v2/pkg/archive/permissive_adder.go:173.3,174.13 2 0
github.com/openshift/oc-mirror/v2/pkg/archive/permissive_adder.go:182.45,185.16 2 0
github.com/openshift/oc-mirror/v2/pkg/archive/permissive_adder.go:185.16,187.3 1 0
github.com/openshift/oc-mirror/v2/pkg/archive/permissive_adder.go:188.2,189.16 2 0
github.com/openshift/oc-mirror/v2/pkg/archive/permissive_adder.go:189.16,191.3 1 0
github.com/openshift/oc-mirror/v2/pkg/archive/permissive_adder.go:194.2,203.16 6 0
github.com/openshift/oc-mirror/v2/pkg/archive/permissive_adder.go:203.16,205.3 1 0
github.com/openshift/oc-mirror/v2/pkg/archive/permissive_adder.go:206.2,207.12 2 0
github.com/openshift/oc-mirror/v2/pkg/archive/permissive_adder.go:213.116,221.16 5 0
github.com/openshift/oc-mirror/v2/pkg/archive/permissive_adder.go:221.16,223.3 1 0
github.com/openshift/oc-mirror/v2/pkg/archive/permissive_adder.go:224.2,227.15 2 0
github.com/openshift/oc-mirror/v2/pkg/archive/permissive_adder.go:227.15,231.3 3 0
github.com/openshift/oc-mirror/v2/pkg/archive/permissive_adder.go:234.2,235.16 2 0
github.com/openshift/oc-mirror/v2/pkg/archive/permissive_adder.go:235.16,237.3 1 0
github.com/openshift/oc-mirror/v2/pkg/archive/permissive_adder.go:238.2,240.63 2 0
github.com/openshift/oc-mirror/v2/pkg/archive/permissive_adder.go:240.63,242.3 1 0
github.com/openshift/oc-mirror/v2/pkg/archive/permissive_adder.go:244.2,245.16 2 0
github.com/openshift/oc-mirror/v2/pkg/archive/permissive_adder.go:245.16,247.3 1 0
github.com/openshift/oc-mirror/v2/pkg/archive/permissive_adder.go:248.2,251.61 2 0
github.com/openshift/oc-mirror/v2/pkg/archive/permissive_adder.go:251.61,253.3 1 0
github.com/openshift/oc-mirror/v2/pkg/archive/permissive_adder.go:255.2,255.12 1 0
github.com/openshift/oc-mirror/v2/pkg/archive/strict_adder.go:26.116,30.16 4 0
github.com/openshift/oc-mirror/v2/pkg/archive/strict_adder.go:30.16,32.3 1 0
github.com/openshift/oc-mirror/v2/pkg/archive/strict_adder.go:33.2,37.16 3 0
github.com/openshift/oc-mirror/v2/pkg/archive/strict_adder.go:37.16,39.3 1 0
github.com/openshift/oc-mirror/v2/pkg/archive/strict_adder.go:42.2,43.18 2 0
github.com/openshift/oc-mirror/v2/pkg/archive/strict_adder.go:43.18,45.3 1 0
github.com/openshift/oc-mirror/v2/pkg/archive/strict_adder.go:46.2,55.16 2 0
github.com/openshift/oc-mirror/v2/pkg/archive/strict_adder.go:58.37,60.16 2 0
github.com/openshift/oc-mirror/v2/pkg/archive/strict_adder.go:60.16,62.3 1 0
github.com/openshift/oc-mirror/v2/pkg/archive/strict_adder.go:63.2,64.16 2 0
github.com/openshift/oc-mirror/v2/pkg/archive/strict_adder.go:64.16,66.3 1 0
github.com/openshift/oc-mirror/v2/pkg/archive/strict_adder.go:67.2,67.30 1 0
github.com/openshift/oc-mirror/v2/pkg/archive/strict_adder.go:76.74,78.16 2 0
github.com/openshift/oc-mirror/v2/pkg/archive/strict_adder.go:78.16,80.3 1 0
github.com/openshift/oc-mirror/v2/pkg/archive/strict_adder.go:84.2,84.34 1 0
github.com/openshift/oc-mirror/v2/pkg/archive/strict_adder.go:84.34,86.3 1 0
github.com/openshift/oc-mirror/v2/pkg/archive/strict_adder.go:88.2,88.55 1 0
github.com/openshift/oc-mirror/v2/pkg/archive/strict_adder.go:88.55,90.17 2 0
github.com/openshift/oc-mirror/v2/pkg/archive/strict_adder.go:90.17,92.4 1 0
github.com/openshift/oc-mirror/v2/pkg/archive/strict_adder.go:94.2,95.16 2 0
github.com/openshift/oc-mirror/v2/pkg/archive/strict_adder.go:95.16,97.3 1 0
github.com/openshift/oc-mirror/v2/pkg/archive/strict_adder.go:99.2,100.12 2 0
github.com/openshift/oc-mirror/v2/pkg/archive/strict_adder.go:109.81,110.99 1 0
github.com/openshift/oc-mirror/v2/pkg/archive/strict_adder.go:110.99,111.27 1 0
github.com/openshift/oc-mirror/v2/pkg/archive/strict_adder.go:111.27,113.4 1 0
github.com/openshift/oc-mirror/v2/pkg/archive/strict_adder.go:114.3,114.19 1 0
github.com/openshift/oc-mirror/v2/pkg/archive/strict_adder.go:114.19,116.4 1 0
github.com/openshift/oc-mirror/v2/pkg/archive/strict_adder.go:119.3,119.37 1 0
github.com/openshift/oc-mirror/v2/pkg/archive/strict_adder.go:119.37,121.4 1 0
github.com/openshift/oc-mirror/v2/pkg/archive/strict_adder.go:123.3,123.58 1 0
github.com/openshift/oc-mirror/v2/pkg/archive/strict_adder.go:123.58,125.18 2 0
github.com/openshift/oc-mirror/v2/pkg/archive/strict_adder.go:125.18,127.5 1 0
github.com/openshift/oc-mirror/v2/pkg/archive/strict_adder.go:133.3,134.17 2 0
github.com/openshift/oc-mirror/v2/pkg/archive/strict_adder.go:134.17,136.4 1 0
github.com/openshift/oc-mirror/v2/pkg/archive/strict_adder.go:138.3,139.17 2 0
github.com/openshift/oc-mirror/v2/pkg/archive/strict_adder.go:139.17,141.4 1 0
github.com/openshift/oc-mirror/v2/pkg/archive/strict_adder.go:143.3,144.13 2 0
github.com/openshift/oc-mirror/v2/pkg/archive/strict_adder.go:152.41,155.16 2 0
github.com/openshift/oc-mirror/v2/pkg/archive/strict_adder.go:155.16,157.3 1 0
github.com/openshift/oc-mirror/v2/pkg/archive/strict_adder.go:158.2,159.16 2 0
github.com/openshift/oc-mirror/v2/pkg/archive/strict_adder.go:159.16,161.3 1 0
github.com/openshift/oc-mirror/v2/pkg/archive/strict_adder.go:164.2,173.16 6 0
github.com/openshift/oc-mirror/v2/pkg/archive/strict_adder.go:173.16,175.3 1 0
github.com/openshift/oc-mirror/v2/pkg/archive/strict_adder.go:176.2,177.12 2 0
github.com/openshift/oc-mirror/v2/pkg/archive/unarchive.go:21.94,27.16 3 0
github.com/openshift/oc-mirror/v2/pkg/archive/unarchive.go:27.16,29.3 1 0
github.com/openshift/oc-mirror/v2/pkg/archive/unarchive.go:31.2,32.16 2 0
github.com/openshift/oc-mirror/v2/pkg/archive/unarchive.go:32.16,34.3 1 0
github.com/openshift/oc-mirror/v2/pkg/archive/unarchive.go:35.2,35.30 1 0
github.com/openshift/oc-mirror/v2/pkg/archive/unarchive.go:35.30,37.36 1 0
github.com/openshift/oc-mirror/v2/pkg/archive/unarchive.go:37.36,39.4 1 0
github.com/openshift/oc-mirror/v2/pkg/archive/unarchive.go:41.2,41.16 1 0
github.com/openshift/oc-mirror/v2/pkg/archive/unarchive.go:47.45,48.43 1 0
github.com/openshift/oc-mirror/v2/pkg/archive/unarchive.go:48.43,50.17 2 0
github.com/openshift/oc-mirror/v2/pkg/archive/unarchive.go:50.17,52.4 1 0
github.com/openshift/oc-mirror/v2/pkg/archive/unarchive.go:53.3,57.17 4 0
github.com/openshift/oc-mirror/v2/pkg/archive/unarchive.go:57.17,59.4 1 0
github.com/openshift/oc-mirror/v2/pkg/archive/unarchive.go:61.3,62.17 2 0
github.com/openshift/oc-mirror/v2/pkg/archive/unarchive.go:62.17,64.4 1 0
github.com/openshift/oc-mirror/v2/pkg/archive/unarchive.go:65.3,65.7 1 0
github.com/openshift/oc-mirror/v2/pkg/archive/unarchive.go:65.7,69.30 2 0
github.com/openshift/oc-mirror/v2/pkg/archive/unarchive.go:69.30,70.10 1 0
github.com/openshift/oc-mirror/v2/pkg/archive/unarchive.go:73.4,73.18 1 0
github.com/openshift/oc-mirror/v2/pkg/archive/unarchive.go:73.18,75.5 1 0
github.com/openshift/oc-mirror/v2/pkg/archive/unarchive.go:77.4,77.21 1 0
github.com/openshift/oc-mirror/v2/pkg/archive/unarchive.go:77.21,78.13 1 0
github.com/openshift/oc-mirror/v2/pkg/archive/unarchive.go:90.4,90.38 1 0
github.com/openshift/oc-mirror/v2/pkg/archive/unarchive.go:90.38,93.56 2 0
github.com/openshift/oc-mirror/v2/pkg/archive/unarchive.go:93.56,96.6 2 0
github.com/openshift/oc-mirror/v2/pkg/archive/unarchive.go:96.11,96.62 1 0
github.com/openshift/oc-mirror/v2/pkg/archive/unarchive.go:96.62,99.6 1 0
github.com/openshift/oc-mirror/v2/pkg/archive/unarchive.go:99.11,100.14 1 0
github.com/openshift/oc-mirror/v2/pkg/archive/unarchive.go:103.5,104.63 2 0
github.com/openshift/oc-mirror/v2/pkg/archive/unarchive.go:104.63,106.6 1 0
github.com/openshift/oc-mirror/v2/pkg/archive/unarchive.go:109.5,110.19 2 0
github.com/openshift/oc-mirror/v2/pkg/archive/unarchive.go:110.19,112.6 1 0
github.com/openshift/oc-mirror/v2/pkg/archive/unarchive.go:114.5,114.49 1 0
github.com/openshift/oc-mirror/v2/pkg/archive/unarchive.go:114.49,116.6 1 0
github.com/openshift/oc-mirror/v2/pkg/archive/unarchive.go:120.5,120.14 1 0
github.com/openshift/oc-mirror/v2/pkg/archive/unarchive.go:126.2,126.12 1 0
github.com/openshift/oc-mirror/v2/pkg/batch/worker.go:31.18,33.2 1 0
github.com/openshift/oc-mirror/v2/pkg/batch/worker.go:53.111,60.23 5 0
github.com/openshift/oc-mirror/v2/pkg/batch/worker.go:60.23,62.3 1 0
github.com/openshift/oc-mirror/v2/pkg/batch/worker.go:62.8,64.3 1 0
github.com/openshift/oc-mirror/v2/pkg/batch/worker.go:66.2,76.31 8 0
github.com/openshift/oc-mirror/v2/pkg/batch/worker.go:76.31,80.36 2 0
github.com/openshift/oc-mirror/v2/pkg/batch/worker.go:80.36,87.77 6 0
github.com/openshift/oc-mirror/v2/pkg/batch/worker.go:87.77,90.19 3 0
github.com/openshift/oc-mirror/v2/pkg/batch/worker.go:90.19,92.6 1 0
github.com/openshift/oc-mirror/v2/pkg/batch/worker.go:95.3,97.23 2 0
github.com/openshift/oc-mirror/v2/pkg/batch/worker.go:97.23,99.4 1 0
github.com/openshift/oc-mirror/v2/pkg/batch/worker.go:100.3,101.18 2 0
github.com/openshift/oc-mirror/v2/pkg/batch/worker.go:101.18,103.4 1 0
github.com/openshift/oc-mirror/v2/pkg/batch/worker.go:104.3,104.24 1 0
github.com/openshift/oc-mirror/v2/pkg/batch/worker.go:104.24,105.33 1 0
github.com/openshift/oc-mirror/v2/pkg/batch/worker.go:105.33,107.5 1 0
github.com/openshift/oc-mirror/v2/pkg/batch/worker.go:108.4,108.72 1 0
github.com/openshift/oc-mirror/v2/pkg/batch/worker.go:111.2,111.21 1 0
github.com/openshift/oc-mirror/v2/pkg/batch/worker.go:111.21,116.17 4 0
github.com/openshift/oc-mirror/v2/pkg/batch/worker.go:116.17,118.4 1 0
github.com/openshift/oc-mirror/v2/pkg/batch/worker.go:120.3,120.25 1 0
github.com/openshift/oc-mirror/v2/pkg/batch/worker.go:120.25,122.4 1 0
github.com/openshift/oc-mirror/v2/pkg/batch/worker.go:123.3,123.60 1 0
github.com/openshift/oc-mirror/v2/pkg/batch/worker.go:125.2,125.12 1 0
github.com/openshift/oc-mirror/v2/pkg/batch/worker.go:129.73,131.24 2 0
github.com/openshift/oc-mirror/v2/pkg/batch/worker.go:131.24,132.43 1 0
github.com/openshift/oc-mirror/v2/pkg/batch/worker.go:132.43,136.28 4 0
github.com/openshift/oc-mirror/v2/pkg/batch/worker.go:136.28,137.19 1 0
github.com/openshift/oc-mirror/v2/pkg/batch/worker.go:137.19,140.6 1 0
github.com/openshift/oc-mirror/v2/pkg/cli/error.go:9.54,11.2 1 0
github.com/openshift/oc-mirror/v2/pkg/cli/error.go:13.89,17.2 1 0
github.com/openshift/oc-mirror/v2/pkg/cli/error.go:19.58,22.2 2 0
github.com/openshift/oc-mirror/v2/pkg/cli/executor.go:111.65,113.2 1 12
github.com/openshift/oc-mirror/v2/pkg/cli/executor.go:116.69,154.48 10 1
github.com/openshift/oc-mirror/v2/pkg/cli/executor.go:154.48,156.18 2 2
github.com/openshift/oc-mirror/v2/pkg/cli/executor.go:156.18,159.5 2 0
github.com/openshift/oc-mirror/v2/pkg/cli/executor.go:160.4,161.18 2 2
github.com/openshift/oc-mirror/v2/pkg/cli/executor.go:161.18,164.5 2 0
github.com/openshift/oc-mirror/v2/pkg/cli/executor.go:166.4,167.18 2 2
github.com/openshift/oc-mirror/v2/pkg/cli/executor.go:167.18,170.5 2 0
github.com/openshift/oc-mirror/v2/pkg/cli/executor.go:172.4,173.18 2 2
github.com/openshift/oc-mirror/v2/pkg/cli/executor.go:173.18,176.5 2 0
github.com/openshift/oc-mirror/v2/pkg/cli/executor.go:179.2,199.12 20 1
github.com/openshift/oc-mirror/v2/pkg/cli/executor.go:202.36,232.2 29 1
github.com/openshift/oc-mirror/v2/pkg/cli/executor.go:235.55,236.40 1 2
github.com/openshift/oc-mirror/v2/pkg/cli/executor.go:236.40,238.3 1 0
github.com/openshift/oc-mirror/v2/pkg/cli/executor.go:239.2,239.75 1 2
github.com/openshift/oc-mirror/v2/pkg/cli/executor.go:239.75,241.3 1 0
github.com/openshift/oc-mirror/v2/pkg/cli/executor.go:242.2,242.73 1 2
github.com/openshift/oc-mirror/v2/pkg/cli/executor.go:242.73,244.3 1 0
github.com/openshift/oc-mirror/v2/pkg/cli/executor.go:245.2,245.88 1 2
github.com/openshift/oc-mirror/v2/pkg/cli/executor.go:245.88,247.3 1 0
github.com/openshift/oc-mirror/v2/pkg/cli/executor.go:248.2,248.68 1 2
github.com/openshift/oc-mirror/v2/pkg/cli/executor.go:248.68,250.3 1 0
github.com/openshift/oc-mirror/v2/pkg/cli/executor.go:251.2,251.37 1 2
github.com/openshift/oc-mirror/v2/pkg/cli/executor.go:251.37,252.81 1 0
github.com/openshift/oc-mirror/v2/pkg/cli/executor.go:252.81,254.4 1 0
github.com/openshift/oc-mirror/v2/pkg/cli/executor.go:256.2,256.90 1 2
github.com/openshift/oc-mirror/v2/pkg/cli/executor.go:256.90,258.3 1 2
github.com/openshift/oc-mirror/v2/pkg/cli/executor.go:258.8,260.3 1 0
github.com/openshift/oc-mirror/v2/pkg/cli/executor.go:264.56,269.16 3 2
github.com/openshift/oc-mirror/v2/pkg/cli/executor.go:269.16,271.3 1 0
github.com/openshift/oc-mirror/v2/pkg/cli/executor.go:272.2,283.45 8 2
github.com/openshift/oc-mirror/v2/pkg/cli/executor.go:283.45,287.3 3 1
github.com/openshift/oc-mirror/v2/pkg/cli/executor.go:287.8,287.54 1 1
github.com/openshift/oc-mirror/v2/pkg/cli/executor.go:287.54,290.3 2 1
github.com/openshift/oc-mirror/v2/pkg/cli/executor.go:290.8,292.3 1 0
github.com/openshift/oc-mirror/v2/pkg/cli/executor.go:293.2,297.37 4 2
github.com/openshift/oc-mirror/v2/pkg/cli/executor.go:297.37,299.17 2 0
github.com/openshift/oc-mirror/v2/pkg/cli/executor.go:299.17,302.4 1 0
github.com/openshift/oc-mirror/v2/pkg/cli/executor.go:305.2,306.16 2 2
github.com/openshift/oc-mirror/v2/pkg/cli/executor.go:306.16,308.3 1 0
github.com/openshift/oc-mirror/v2/pkg/cli/executor.go:310.2,310.33 1 2
github.com/openshift/oc-mirror/v2/pkg/cli/executor.go:310.33,312.3 1 0
github.com/openshift/oc-mirror/v2/pkg/cli/executor.go:313.2,316.16 3 2
github.com/openshift/oc-mirror/v2/pkg/cli/executor.go:316.16,318.3 1 0
github.com/openshift/oc-mirror/v2/pkg/cli/executor.go:320.2,321.16 2 2
github.com/openshift/oc-mirror/v2/pkg/cli/executor.go:321.16,323.3 1 0
github.com/openshift/oc-mirror/v2/pkg/cli/executor.go:325.2,337.29 10 2
github.com/openshift/oc-mirror/v2/pkg/cli/executor.go:337.29,338.36 1 1
github.com/openshift/oc-mirror/v2/pkg/cli/executor.go:338.36,340.18 2 0
github.com/openshift/oc-mirror/v2/pkg/cli/executor.go:340.18,342.5 1 0
github.com/openshift/oc-mirror/v2/pkg/cli/executor.go:343.9,345.18 2 1
github.com/openshift/oc-mirror/v2/pkg/cli/executor.go:345.18,347.5 1 0
github.com/openshift/oc-mirror/v2/pkg/cli/executor.go:349.8,349.36 1 1
github.com/openshift/oc-mirror/v2/pkg/cli/executor.go:349.36,351.17 2 1
github.com/openshift/oc-mirror/v2/pkg/cli/executor.go:351.17,353.4 1 0
github.com/openshift/oc-mirror/v2/pkg/cli/executor.go:355.2,355.12 1 2
github.com/openshift/oc-mirror/v2/pkg/cli/executor.go:359.71,364.29 3 2
github.com/openshift/oc-mirror/v2/pkg/cli/executor.go:364.29,367.3 1 1
github.com/openshift/oc-mirror/v2/pkg/cli/executor.go:367.8,370.3 1 1
github.com/openshift/oc-mirror/v2/pkg/cli/executor.go:371.2,371.16 1 2
github.com/openshift/oc-mirror/v2/pkg/cli/executor.go:371.16,374.3 2 0
github.com/openshift/oc-mirror/v2/pkg/cli/executor.go:376.2,377.12 2 2
github.com/openshift/oc-mirror/v2/pkg/cli/executor.go:382.52,410.55 2 2
github.com/openshift/oc-mirror/v2/pkg/cli/executor.go:410.55,413.3 1 0
github.com/openshift/oc-mirror/v2/pkg/cli/executor.go:414.2,417.39 4 2
github.com/openshift/oc-mirror/v2/pkg/cli/executor.go:417.39,419.3 1 0
github.com/openshift/oc-mirror/v2/pkg/cli/executor.go:419.8,421.3 1 2
github.com/openshift/oc-mirror/v2/pkg/cli/executor.go:423.2,425.16 2 2
github.com/openshift/oc-mirror/v2/pkg/cli/executor.go:425.16,427.3 1 0
github.com/openshift/oc-mirror/v2/pkg/cli/executor.go:429.2,433.16 4 2
github.com/openshift/oc-mirror/v2/pkg/cli/executor.go:433.16,435.3 1 0
github.com/openshift/oc-mirror/v2/pkg/cli/executor.go:435.8,437.3 1 2
github.com/openshift/oc-mirror/v2/pkg/cli/executor.go:438.2,440.16 3 2
github.com/openshift/oc-mirror/v2/pkg/cli/executor.go:440.16,442.3 1 0
github.com/openshift/oc-mirror/v2/pkg/cli/executor.go:443.2,453.16 7 2
github.com/openshift/oc-mirror/v2/pkg/cli/executor.go:453.16,455.3 1 0
github.com/openshift/oc-mirror/v2/pkg/cli/executor.go:456.2,460.12 4 2
github.com/openshift/oc-mirror/v2/pkg/cli/executor.go:465.69,468.2 2 2
github.com/openshift/oc-mirror/v2/pkg/cli/executor.go:471.47,473.67 2 2
github.com/openshift/oc-mirror/v2/pkg/cli/executor.go:473.67,474.13 1 0
github.com/openshift/oc-mirror/v2/pkg/cli/executor.go:479.57,483.16 2 2
github.com/openshift/oc-mirror/v2/pkg/cli/executor.go:483.16,485.3 1 0
github.com/openshift/oc-mirror/v2/pkg/cli/executor.go:486.2,487.14 2 2
github.com/openshift/oc-mirror/v2/pkg/cli/executor.go:492.55,495.30 2 2
github.com/openshift/oc-mirror/v2/pkg/cli/executor.go:495.30,497.17 2 0
github.com/openshift/oc-mirror/v2/pkg/cli/executor.go:497.17,499.4 1 0
github.com/openshift/oc-mirror/v2/pkg/cli/executor.go:501.3,501.65 1 0
github.com/openshift/oc-mirror/v2/pkg/cli/executor.go:502.8,504.3 1 2
github.com/openshift/oc-mirror/v2/pkg/cli/executor.go:505.2,506.16 2 2
github.com/openshift/oc-mirror/v2/pkg/cli/executor.go:506.16,509.3 2 0
github.com/openshift/oc-mirror/v2/pkg/cli/executor.go:510.2,510.12 1 2
github.com/openshift/oc-mirror/v2/pkg/cli/executor.go:515.50,518.16 2 2
github.com/openshift/oc-mirror/v2/pkg/cli/executor.go:518.16,521.3 2 0
github.com/openshift/oc-mirror/v2/pkg/cli/executor.go:524.2,526.16 3 2
github.com/openshift/oc-mirror/v2/pkg/cli/executor.go:526.16,529.3 2 0
github.com/openshift/oc-mirror/v2/pkg/cli/executor.go:532.2,534.16 3 2
github.com/openshift/oc-mirror/v2/pkg/cli/executor.go:534.16,537.3 2 0
github.com/openshift/oc-mirror/v2/pkg/cli/executor.go:540.2,542.16 3 2
github.com/openshift/oc-mirror/v2/pkg/cli/executor.go:542.16,545.3 2 0
github.com/openshift/oc-mirror/v2/pkg/cli/executor.go:548.2,550.16 3 2
github.com/openshift/oc-mirror/v2/pkg/cli/executor.go:550.16,553.3 2 0
github.com/openshift/oc-mirror/v2/pkg/cli/executor.go:554.2,554.12 1 2
github.com/openshift/oc-mirror/v2/pkg/cli/executor.go:558.83,565.16 5 1
github.com/openshift/oc-mirror/v2/pkg/cli/executor.go:565.16,567.3 1 0
github.com/openshift/oc-mirror/v2/pkg/cli/executor.go:568.2,572.16 3 1
github.com/openshift/oc-mirror/v2/pkg/cli/executor.go:572.16,574.3 1 0
github.com/openshift/oc-mirror/v2/pkg/cli/executor.go:577.2,578.16 2 1
github.com/openshift/oc-mirror/v2/pkg/cli/executor.go:578.16,580.3 1 0
github.com/openshift/oc-mirror/v2/pkg/cli/executor.go:582.2,586.16 5 1
github.com/openshift/oc-mirror/v2/pkg/cli/executor.go:586.16,588.3 1 0
github.com/openshift/oc-mirror/v2/pkg/cli/executor.go:589.2,589.12 1 1
github.com/openshift/oc-mirror/v2/pkg/cli/executor.go:593.83,598.16 3 1
github.com/openshift/oc-mirror/v2/pkg/cli/executor.go:598.16,601.3 2 0
github.com/openshift/oc-mirror/v2/pkg/cli/executor.go:604.2,609.16 4 1
github.com/openshift/oc-mirror/v2/pkg/cli/executor.go:609.16,611.3 1 0
github.com/openshift/oc-mirror/v2/pkg/cli/executor.go:612.2,615.38 2 1
github.com/openshift/oc-mirror/v2/pkg/cli/executor.go:615.38,617.17 2 0
github.com/openshift/oc-mirror/v2/pkg/cli/executor.go:617.17,619.4 1 0
github.com/openshift/oc-mirror/v2/pkg/cli/executor.go:622.2,623.16 2 1
github.com/openshift/oc-mirror/v2/pkg/cli/executor.go:623.16,625.3 1 0
github.com/openshift/oc-mirror/v2/pkg/cli/executor.go:627.2,629.16 3 1
github.com/openshift/oc-mirror/v2/pkg/cli/executor.go:629.16,631.3 1 0
github.com/openshift/oc-mirror/v2/pkg/cli/executor.go:633.2,634.16 2 1
github.com/openshift/oc-mirror/v2/pkg/cli/executor.go:634.16,636.3 1 0
github.com/openshift/oc-mirror/v2/pkg/cli/executor.go:639.2,639.36 1 1
github.com/openshift/oc-mirror/v2/pkg/cli/executor.go:639.36,641.17 2 0
github.com/openshift/oc-mirror/v2/pkg/cli/executor.go:641.17,643.4 1 0
github.com/openshift/oc-mirror/v2/pkg/cli/executor.go:644.3,645.17 2 0
github.com/openshift/oc-mirror/v2/pkg/cli/executor.go:645.17,647.4 1 0
github.com/openshift/oc-mirror/v2/pkg/cli/executor.go:648.3,649.17 2 0
github.com/openshift/oc-mirror/v2/pkg/cli/executor.go:649.17,651.4 1 0
github.com/openshift/oc-mirror/v2/pkg/cli/executor.go:654.2,658.16 5 1
github.com/openshift/oc-mirror/v2/pkg/cli/executor.go:658.16,660.3 1 0
github.com/openshift/oc-mirror/v2/pkg/cli/executor.go:661.2,661.12 1 1
github.com/openshift/oc-mirror/v2/pkg/cli/executor.go:666.55,676.16 5 2
github.com/openshift/oc-mirror/v2/pkg/cli/executor.go:676.16,679.3 2 0
github.com/openshift/oc-mirror/v2/pkg/cli/executor.go:680.2,680.12 1 2
github.com/openshift/oc-mirror/v2/pkg/cli/executor.go:685.94,690.16 3 2
github.com/openshift/oc-mirror/v2/pkg/cli/executor.go:690.16,693.3 2 0
github.com/openshift/oc-mirror/v2/pkg/cli/executor.go:694.2,700.16 5 2
github.com/openshift/oc-mirror/v2/pkg/cli/executor.go:700.16,703.3 2 0
github.com/openshift/oc-mirror/v2/pkg/cli/executor.go:704.2,710.16 5 2
github.com/openshift/oc-mirror/v2/pkg/cli/executor.go:710.16,713.3 2 0
github.com/openshift/oc-mirror/v2/pkg/cli/executor.go:714.2,717.30 3 2
github.com/openshift/oc-mirror/v2/pkg/cli/executor.go:722.82,725.2 2 6
github.com/openshift/oc-mirror/v2/pkg/cli/executor.go:728.37,731.16 2 2
github.com/openshift/oc-mirror/v2/pkg/cli/executor.go:731.16,733.3 1 0
github.com/openshift/oc-mirror/v2/pkg/cli/executor.go:736.112,738.25 2 0
github.com/openshift/oc-mirror/v2/pkg/cli/executor.go:738.25,740.17 2 0
github.com/openshift/oc-mirror/v2/pkg/cli/executor.go:740.17,742.4 1 0
github.com/openshift/oc-mirror/v2/pkg/cli/executor.go:743.3,744.25 2 0
github.com/openshift/oc-mirror/v2/pkg/cli/executor.go:746.2,746.17 1 0
github.com/openshift/oc-mirror/v2/pkg/cli/executor.go:751.74,779.48 9 1
github.com/openshift/oc-mirror/v2/pkg/cli/executor.go:779.48,781.18 2 0
github.com/openshift/oc-mirror/v2/pkg/cli/executor.go:781.18,784.5 2 0
github.com/openshift/oc-mirror/v2/pkg/cli/executor.go:785.4,786.18 2 0
github.com/openshift/oc-mirror/v2/pkg/cli/executor.go:786.18,789.5 2 0
github.com/openshift/oc-mirror/v2/pkg/cli/executor.go:791.4,792.18 2 0
github.com/openshift/oc-mirror/v2/pkg/cli/executor.go:792.18,795.5 2 0
github.com/openshift/oc-mirror/v2/pkg/cli/executor.go:797.4,798.18 2 0
github.com/openshift/oc-mirror/v2/pkg/cli/executor.go:798.18,801.5 2 0
github.com/openshift/oc-mirror/v2/pkg/cli/executor.go:804.2,817.12 13 1
github.com/openshift/oc-mirror/v2/pkg/cli/executor.go:821.62,822.40 1 0
github.com/openshift/oc-mirror/v2/pkg/cli/executor.go:822.40,824.3 1 0
github.com/openshift/oc-mirror/v2/pkg/cli/executor.go:825.2,825.30 1 0
github.com/openshift/oc-mirror/v2/pkg/cli/executor.go:825.30,827.3 1 0
github.com/openshift/oc-mirror/v2/pkg/cli/executor.go:828.2,828.57 1 0
github.com/openshift/oc-mirror/v2/pkg/cli/executor.go:828.57,830.3 1 0
github.com/openshift/oc-mirror/v2/pkg/cli/executor.go:831.2,831.12 1 0
github.com/openshift/oc-mirror/v2/pkg/cli/executor.go:835.63,840.16 3 0
github.com/openshift/oc-mirror/v2/pkg/cli/executor.go:840.16,842.3 1 0
github.com/openshift/oc-mirror/v2/pkg/cli/executor.go:843.2,855.16 8 0
github.com/openshift/oc-mirror/v2/pkg/cli/executor.go:855.16,857.3 1 0
github.com/openshift/oc-mirror/v2/pkg/cli/executor.go:858.2,858.33 1 0
github.com/openshift/oc-mirror/v2/pkg/cli/executor.go:858.33,860.3 1 0
github.com/openshift/oc-mirror/v2/pkg/cli/executor.go:861.2,866.16 5 0
github.com/openshift/oc-mirror/v2/pkg/cli/executor.go:866.16,868.3 1 0
github.com/openshift/oc-mirror/v2/pkg/cli/executor.go:869.2,870.16 2 0
github.com/openshift/oc-mirror/v2/pkg/cli/executor.go:870.16,872.3 1 0
github.com/openshift/oc-mirror/v2/pkg/cli/executor.go:873.2,880.12 7 0
github.com/openshift/oc-mirror/v2/pkg/cli/executor.go:884.78,889.16 3 0
github.com/openshift/oc-mirror/v2/pkg/cli/executor.go:889.16,891.3 1 0
github.com/openshift/oc-mirror/v2/pkg/cli/executor.go:892.2,898.16 5 0
github.com/openshift/oc-mirror/v2/pkg/cli/executor.go:898.16,900.3 1 0
github.com/openshift/oc-mirror/v2/pkg/cli/executor.go:902.2,905.32 4 0
github.com/openshift/oc-mirror/v2/pkg/cli/executor.go:905.32,908.17 3 0
github.com/openshift/oc-mirror/v2/pkg/cli/executor.go:908.17,910.4 1 0
github.com/openshift/oc-mirror/v2/pkg/cli/executor.go:911.3,911.28 1 0
github.com/openshift/oc-mirror/v2/pkg/cli/executor.go:911.28,913.4 1 0
github.com/openshift/oc-mirror/v2/pkg/cli/executor.go:914.3,914.44 1 0
github.com/openshift/oc-mirror/v2/pkg/cli/executor.go:918.2,919.16 2 0
github.com/openshift/oc-mirror/v2/pkg/cli/executor.go:919.16,921.3 1 0
github.com/openshift/oc-mirror/v2/pkg/cli/executor.go:922.2,922.23 1 0
github.com/openshift/oc-mirror/v2/pkg/cli/executor.go:922.23,924.44 2 0
github.com/openshift/oc-mirror/v2/pkg/cli/executor.go:924.44,925.15 1 0
github.com/openshift/oc-mirror/v2/pkg/cli/executor.go:925.15,927.5 1 0
github.com/openshift/oc-mirror/v2/pkg/cli/executor.go:929.3,929.133 1 0
github.com/openshift/oc-mirror/v2/pkg/cli/executor.go:932.2,934.12 3 0
github.com/openshift/oc-mirror/v2/pkg/clusterresources/clusterresources.go:32.22,34.2 1 0
github.com/openshift/oc-mirror/v2/pkg/clusterresources/clusterresources.go:62.134,65.16 2 0
github.com/openshift/oc-mirror/v2/pkg/clusterresources/clusterresources.go:65.16,67.3 1 0
github.com/openshift/oc-mirror/v2/pkg/clusterresources/clusterresources.go:70.2,71.16 2 0
github.com/openshift/oc-mirror/v2/pkg/clusterresources/clusterresources.go:71.16,73.3 1 0
github.com/openshift/oc-mirror/v2/pkg/clusterresources/clusterresources.go:75.2,76.16 2 0
github.com/openshift/oc-mirror/v2/pkg/clusterresources/clusterresources.go:76.16,78.3 1 0
github.com/openshift/oc-mirror/v2/pkg/clusterresources/clusterresources.go:80.2,81.16 2 0
github.com/openshift/oc-mirror/v2/pkg/clusterresources/clusterresources.go:81.16,83.3 1 0
github.com/openshift/oc-mirror/v2/pkg/clusterresources/clusterresources.go:86.2,86.27 1 0
github.com/openshift/oc-mirror/v2/pkg/clusterresources/clusterresources.go:86.27,88.17 2 0
github.com/openshift/oc-mirror/v2/pkg/clusterresources/clusterresources.go:88.17,90.4 1 0
github.com/openshift/oc-mirror/v2/pkg/clusterresources/clusterresources.go:91.3,92.17 2 0
github.com/openshift/oc-mirror/v2/pkg/clusterresources/clusterresources.go:92.17,94.4 1 0
github.com/openshift/oc-mirror/v2/pkg/clusterresources/clusterresources.go:96.2,96.12 1 0
github.com/openshift/oc-mirror/v2/pkg/clusterresources/clusterresources.go:99.126,102.51 2 0
github.com/openshift/oc-mirror/v2/pkg/clusterresources/clusterresources.go:102.51,115.54 2 0
github.com/openshift/oc-mirror/v2/pkg/clusterresources/clusterresources.go:115.54,121.4 2 0
github.com/openshift/oc-mirror/v2/pkg/clusterresources/clusterresources.go:124.2,124.22 1 0
github.com/openshift/oc-mirror/v2/pkg/clusterresources/clusterresources.go:127.169,130.36 3 0
github.com/openshift/oc-mirror/v2/pkg/clusterresources/clusterresources.go:130.36,132.17 2 0
github.com/openshift/oc-mirror/v2/pkg/clusterresources/clusterresources.go:132.17,134.4 1 0
github.com/openshift/oc-mirror/v2/pkg/clusterresources/clusterresources.go:135.3,136.52 2 0
github.com/openshift/oc-mirror/v2/pkg/clusterresources/clusterresources.go:139.2,139.67 1 0
github.com/openshift/oc-mirror/v2/pkg/clusterresources/clusterresources.go:139.67,142.17 3 0
github.com/openshift/oc-mirror/v2/pkg/clusterresources/clusterresources.go:142.17,144.4 1 0
github.com/openshift/oc-mirror/v2/pkg/clusterresources/clusterresources.go:145.3,145.56 1 0
github.com/openshift/oc-mirror/v2/pkg/clusterresources/clusterresources.go:147.2,148.16 2 0
github.com/openshift/oc-mirror/v2/pkg/clusterresources/clusterresources.go:148.16,150.3 1 0
github.com/openshift/oc-mirror/v2/pkg/clusterresources/clusterresources.go:151.2,156.12 4 0
github.com/openshift/oc-mirror/v2/pkg/clusterresources/clusterresources.go:159.111,160.45 1 0
github.com/openshift/oc-mirror/v2/pkg/clusterresources/clusterresources.go:160.45,161.53 1 0
github.com/openshift/oc-mirror/v2/pkg/clusterresources/clusterresources.go:161.53,165.18 3 0
github.com/openshift/oc-mirror/v2/pkg/clusterresources/clusterresources.go:165.18,167.5 1 0
github.com/openshift/oc-mirror/v2/pkg/clusterresources/clusterresources.go:170.2,170.12 1 0
github.com/openshift/oc-mirror/v2/pkg/clusterresources/clusterresources.go:173.77,174.73 1 0
github.com/openshift/oc-mirror/v2/pkg/clusterresources/clusterresources.go:174.73,175.47 1 0
github.com/openshift/oc-mirror/v2/pkg/clusterresources/clusterresources.go:175.47,177.4 1 0
github.com/openshift/oc-mirror/v2/pkg/clusterresources/clusterresources.go:179.2,179.11 1 0
github.com/openshift/oc-mirror/v2/pkg/clusterresources/clusterresources.go:182.118,185.16 2 0
github.com/openshift/oc-mirror/v2/pkg/clusterresources/clusterresources.go:185.16,187.3 1 0
github.com/openshift/oc-mirror/v2/pkg/clusterresources/clusterresources.go:189.2,190.35 2 0
github.com/openshift/oc-mirror/v2/pkg/clusterresources/clusterresources.go:190.35,191.46 1 0
github.com/openshift/oc-mirror/v2/pkg/clusterresources/clusterresources.go:191.46,193.4 1 0
github.com/openshift/oc-mirror/v2/pkg/clusterresources/clusterresources.go:193.9,195.4 1 0
github.com/openshift/oc-mirror/v2/pkg/clusterresources/clusterresources.go:196.8,199.3 2 0
github.com/openshift/oc-mirror/v2/pkg/clusterresources/clusterresources.go:201.2,201.20 1 0
github.com/openshift/oc-mirror/v2/pkg/clusterresources/clusterresources.go:201.20,203.3 1 0
github.com/openshift/oc-mirror/v2/pkg/clusterresources/clusterresources.go:205.2,209.57 5 0
github.com/openshift/oc-mirror/v2/pkg/clusterresources/clusterresources.go:209.57,211.3 1 0
github.com/openshift/oc-mirror/v2/pkg/clusterresources/clusterresources.go:213.2,215.37 3 0
github.com/openshift/oc-mirror/v2/pkg/clusterresources/clusterresources.go:215.37,217.17 2 0
github.com/openshift/oc-mirror/v2/pkg/clusterresources/clusterresources.go:217.17,220.4 2 0
github.com/openshift/oc-mirror/v2/pkg/clusterresources/clusterresources.go:222.2,222.64 1 0
github.com/openshift/oc-mirror/v2/pkg/clusterresources/clusterresources.go:222.64,237.3 1 0
github.com/openshift/oc-mirror/v2/pkg/clusterresources/clusterresources.go:238.2,239.16 2 0
github.com/openshift/oc-mirror/v2/pkg/clusterresources/clusterresources.go:239.16,241.3 1 0
github.com/openshift/oc-mirror/v2/pkg/clusterresources/clusterresources.go:243.2,245.67 2 0
github.com/openshift/oc-mirror/v2/pkg/clusterresources/clusterresources.go:245.67,248.17 3 0
github.com/openshift/oc-mirror/v2/pkg/clusterresources/clusterresources.go:248.17,250.4 1 0
github.com/openshift/oc-mirror/v2/pkg/clusterresources/clusterresources.go:251.3,251.58 1 0
github.com/openshift/oc-mirror/v2/pkg/clusterresources/clusterresources.go:253.2,254.16 2 0
github.com/openshift/oc-mirror/v2/pkg/clusterresources/clusterresources.go:254.16,256.3 1 0
github.com/openshift/oc-mirror/v2/pkg/clusterresources/clusterresources.go:258.2,263.12 4 0
github.com/openshift/oc-mirror/v2/pkg/clusterresources/clusterresources.go:266.120,270.24 3 0
github.com/openshift/oc-mirror/v2/pkg/clusterresources/clusterresources.go:270.24,272.3 1 0
github.com/openshift/oc-mirror/v2/pkg/clusterresources/clusterresources.go:273.2,273.16 1 0
github.com/openshift/oc-mirror/v2/pkg/clusterresources/clusterresources.go:273.16,275.3 1 0
github.com/openshift/oc-mirror/v2/pkg/clusterresources/clusterresources.go:276.2,277.16 2 0
github.com/openshift/oc-mirror/v2/pkg/clusterresources/clusterresources.go:277.16,279.3 1 0
github.com/openshift/oc-mirror/v2/pkg/clusterresources/clusterresources.go:280.2,281.16 2 0
github.com/openshift/oc-mirror/v2/pkg/clusterresources/clusterresources.go:281.16,283.3 1 0
github.com/openshift/oc-mirror/v2/pkg/clusterresources/clusterresources.go:286.2,286.55 1 0
github.com/openshift/oc-mirror/v2/pkg/clusterresources/clusterresources.go:286.55,288.3 1 0
github.com/openshift/oc-mirror/v2/pkg/clusterresources/clusterresources.go:289.2,289.33 1 0
github.com/openshift/oc-mirror/v2/pkg/clusterresources/clusterresources.go:289.33,291.3 1 0
github.com/openshift/oc-mirror/v2/pkg/clusterresources/clusterresources.go:292.2,292.64 1 0
github.com/openshift/oc-mirror/v2/pkg/clusterresources/clusterresources.go:292.64,294.3 1 0
github.com/openshift/oc-mirror/v2/pkg/clusterresources/clusterresources.go:295.2,295.30 1 0
github.com/openshift/oc-mirror/v2/pkg/clusterresources/clusterresources.go:295.30,297.3 1 0
github.com/openshift/oc-mirror/v2/pkg/clusterresources/clusterresources.go:299.2,306.16 6 0
github.com/openshift/oc-mirror/v2/pkg/clusterresources/clusterresources.go:306.16,308.3 1 0
github.com/openshift/oc-mirror/v2/pkg/clusterresources/clusterresources.go:310.2,310.17 1 0
github.com/openshift/oc-mirror/v2/pkg/clusterresources/clusterresources.go:313.129,317.51 2 0
github.com/openshift/oc-mirror/v2/pkg/clusterresources/clusterresources.go:317.51,330.54 2 0
github.com/openshift/oc-mirror/v2/pkg/clusterresources/clusterresources.go:330.54,336.4 2 0
github.com/openshift/oc-mirror/v2/pkg/clusterresources/clusterresources.go:339.2,339.22 1 0
github.com/openshift/oc-mirror/v2/pkg/clusterresources/clusterresources.go:342.192,344.48 2 0
github.com/openshift/oc-mirror/v2/pkg/clusterresources/clusterresources.go:344.48,345.32 1 0
github.com/openshift/oc-mirror/v2/pkg/clusterresources/clusterresources.go:345.32,347.4 1 0
github.com/openshift/oc-mirror/v2/pkg/clusterresources/clusterresources.go:348.3,348.56 1 0
github.com/openshift/oc-mirror/v2/pkg/clusterresources/clusterresources.go:348.56,352.12 1 0
github.com/openshift/oc-mirror/v2/pkg/clusterresources/clusterresources.go:354.3,355.17 2 0
github.com/openshift/oc-mirror/v2/pkg/clusterresources/clusterresources.go:355.17,357.4 1 0
github.com/openshift/oc-mirror/v2/pkg/clusterresources/clusterresources.go:358.3,359.17 2 0
github.com/openshift/oc-mirror/v2/pkg/clusterresources/clusterresources.go:359.17,361.4 1 0
github.com/openshift/oc-mirror/v2/pkg/clusterresources/clusterresources.go:362.3,363.15 2 0
github.com/openshift/oc-mirror/v2/pkg/clusterresources/clusterresources.go:364.21,365.36 1 0
github.com/openshift/oc-mirror/v2/pkg/clusterresources/clusterresources.go:365.36,367.5 1 0
github.com/openshift/oc-mirror/v2/pkg/clusterresources/clusterresources.go:368.24,369.37 1 0
github.com/openshift/oc-mirror/v2/pkg/clusterresources/clusterresources.go:369.37,371.5 1 0
github.com/openshift/oc-mirror/v2/pkg/clusterresources/clusterresources.go:373.3,373.17 1 0
github.com/openshift/oc-mirror/v2/pkg/clusterresources/clusterresources.go:373.17,374.12 1 0
github.com/openshift/oc-mirror/v2/pkg/clusterresources/clusterresources.go:376.3,377.27 2 0
github.com/openshift/oc-mirror/v2/pkg/clusterresources/clusterresources.go:377.27,379.4 1 0
github.com/openshift/oc-mirror/v2/pkg/clusterresources/clusterresources.go:379.9,381.4 1 0
github.com/openshift/oc-mirror/v2/pkg/clusterresources/clusterresources.go:382.3,383.27 2 0
github.com/openshift/oc-mirror/v2/pkg/clusterresources/clusterresources.go:383.27,385.4 1 0
github.com/openshift/oc-mirror/v2/pkg/clusterresources/clusterresources.go:385.9,387.4 1 0
github.com/openshift/oc-mirror/v2/pkg/clusterresources/clusterresources.go:389.3,390.55 2 0
github.com/openshift/oc-mirror/v2/pkg/clusterresources/clusterresources.go:390.55,395.4 1 0
github.com/openshift/oc-mirror/v2/pkg/clusterresources/clusterresources.go:397.3,399.29 2 0
github.com/openshift/oc-mirror/v2/pkg/clusterresources/clusterresources.go:399.29,401.4 1 0
github.com/openshift/oc-mirror/v2/pkg/clusterresources/clusterresources.go:401.9,403.38 2 0
github.com/openshift/oc-mirror/v2/pkg/clusterresources/clusterresources.go:403.38,404.40 1 0
github.com/openshift/oc-mirror/v2/pkg/clusterresources/clusterresources.go:404.40,406.11 2 0
github.com/openshift/oc-mirror/v2/pkg/clusterresources/clusterresources.go:409.4,409.21 1 0
github.com/openshift/oc-mirror/v2/pkg/clusterresources/clusterresources.go:409.21,411.5 1 0
github.com/openshift/oc-mirror/v2/pkg/clusterresources/clusterresources.go:414.2,415.44 2 0
github.com/openshift/oc-mirror/v2/pkg/clusterresources/clusterresources.go:415.44,417.3 1 0
github.com/openshift/oc-mirror/v2/pkg/clusterresources/clusterresources.go:418.2,418.36 1 0
github.com/openshift/oc-mirror/v2/pkg/clusterresources/clusterresources.go:421.105,425.16 2 0
github.com/openshift/oc-mirror/v2/pkg/clusterresources/clusterresources.go:425.16,427.3 1 0
github.com/openshift/oc-mirror/v2/pkg/clusterresources/clusterresources.go:428.2,431.16 3 0
github.com/openshift/oc-mirror/v2/pkg/clusterresources/clusterresources.go:431.16,433.3 1 0
github.com/openshift/oc-mirror/v2/pkg/clusterresources/clusterresources.go:435.2,452.16 3 0
github.com/openshift/oc-mirror/v2/pkg/clusterresources/clusterresources.go:452.16,454.3 1 0
github.com/openshift/oc-mirror/v2/pkg/clusterresources/clusterresources.go:456.2,461.65 3 0
github.com/openshift/oc-mirror/v2/pkg/clusterresources/clusterresources.go:461.65,464.17 3 0
github.com/openshift/oc-mirror/v2/pkg/clusterresources/clusterresources.go:464.17,466.4 1 0
github.com/openshift/oc-mirror/v2/pkg/clusterresources/clusterresources.go:467.3,467.55 1 0
github.com/openshift/oc-mirror/v2/pkg/clusterresources/clusterresources.go:469.2,470.16 2 0
github.com/openshift/oc-mirror/v2/pkg/clusterresources/clusterresources.go:470.16,472.3 1 0
github.com/openshift/oc-mirror/v2/pkg/clusterresources/clusterresources.go:473.2,478.12 4 0
github.com/openshift/oc-mirror/v2/pkg/clusterresources/clusterresources.go:481.53,485.2 3 0
github.com/openshift/oc-mirror/v2/pkg/clusterresources/clusterresources.go:487.54,489.2 1 0
github.com/openshift/oc-mirror/v2/pkg/clusterresources/clusterresources.go:491.43,492.11 1 0
github.com/openshift/oc-mirror/v2/pkg/clusterresources/clusterresources.go:493.23,494.19 1 0
github.com/openshift/oc-mirror/v2/pkg/clusterresources/clusterresources.go:495.24,496.20 1 0
github.com/openshift/oc-mirror/v2/pkg/clusterresources/clusterresources.go:497.23,498.19 1 0
github.com/openshift/oc-mirror/v2/pkg/clusterresources/clusterresources.go:499.10,500.19 1 0
github.com/openshift/oc-mirror/v2/pkg/clusterresources/clusterresources.go:504.71,505.19 1 0
github.com/openshift/oc-mirror/v2/pkg/clusterresources/clusterresources.go:506.36,507.25 1 0
github.com/openshift/oc-mirror/v2/pkg/clusterresources/clusterresources.go:508.28,509.25 1 0
github.com/openshift/oc-mirror/v2/pkg/clusterresources/clusterresources.go:510.31,511.25 1 0
github.com/openshift/oc-mirror/v2/pkg/clusterresources/clusterresources.go:512.38,513.25 1 0
github.com/openshift/oc-mirror/v2/pkg/clusterresources/clusterresources.go:514.35,515.26 1 0
github.com/openshift/oc-mirror/v2/pkg/clusterresources/clusterresources.go:516.36,517.26 1 0
github.com/openshift/oc-mirror/v2/pkg/clusterresources/clusterresources.go:518.41,519.26 1 0
github.com/openshift/oc-mirror/v2/pkg/clusterresources/clusterresources.go:520.28,521.25 1 0
github.com/openshift/oc-mirror/v2/pkg/clusterresources/clusterresources.go:522.10,523.25 1 0
github.com/openshift/oc-mirror/v2/pkg/clusterresources/clusterresources.go:527.39,532.2 3 0
github.com/openshift/oc-mirror/v2/pkg/clusterresources/clusterresources.go:534.29,536.9 2 0
github.com/openshift/oc-mirror/v2/pkg/clusterresources/clusterresources.go:537.28,538.11 1 0
github.com/openshift/oc-mirror/v2/pkg/clusterresources/clusterresources.go:539.28,540.11 1 0
github.com/openshift/oc-mirror/v2/pkg/clusterresources/clusterresources.go:541.16,542.11 1 0
github.com/openshift/oc-mirror/v2/pkg/clusterresources/clusterresources.go:543.10,545.13 1 0
github.com/openshift/oc-mirror/v2/pkg/config/defaults.go:9.52,11.2 1 0
github.com/openshift/oc-mirror/v2/pkg/config/defaults.go:13.72,14.91 1 0
github.com/openshift/oc-mirror/v2/pkg/config/defaults.go:14.91,16.3 1 0
github.com/openshift/oc-mirror/v2/pkg/config/load.go:18.82,21.16 2 0
github.com/openshift/oc-mirror/v2/pkg/config/load.go:21.16,23.3 1 0
github.com/openshift/oc-mirror/v2/pkg/config/load.go:24.2,26.16 2 0
github.com/openshift/oc-mirror/v2/pkg/config/load.go:26.16,28.3 1 0
github.com/openshift/oc-mirror/v2/pkg/config/load.go:30.2,30.37 1 0
github.com/openshift/oc-mirror/v2/pkg/config/load.go:31.74,33.17 2 0
github.com/openshift/oc-mirror/v2/pkg/config/load.go:33.17,35.4 1 0
github.com/openshift/oc-mirror/v2/pkg/config/load.go:36.10,37.85 1 0
github.com/openshift/oc-mirror/v2/pkg/config/load.go:40.2,42.24 2 0
github.com/openshift/oc-mirror/v2/pkg/config/load.go:46.76,50.51 2 0
github.com/openshift/oc-mirror/v2/pkg/config/load.go:50.51,52.3 1 0
github.com/openshift/oc-mirror/v2/pkg/config/load.go:54.2,56.39 3 0
github.com/openshift/oc-mirror/v2/pkg/config/load.go:56.39,58.3 1 0
github.com/openshift/oc-mirror/v2/pkg/config/load.go:60.2,62.15 2 0
github.com/openshift/oc-mirror/v2/pkg/config/load.go:66.65,72.39 4 0
github.com/openshift/oc-mirror/v2/pkg/config/load.go:72.39,74.3 1 0
github.com/openshift/oc-mirror/v2/pkg/config/load.go:76.2,78.15 2 0
github.com/openshift/oc-mirror/v2/pkg/config/load.go:81.69,82.56 1 0
github.com/openshift/oc-mirror/v2/pkg/config/load.go:82.56,84.3 1 0
github.com/openshift/oc-mirror/v2/pkg/config/load.go:85.2,85.22 1 0
github.com/openshift/oc-mirror/v2/pkg/config/validate.go:16.58,18.41 2 0
github.com/openshift/oc-mirror/v2/pkg/config/validate.go:18.41,19.36 1 0
github.com/openshift/oc-mirror/v2/pkg/config/validate.go:19.36,21.4 1 0
github.com/openshift/oc-mirror/v2/pkg/config/validate.go:23.2,23.38 1 0
github.com/openshift/oc-mirror/v2/pkg/config/validate.go:26.73,28.44 2 0
github.com/openshift/oc-mirror/v2/pkg/config/validate.go:28.44,30.17 2 0
github.com/openshift/oc-mirror/v2/pkg/config/validate.go:30.17,32.4 1 0
github.com/openshift/oc-mirror/v2/pkg/config/validate.go:33.3,33.21 1 0
github.com/openshift/oc-mirror/v2/pkg/config/validate.go:33.21,37.4 1 0
github.com/openshift/oc-mirror/v2/pkg/config/validate.go:38.3,38.24 1 0
github.com/openshift/oc-mirror/v2/pkg/config/validate.go:40.2,40.12 1 0
github.com/openshift/oc-mirror/v2/pkg/config/validate.go:43.73,45.55 2 0
github.com/openshift/oc-mirror/v2/pkg/config/validate.go:45.55,46.25 1 0
github.com/openshift/oc-mirror/v2/pkg/config/validate.go:46.25,50.4 1 0
github.com/openshift/oc-mirror/v2/pkg/config/validate.go:51.3,51.28 1 0
github.com/openshift/oc-mirror/v2/pkg/config/validate.go:53.2,53.12 1 0
github.com/openshift/oc-mirror/v2/pkg/history/error.go:11.44,13.2 1 0
github.com/openshift/oc-mirror/v2/pkg/history/error.go:15.69,19.2 1 0
github.com/openshift/oc-mirror/v2/pkg/history/error.go:21.48,24.2 2 0
github.com/openshift/oc-mirror/v2/pkg/history/history.go:25.132,26.17 1 0
github.com/openshift/oc-mirror/v2/pkg/history/history.go:26.17,28.3 1 0
github.com/openshift/oc-mirror/v2/pkg/history/history.go:28.8,30.3 1 0
github.com/openshift/oc-mirror/v2/pkg/history/history.go:31.2,34.16 3 0
github.com/openshift/oc-mirror/v2/pkg/history/history.go:34.16,36.3 1 0
github.com/openshift/oc-mirror/v2/pkg/history/history.go:37.2,41.8 1 0
github.com/openshift/oc-mirror/v2/pkg/history/history.go:44.52,49.42 3 0
github.com/openshift/oc-mirror/v2/pkg/history/history.go:49.42,51.3 1 0
github.com/openshift/oc-mirror/v2/pkg/history/history.go:51.8,51.23 1 0
github.com/openshift/oc-mirror/v2/pkg/history/history.go:51.23,53.3 1 0
github.com/openshift/oc-mirror/v2/pkg/history/history.go:55.2,56.16 2 0
github.com/openshift/oc-mirror/v2/pkg/history/history.go:56.16,58.3 1 0
github.com/openshift/oc-mirror/v2/pkg/history/history.go:59.2,63.21 3 0
github.com/openshift/oc-mirror/v2/pkg/history/history.go:63.21,66.3 2 0
github.com/openshift/oc-mirror/v2/pkg/history/history.go:68.2,68.38 1 0
github.com/openshift/oc-mirror/v2/pkg/history/history.go:68.38,70.3 1 0
github.com/openshift/oc-mirror/v2/pkg/history/history.go:72.2,72.24 1 0
github.com/openshift/oc-mirror/v2/pkg/history/history.go:75.67,78.16 3 0
github.com/openshift/oc-mirror/v2/pkg/history/history.go:78.16,80.3 1 0
github.com/openshift/oc-mirror/v2/pkg/history/history.go:82.2,85.43 3 0
github.com/openshift/oc-mirror/v2/pkg/history/history.go:85.43,86.33 1 0
github.com/openshift/oc-mirror/v2/pkg/history/history.go:86.33,88.18 2 0
github.com/openshift/oc-mirror/v2/pkg/history/history.go:88.18,90.5 1 0
github.com/openshift/oc-mirror/v2/pkg/history/history.go:92.4,92.24 1 0
github.com/openshift/oc-mirror/v2/pkg/history/history.go:92.24,93.62 1 0
github.com/openshift/oc-mirror/v2/pkg/history/history.go:93.62,96.6 2 0
github.com/openshift/oc-mirror/v2/pkg/history/history.go:97.10,98.35 1 0
github.com/openshift/oc-mirror/v2/pkg/history/history.go:98.35,101.6 2 0
github.com/openshift/oc-mirror/v2/pkg/history/history.go:105.2,105.23 1 0
github.com/openshift/oc-mirror/v2/pkg/history/history.go:105.23,107.3 1 0
github.com/openshift/oc-mirror/v2/pkg/history/history.go:107.8,109.3 1 0
github.com/openshift/oc-mirror/v2/pkg/history/history.go:110.2,110.29 1 0
github.com/openshift/oc-mirror/v2/pkg/history/history.go:113.50,115.2 1 0
github.com/openshift/oc-mirror/v2/pkg/history/history.go:117.62,120.16 3 0
github.com/openshift/oc-mirror/v2/pkg/history/history.go:120.16,123.3 2 0
github.com/openshift/oc-mirror/v2/pkg/history/history.go:124.2,124.22 1 0
github.com/openshift/oc-mirror/v2/pkg/history/history.go:127.85,132.57 3 0
github.com/openshift/oc-mirror/v2/pkg/history/history.go:132.57,134.3 1 0
github.com/openshift/oc-mirror/v2/pkg/history/history.go:136.2,136.34 1 0
github.com/openshift/oc-mirror/v2/pkg/history/history.go:136.34,138.3 1 0
github.com/openshift/oc-mirror/v2/pkg/history/history.go:140.2,141.16 2 0
github.com/openshift/oc-mirror/v2/pkg/history/history.go:141.16,143.3 1 0
github.com/openshift/oc-mirror/v2/pkg/history/history.go:144.2,148.33 3 0
github.com/openshift/oc-mirror/v2/pkg/history/history.go:148.33,150.17 2 0
github.com/openshift/oc-mirror/v2/pkg/history/history.go:150.17,153.4 2 0
github.com/openshift/oc-mirror/v2/pkg/history/history.go:156.2,157.16 2 0
github.com/openshift/oc-mirror/v2/pkg/history/history.go:157.16,160.3 2 0
github.com/openshift/oc-mirror/v2/pkg/history/history.go:162.2,162.26 1 0
github.com/openshift/oc-mirror/v2/pkg/history/history.go:166.39,168.2 1 0
github.com/openshift/oc-mirror/v2/pkg/history/history.go:170.70,173.2 2 0
github.com/openshift/oc-mirror/v2/pkg/image/image.go:51.49,53.37 2 0
github.com/openshift/oc-mirror/v2/pkg/image/image.go:53.37,56.25 3 0
github.com/openshift/oc-mirror/v2/pkg/image/image.go:56.25,60.4 3 0
github.com/openshift/oc-mirror/v2/pkg/image/image.go:61.8,66.3 4 0
github.com/openshift/oc-mirror/v2/pkg/image/image.go:67.2,67.41 1 0
github.com/openshift/oc-mirror/v2/pkg/image/image.go:67.41,69.24 2 0
github.com/openshift/oc-mirror/v2/pkg/image/image.go:69.24,71.18 2 0
github.com/openshift/oc-mirror/v2/pkg/image/image.go:71.18,73.5 1 0
github.com/openshift/oc-mirror/v2/pkg/image/image.go:74.4,76.30 3 0
github.com/openshift/oc-mirror/v2/pkg/image/image.go:78.8,78.48 1 0
github.com/openshift/oc-mirror/v2/pkg/image/image.go:78.48,82.3 3 0
github.com/openshift/oc-mirror/v2/pkg/image/image.go:84.2,84.24 1 0
github.com/openshift/oc-mirror/v2/pkg/image/image.go:84.24,86.3 1 0
github.com/openshift/oc-mirror/v2/pkg/image/image.go:87.2,87.86 1 0
github.com/openshift/oc-mirror/v2/pkg/image/image.go:87.86,89.3 1 0
github.com/openshift/oc-mirror/v2/pkg/image/image.go:91.2,91.41 1 0
github.com/openshift/oc-mirror/v2/pkg/image/image.go:91.41,93.36 2 0
github.com/openshift/oc-mirror/v2/pkg/image/image.go:93.36,96.4 2 0
github.com/openshift/oc-mirror/v2/pkg/image/image.go:96.9,96.43 1 0
github.com/openshift/oc-mirror/v2/pkg/image/image.go:96.43,98.4 1 0
github.com/openshift/oc-mirror/v2/pkg/image/image.go:98.9,100.4 1 0
github.com/openshift/oc-mirror/v2/pkg/image/image.go:101.8,103.3 1 0
github.com/openshift/oc-mirror/v2/pkg/image/image.go:105.2,105.21 1 0
github.com/openshift/oc-mirror/v2/pkg/image/image.go:108.43,110.2 1 0
github.com/openshift/oc-mirror/v2/pkg/image/image.go:112.78,113.25 1 0
github.com/openshift/oc-mirror/v2/pkg/image/image.go:113.25,115.3 1 0
github.com/openshift/oc-mirror/v2/pkg/image/image.go:116.2,117.16 2 0
github.com/openshift/oc-mirror/v2/pkg/image/image.go:117.16,119.3 1 0
github.com/openshift/oc-mirror/v2/pkg/image/image.go:120.2,123.38 3 0
github.com/openshift/oc-mirror/v2/pkg/image/image.go:123.38,130.3 3 0
github.com/openshift/oc-mirror/v2/pkg/image/image.go:131.2,131.81 1 0
github.com/openshift/oc-mirror/v2/pkg/image/image.go:134.43,135.44 1 0
github.com/openshift/oc-mirror/v2/pkg/image/image.go:135.44,138.3 2 0
github.com/openshift/oc-mirror/v2/pkg/image/image.go:138.8,140.3 1 0
github.com/openshift/oc-mirror/v2/pkg/imagebuilder/builder.go:44.45,46.2 1 0
github.com/openshift/oc-mirror/v2/pkg/imagebuilder/builder.go:49.101,60.28 3 0
github.com/openshift/oc-mirror/v2/pkg/imagebuilder/builder.go:60.28,62.3 1 0
github.com/openshift/oc-mirror/v2/pkg/imagebuilder/builder.go:62.8,67.3 3 0
github.com/openshift/oc-mirror/v2/pkg/imagebuilder/builder.go:69.2,73.3 1 0
github.com/openshift/oc-mirror/v2/pkg/imagebuilder/builder.go:76.53,98.2 1 0
github.com/openshift/oc-mirror/v2/pkg/imagebuilder/builder.go:111.140,122.21 4 0
github.com/openshift/oc-mirror/v2/pkg/imagebuilder/builder.go:122.21,124.3 1 0
github.com/openshift/oc-mirror/v2/pkg/imagebuilder/builder.go:126.2,127.16 2 0
github.com/openshift/oc-mirror/v2/pkg/imagebuilder/builder.go:127.16,129.3 1 0
github.com/openshift/oc-mirror/v2/pkg/imagebuilder/builder.go:131.2,132.16 2 0
github.com/openshift/oc-mirror/v2/pkg/imagebuilder/builder.go:132.16,134.3 1 0
github.com/openshift/oc-mirror/v2/pkg/imagebuilder/builder.go:136.2,137.16 2 0
github.com/openshift/oc-mirror/v2/pkg/imagebuilder/builder.go:137.16,139.3 1 0
github.com/openshift/oc-mirror/v2/pkg/imagebuilder/builder.go:140.2,144.16 3 0
github.com/openshift/oc-mirror/v2/pkg/imagebuilder/builder.go:144.16,146.3 1 0
github.com/openshift/oc-mirror/v2/pkg/imagebuilder/builder.go:150.2,150.14 1 0
github.com/openshift/oc-mirror/v2/pkg/imagebuilder/builder.go:150.14,152.3 1 0
github.com/openshift/oc-mirror/v2/pkg/imagebuilder/builder.go:154.2,155.53 2 0
github.com/openshift/oc-mirror/v2/pkg/imagebuilder/builder.go:155.53,157.3 1 0
github.com/openshift/oc-mirror/v2/pkg/imagebuilder/builder.go:159.2,160.16 2 0
github.com/openshift/oc-mirror/v2/pkg/imagebuilder/builder.go:160.16,162.3 1 0
github.com/openshift/oc-mirror/v2/pkg/imagebuilder/builder.go:164.2,165.16 2 0
github.com/openshift/oc-mirror/v2/pkg/imagebuilder/builder.go:165.16,167.3 1 0
github.com/openshift/oc-mirror/v2/pkg/imagebuilder/builder.go:172.2,173.16 2 0
github.com/openshift/oc-mirror/v2/pkg/imagebuilder/builder.go:173.16,175.3 1 0
github.com/openshift/oc-mirror/v2/pkg/imagebuilder/builder.go:176.2,177.61 2 0
github.com/openshift/oc-mirror/v2/pkg/imagebuilder/builder.go:177.61,178.37 1 0
github.com/openshift/oc-mirror/v2/pkg/imagebuilder/builder.go:178.37,182.9 2 0
github.com/openshift/oc-mirror/v2/pkg/imagebuilder/builder.go:183.9,183.44 1 0
github.com/openshift/oc-mirror/v2/pkg/imagebuilder/builder.go:183.44,186.18 2 0
github.com/openshift/oc-mirror/v2/pkg/imagebuilder/builder.go:186.18,188.5 1 0
github.com/openshift/oc-mirror/v2/pkg/imagebuilder/builder.go:190.4,190.9 1 0
github.com/openshift/oc-mirror/v2/pkg/imagebuilder/builder.go:194.2,194.66 1 0
github.com/openshift/oc-mirror/v2/pkg/imagebuilder/builder.go:218.173,222.16 4 0
github.com/openshift/oc-mirror/v2/pkg/imagebuilder/builder.go:222.16,224.3 1 0
github.com/openshift/oc-mirror/v2/pkg/imagebuilder/builder.go:225.2,225.49 1 0
github.com/openshift/oc-mirror/v2/pkg/imagebuilder/builder.go:225.49,227.29 2 0
github.com/openshift/oc-mirror/v2/pkg/imagebuilder/builder.go:228.54,230.18 2 0
github.com/openshift/oc-mirror/v2/pkg/imagebuilder/builder.go:230.18,232.5 1 0
github.com/openshift/oc-mirror/v2/pkg/imagebuilder/builder.go:234.4,235.18 2 0
github.com/openshift/oc-mirror/v2/pkg/imagebuilder/builder.go:235.18,237.5 1 0
github.com/openshift/oc-mirror/v2/pkg/imagebuilder/builder.go:238.4,241.25 2 0
github.com/openshift/oc-mirror/v2/pkg/imagebuilder/builder.go:242.36,243.20 1 0
github.com/openshift/oc-mirror/v2/pkg/imagebuilder/builder.go:244.33,245.21 1 0
github.com/openshift/oc-mirror/v2/pkg/imagebuilder/builder.go:246.11,247.101 1 0
github.com/openshift/oc-mirror/v2/pkg/imagebuilder/builder.go:250.3,251.17 2 0
github.com/openshift/oc-mirror/v2/pkg/imagebuilder/builder.go:251.17,253.4 1 0
github.com/openshift/oc-mirror/v2/pkg/imagebuilder/builder.go:257.3,258.16 2 0
github.com/openshift/oc-mirror/v2/pkg/imagebuilder/builder.go:258.16,260.4 1 0
github.com/openshift/oc-mirror/v2/pkg/imagebuilder/builder.go:260.9,262.4 1 0
github.com/openshift/oc-mirror/v2/pkg/imagebuilder/builder.go:263.3,264.32 2 0
github.com/openshift/oc-mirror/v2/pkg/imagebuilder/builder.go:264.32,266.4 1 0
github.com/openshift/oc-mirror/v2/pkg/imagebuilder/builder.go:267.3,268.17 2 0
github.com/openshift/oc-mirror/v2/pkg/imagebuilder/builder.go:268.17,270.4 1 0
github.com/openshift/oc-mirror/v2/pkg/imagebuilder/builder.go:272.3,272.19 1 0
github.com/openshift/oc-mirror/v2/pkg/imagebuilder/builder.go:272.19,275.18 2 0
github.com/openshift/oc-mirror/v2/pkg/imagebuilder/builder.go:275.18,277.5 1 0
github.com/openshift/oc-mirror/v2/pkg/imagebuilder/builder.go:278.4,281.18 4 0
github.com/openshift/oc-mirror/v2/pkg/imagebuilder/builder.go:281.18,283.5 1 0
github.com/openshift/oc-mirror/v2/pkg/imagebuilder/builder.go:286.3,287.17 2 0
github.com/openshift/oc-mirror/v2/pkg/imagebuilder/builder.go:287.17,289.4 1 0
github.com/openshift/oc-mirror/v2/pkg/imagebuilder/builder.go:292.3,292.27 1 0
github.com/openshift/oc-mirror/v2/pkg/imagebuilder/builder.go:292.27,293.32 1 0
github.com/openshift/oc-mirror/v2/pkg/imagebuilder/builder.go:293.32,296.5 1 0
github.com/openshift/oc-mirror/v2/pkg/imagebuilder/builder.go:296.10,297.52 1 0
github.com/openshift/oc-mirror/v2/pkg/imagebuilder/builder.go:297.52,300.6 1 0
github.com/openshift/oc-mirror/v2/pkg/imagebuilder/builder.go:300.11,302.54 1 0
github.com/openshift/oc-mirror/v2/pkg/imagebuilder/builder.go:302.54,304.7 1 0
github.com/openshift/oc-mirror/v2/pkg/imagebuilder/builder.go:304.12,307.7 1 0
github.com/openshift/oc-mirror/v2/pkg/imagebuilder/builder.go:311.3,316.28 3 0
github.com/openshift/oc-mirror/v2/pkg/imagebuilder/builder.go:318.2,318.23 1 0
github.com/openshift/oc-mirror/v2/pkg/imagebuilder/builder.go:323.120,327.16 3 0
github.com/openshift/oc-mirror/v2/pkg/imagebuilder/builder.go:327.16,329.3 1 0
github.com/openshift/oc-mirror/v2/pkg/imagebuilder/builder.go:330.2,331.16 2 0
github.com/openshift/oc-mirror/v2/pkg/imagebuilder/builder.go:331.16,333.3 1 0
github.com/openshift/oc-mirror/v2/pkg/imagebuilder/builder.go:334.2,334.37 1 0
github.com/openshift/oc-mirror/v2/pkg/imagebuilder/builder.go:337.130,339.16 2 0
github.com/openshift/oc-mirror/v2/pkg/imagebuilder/builder.go:339.16,341.3 1 0
github.com/openshift/oc-mirror/v2/pkg/imagebuilder/builder.go:342.2,347.16 4 0
github.com/openshift/oc-mirror/v2/pkg/imagebuilder/builder.go:347.16,349.3 1 0
github.com/openshift/oc-mirror/v2/pkg/imagebuilder/builder.go:350.2,354.6 3 0
github.com/openshift/oc-mirror/v2/pkg/imagebuilder/builder.go:354.6,356.20 2 0
github.com/openshift/oc-mirror/v2/pkg/imagebuilder/builder.go:356.20,357.9 1 0
github.com/openshift/oc-mirror/v2/pkg/imagebuilder/builder.go:359.3,359.17 1 0
github.com/openshift/oc-mirror/v2/pkg/imagebuilder/builder.go:359.17,361.4 1 0
github.com/openshift/oc-mirror/v2/pkg/imagebuilder/builder.go:362.3,366.55 4 0
github.com/openshift/oc-mirror/v2/pkg/imagebuilder/builder.go:366.55,368.4 1 0
github.com/openshift/oc-mirror/v2/pkg/imagebuilder/builder.go:370.3,370.58 1 0
github.com/openshift/oc-mirror/v2/pkg/imagebuilder/builder.go:370.58,372.4 1 0
github.com/openshift/oc-mirror/v2/pkg/imagebuilder/builder.go:375.2,375.42 1 0
github.com/openshift/oc-mirror/v2/pkg/imagebuilder/builder.go:375.42,377.3 1 0
github.com/openshift/oc-mirror/v2/pkg/imagebuilder/builder.go:379.2,379.63 1 0
github.com/openshift/oc-mirror/v2/pkg/imagebuilder/builder.go:379.63,381.3 1 0
github.com/openshift/oc-mirror/v2/pkg/imagebuilder/builder.go:383.2,385.16 3 0
github.com/openshift/oc-mirror/v2/pkg/imagebuilder/builder.go:385.16,387.3 1 0
github.com/openshift/oc-mirror/v2/pkg/imagebuilder/builder.go:388.2,388.19 1 0
github.com/openshift/oc-mirror/v2/pkg/log/logger.go:26.49,28.2 1 0
github.com/openshift/oc-mirror/v2/pkg/log/logger.go:31.65,33.2 1 0
github.com/openshift/oc-mirror/v2/pkg/log/logger.go:36.64,38.2 1 0
github.com/openshift/oc-mirror/v2/pkg/log/logger.go:41.65,43.2 1 0
github.com/openshift/oc-mirror/v2/pkg/log/logger.go:46.65,48.2 1 0
github.com/openshift/oc-mirror/v2/pkg/log/logger.go:51.64,53.2 1 0
github.com/openshift/oc-mirror/v2/pkg/log/logger.go:56.47,58.2 1 0
github.com/openshift/oc-mirror/v2/pkg/manifest/oci-manifest.go:37.63,39.2 1 0
github.com/openshift/oc-mirror/v2/pkg/manifest/oci-manifest.go:42.74,45.16 3 0
github.com/openshift/oc-mirror/v2/pkg/manifest/oci-manifest.go:45.16,47.3 1 0
github.com/openshift/oc-mirror/v2/pkg/manifest/oci-manifest.go:48.2,49.16 2 0
github.com/openshift/oc-mirror/v2/pkg/manifest/oci-manifest.go:49.16,51.3 1 0
github.com/openshift/oc-mirror/v2/pkg/manifest/oci-manifest.go:52.2,52.17 1 0
github.com/openshift/oc-mirror/v2/pkg/manifest/oci-manifest.go:57.78,60.16 3 0
github.com/openshift/oc-mirror/v2/pkg/manifest/oci-manifest.go:60.16,62.3 1 0
github.com/openshift/oc-mirror/v2/pkg/manifest/oci-manifest.go:63.2,64.16 2 0
github.com/openshift/oc-mirror/v2/pkg/manifest/oci-manifest.go:64.16,66.3 1 0
github.com/openshift/oc-mirror/v2/pkg/manifest/oci-manifest.go:67.2,67.17 1 0
github.com/openshift/oc-mirror/v2/pkg/manifest/oci-manifest.go:71.90,74.16 3 0
github.com/openshift/oc-mirror/v2/pkg/manifest/oci-manifest.go:74.16,76.3 1 0
github.com/openshift/oc-mirror/v2/pkg/manifest/oci-manifest.go:77.2,78.16 2 0
github.com/openshift/oc-mirror/v2/pkg/manifest/oci-manifest.go:78.16,80.3 1 0
github.com/openshift/oc-mirror/v2/pkg/manifest/oci-manifest.go:81.2,81.17 1 0
github.com/openshift/oc-mirror/v2/pkg/manifest/oci-manifest.go:85.99,86.77 1 0
github.com/openshift/oc-mirror/v2/pkg/manifest/oci-manifest.go:86.77,87.35 1 0
github.com/openshift/oc-mirror/v2/pkg/manifest/oci-manifest.go:87.35,89.18 2 0
github.com/openshift/oc-mirror/v2/pkg/manifest/oci-manifest.go:89.18,91.5 1 0
github.com/openshift/oc-mirror/v2/pkg/manifest/oci-manifest.go:92.4,93.18 2 0
github.com/openshift/oc-mirror/v2/pkg/manifest/oci-manifest.go:93.18,95.5 1 0
github.com/openshift/oc-mirror/v2/pkg/manifest/oci-manifest.go:96.4,97.18 2 0
github.com/openshift/oc-mirror/v2/pkg/manifest/oci-manifest.go:97.18,99.5 1 0
github.com/openshift/oc-mirror/v2/pkg/manifest/oci-manifest.go:101.8,103.3 1 0
github.com/openshift/oc-mirror/v2/pkg/manifest/oci-manifest.go:104.2,104.12 1 0
github.com/openshift/oc-mirror/v2/pkg/manifest/oci-manifest.go:108.86,112.16 3 0
github.com/openshift/oc-mirror/v2/pkg/manifest/oci-manifest.go:112.16,114.3 1 0
github.com/openshift/oc-mirror/v2/pkg/manifest/oci-manifest.go:116.2,117.16 2 0
github.com/openshift/oc-mirror/v2/pkg/manifest/oci-manifest.go:117.16,119.3 1 0
github.com/openshift/oc-mirror/v2/pkg/manifest/oci-manifest.go:121.2,122.41 2 0
github.com/openshift/oc-mirror/v2/pkg/manifest/oci-manifest.go:122.41,124.3 1 0
github.com/openshift/oc-mirror/v2/pkg/manifest/oci-manifest.go:125.2,125.23 1 0
github.com/openshift/oc-mirror/v2/pkg/manifest/oci-manifest.go:129.72,134.16 4 0
github.com/openshift/oc-mirror/v2/pkg/manifest/oci-manifest.go:134.16,136.3 1 0
github.com/openshift/oc-mirror/v2/pkg/manifest/oci-manifest.go:138.2,139.6 2 0
github.com/openshift/oc-mirror/v2/pkg/manifest/oci-manifest.go:139.6,142.20 2 0
github.com/openshift/oc-mirror/v2/pkg/manifest/oci-manifest.go:142.20,143.9 1 0
github.com/openshift/oc-mirror/v2/pkg/manifest/oci-manifest.go:146.3,146.17 1 0
github.com/openshift/oc-mirror/v2/pkg/manifest/oci-manifest.go:146.17,148.4 1 0
github.com/openshift/oc-mirror/v2/pkg/manifest/oci-manifest.go:150.3,150.48 1 0
github.com/openshift/oc-mirror/v2/pkg/manifest/oci-manifest.go:150.48,151.27 1 0
github.com/openshift/oc-mirror/v2/pkg/manifest/oci-manifest.go:152.21,153.28 1 0
github.com/openshift/oc-mirror/v2/pkg/manifest/oci-manifest.go:153.28,154.80 1 0
github.com/openshift/oc-mirror/v2/pkg/manifest/oci-manifest.go:154.80,156.7 1 0
github.com/openshift/oc-mirror/v2/pkg/manifest/oci-manifest.go:158.21,160.19 2 0
github.com/openshift/oc-mirror/v2/pkg/manifest/oci-manifest.go:160.19,162.6 1 0
github.com/openshift/oc-mirror/v2/pkg/manifest/oci-manifest.go:163.5,164.19 2 0
github.com/openshift/oc-mirror/v2/pkg/manifest/oci-manifest.go:164.19,166.6 1 0
github.com/openshift/oc-mirror/v2/pkg/manifest/oci-manifest.go:167.5,167.58 1 0
github.com/openshift/oc-mirror/v2/pkg/manifest/oci-manifest.go:167.58,169.6 1 0
github.com/openshift/oc-mirror/v2/pkg/manifest/oci-manifest.go:170.5,170.20 1 0
github.com/openshift/oc-mirror/v2/pkg/manifest/oci-manifest.go:172.12,174.81 1 0
github.com/openshift/oc-mirror/v2/pkg/manifest/oci-manifest.go:178.2,178.12 1 0
github.com/openshift/oc-mirror/v2/pkg/manifest/oci-manifest.go:181.72,186.33 3 0
github.com/openshift/oc-mirror/v2/pkg/manifest/oci-manifest.go:186.33,188.3 1 0
github.com/openshift/oc-mirror/v2/pkg/manifest/oci-manifest.go:190.2,190.33 1 0
github.com/openshift/oc-mirror/v2/pkg/manifest/oci-manifest.go:190.33,192.31 2 0
github.com/openshift/oc-mirror/v2/pkg/manifest/oci-manifest.go:192.31,193.63 1 0
github.com/openshift/oc-mirror/v2/pkg/manifest/oci-manifest.go:193.63,195.5 1 0
github.com/openshift/oc-mirror/v2/pkg/manifest/oci-manifest.go:196.4,196.71 1 0
github.com/openshift/oc-mirror/v2/pkg/manifest/oci-manifest.go:196.71,198.5 1 0
github.com/openshift/oc-mirror/v2/pkg/manifest/oci-manifest.go:200.4,200.65 1 0
github.com/openshift/oc-mirror/v2/pkg/manifest/oci-manifest.go:205.2,205.32 1 0
github.com/openshift/oc-mirror/v2/pkg/manifest/oci-manifest.go:205.32,206.67 1 0
github.com/openshift/oc-mirror/v2/pkg/manifest/oci-manifest.go:206.67,208.4 1 0
github.com/openshift/oc-mirror/v2/pkg/manifest/oci-manifest.go:210.3,210.75 1 0
github.com/openshift/oc-mirror/v2/pkg/manifest/oci-manifest.go:210.75,212.4 1 0
github.com/openshift/oc-mirror/v2/pkg/manifest/oci-manifest.go:215.2,215.29 1 0
github.com/openshift/oc-mirror/v2/pkg/manifest/oci-manifest.go:218.153,222.34 2 0
github.com/openshift/oc-mirror/v2/pkg/manifest/oci-manifest.go:222.34,223.54 1 0
github.com/openshift/oc-mirror/v2/pkg/manifest/oci-manifest.go:223.54,229.18 3 0
github.com/openshift/oc-mirror/v2/pkg/manifest/oci-manifest.go:229.18,231.5 1 0
github.com/openshift/oc-mirror/v2/pkg/manifest/oci-manifest.go:236.4,236.25 1 0
github.com/openshift/oc-mirror/v2/pkg/manifest/oci-manifest.go:236.25,238.5 1 0
github.com/openshift/oc-mirror/v2/pkg/manifest/oci-manifest.go:240.8,241.50 1 0
github.com/openshift/oc-mirror/v2/pkg/manifest/oci-manifest.go:241.50,245.18 3 0
github.com/openshift/oc-mirror/v2/pkg/manifest/oci-manifest.go:245.18,247.5 1 0
github.com/openshift/oc-mirror/v2/pkg/manifest/oci-manifest.go:252.4,252.25 1 0
github.com/openshift/oc-mirror/v2/pkg/manifest/oci-manifest.go:252.25,254.5 1 0
github.com/openshift/oc-mirror/v2/pkg/manifest/oci-manifest.go:255.4,255.51 1 0
github.com/openshift/oc-mirror/v2/pkg/manifest/oci-manifest.go:259.2,259.31 1 0
github.com/openshift/oc-mirror/v2/pkg/manifest/oci-manifest.go:259.31,261.3 1 0
github.com/openshift/oc-mirror/v2/pkg/manifest/oci-manifest.go:263.2,263.27 1 0
github.com/openshift/oc-mirror/v2/pkg/manifest/oci-manifest.go:266.43,275.2 2 0
github.com/openshift/oc-mirror/v2/pkg/manifest/oci-manifest.go:277.107,285.2 6 0
github.com/openshift/oc-mirror/v2/pkg/manifest/oci-manifest.go:287.203,288.43 1 0
github.com/openshift/oc-mirror/v2/pkg/manifest/oci-manifest.go:288.43,290.3 1 0
github.com/openshift/oc-mirror/v2/pkg/manifest/oci-manifest.go:292.2,296.35 4 0
github.com/openshift/oc-mirror/v2/pkg/manifest/oci-manifest.go:296.35,297.51 1 0
github.com/openshift/oc-mirror/v2/pkg/manifest/oci-manifest.go:297.51,301.18 4 0
github.com/openshift/oc-mirror/v2/pkg/manifest/oci-manifest.go:301.18,303.5 1 0
github.com/openshift/oc-mirror/v2/pkg/manifest/oci-manifest.go:304.4,305.57 2 0
github.com/openshift/oc-mirror/v2/pkg/manifest/oci-manifest.go:307.8,310.17 3 0
github.com/openshift/oc-mirror/v2/pkg/manifest/oci-manifest.go:310.17,312.4 1 0
github.com/openshift/oc-mirror/v2/pkg/manifest/oci-manifest.go:313.3,314.56 2 0
github.com/openshift/oc-mirror/v2/pkg/manifest/oci-manifest.go:317.2,317.74 1 0
github.com/openshift/oc-mirror/v2/pkg/manifest/oci-manifest.go:317.74,318.11 1 0
github.com/openshift/oc-mirror/v2/pkg/manifest/oci-manifest.go:318.11,319.65 1 0
github.com/openshift/oc-mirror/v2/pkg/manifest/oci-manifest.go:319.65,320.54 1 0
github.com/openshift/oc-mirror/v2/pkg/manifest/oci-manifest.go:320.54,322.6 1 0
github.com/openshift/oc-mirror/v2/pkg/manifest/oci-manifest.go:323.10,325.5 1 0
github.com/openshift/oc-mirror/v2/pkg/manifest/oci-manifest.go:326.9,327.53 1 0
github.com/openshift/oc-mirror/v2/pkg/manifest/oci-manifest.go:327.53,329.5 1 0
github.com/openshift/oc-mirror/v2/pkg/manifest/oci-manifest.go:333.2,333.27 1 0
github.com/openshift/oc-mirror/v2/pkg/manifest/oci-manifest.go:336.70,339.2 1 0
github.com/openshift/oc-mirror/v2/pkg/manifest/oci-manifest.go:341.121,345.15 3 0
github.com/openshift/oc-mirror/v2/pkg/manifest/oci-manifest.go:345.15,347.17 2 0
github.com/openshift/oc-mirror/v2/pkg/manifest/oci-manifest.go:347.17,349.4 1 0
github.com/openshift/oc-mirror/v2/pkg/manifest/oci-manifest.go:352.2,352.15 1 0
github.com/openshift/oc-mirror/v2/pkg/manifest/oci-manifest.go:352.15,354.17 2 0
github.com/openshift/oc-mirror/v2/pkg/manifest/oci-manifest.go:354.17,356.4 1 0
github.com/openshift/oc-mirror/v2/pkg/manifest/oci-manifest.go:359.2,364.41 5 0
github.com/openshift/oc-mirror/v2/pkg/manifest/oci-manifest.go:364.41,367.17 2 0
github.com/openshift/oc-mirror/v2/pkg/manifest/oci-manifest.go:367.17,369.4 1 0
github.com/openshift/oc-mirror/v2/pkg/manifest/oci-manifest.go:371.3,371.28 1 0
github.com/openshift/oc-mirror/v2/pkg/manifest/oci-manifest.go:371.28,373.35 2 0
github.com/openshift/oc-mirror/v2/pkg/manifest/oci-manifest.go:373.35,375.5 1 0
github.com/openshift/oc-mirror/v2/pkg/manifest/oci-manifest.go:376.4,378.109 2 0
github.com/openshift/oc-mirror/v2/pkg/manifest/oci-manifest.go:383.3,383.30 1 0
github.com/openshift/oc-mirror/v2/pkg/manifest/oci-manifest.go:383.30,386.4 2 0
github.com/openshift/oc-mirror/v2/pkg/manifest/oci-manifest.go:393.3,393.87 1 0
github.com/openshift/oc-mirror/v2/pkg/manifest/oci-manifest.go:393.87,396.39 1 0
github.com/openshift/oc-mirror/v2/pkg/manifest/oci-manifest.go:396.39,397.13 1 0
github.com/openshift/oc-mirror/v2/pkg/manifest/oci-manifest.go:399.4,399.45 1 0
github.com/openshift/oc-mirror/v2/pkg/manifest/oci-manifest.go:403.2,403.26 1 0
github.com/openshift/oc-mirror/v2/pkg/manifest/oci-manifest.go:403.26,404.45 1 0
github.com/openshift/oc-mirror/v2/pkg/manifest/oci-manifest.go:404.45,405.50 1 0
github.com/openshift/oc-mirror/v2/pkg/manifest/oci-manifest.go:405.50,408.5 1 0
github.com/openshift/oc-mirror/v2/pkg/manifest/oci-manifest.go:410.4,410.70 1 0
github.com/openshift/oc-mirror/v2/pkg/manifest/oci-manifest.go:410.70,412.5 1 0
github.com/openshift/oc-mirror/v2/pkg/manifest/oci-manifest.go:416.2,416.72 1 0
github.com/openshift/oc-mirror/v2/pkg/manifest/oci-manifest.go:416.72,418.3 1 0
github.com/openshift/oc-mirror/v2/pkg/manifest/oci-manifest.go:420.2,420.22 1 0
github.com/openshift/oc-mirror/v2/pkg/manifest/oci-manifest.go:423.72,425.24 2 0
github.com/openshift/oc-mirror/v2/pkg/manifest/oci-manifest.go:425.24,427.3 1 0
github.com/openshift/oc-mirror/v2/pkg/manifest/oci-manifest.go:429.2,430.16 2 0
github.com/openshift/oc-mirror/v2/pkg/manifest/oci-manifest.go:430.16,432.3 1 0
github.com/openshift/oc-mirror/v2/pkg/manifest/oci-manifest.go:434.2,434.21 1 0
github.com/openshift/oc-mirror/v2/pkg/manifest/oci-manifest.go:437.48,439.2 1 0
[...]
github.com/openshift/oc-mirror/v2/pkg/release/core-cincinnati.go:296.2,297.16 2 0
github.com/openshift/oc-mirror/v2/pkg/release/core-cincinnati.go:297.16,299.3 1 0
github.com/openshift/oc-mirror/v2/pkg/release/core-cincinnati.go:300.2,303.33 3 0
github.com/openshift/oc-mirror/v2/pkg/release/core-cincinnati.go:308.123,310.16 2 0
github.com/openshift/oc-mirror/v2/pkg/release/core-cincinnati.go:310.16,312.3 1 0
github.com/openshift/oc-mirror/v2/pkg/release/core-cincinnati.go:313.2,313.33 1 0
github.com/openshift/oc-mirror/v2/pkg/release/core-cincinnati.go:313.33,314.21 1 0
github.com/openshift/oc-mirror/v2/pkg/release/core-cincinnati.go:314.21,316.4 1 0
github.com/openshift/oc-mirror/v2/pkg/release/core-cincinnati.go:318.2,318.18 1 0
github.com/openshift/oc-mirror/v2/pkg/release/core-cincinnati.go:323.123,326.21 2 0
github.com/openshift/oc-mirror/v2/pkg/release/core-cincinnati.go:326.21,328.3 1 0
github.com/openshift/oc-mirror/v2/pkg/release/core-cincinnati.go:329.2,330.21 2 0
github.com/openshift/oc-mirror/v2/pkg/release/core-cincinnati.go:330.21,332.3 1 0
github.com/openshift/oc-mirror/v2/pkg/release/core-cincinnati.go:333.2,334.16 2 0
github.com/openshift/oc-mirror/v2/pkg/release/core-cincinnati.go:334.16,336.3 1 0
github.com/openshift/oc-mirror/v2/pkg/release/core-cincinnati.go:337.2,338.16 2 0
github.com/openshift/oc-mirror/v2/pkg/release/core-cincinnati.go:338.16,340.3 1 0
github.com/openshift/oc-mirror/v2/pkg/release/core-cincinnati.go:341.2,342.36 2 0
github.com/openshift/oc-mirror/v2/pkg/release/core-cincinnati.go:347.119,352.16 3 0
github.com/openshift/oc-mirror/v2/pkg/release/core-cincinnati.go:352.16,358.3 1 0
github.com/openshift/oc-mirror/v2/pkg/release/core-cincinnati.go:361.2,362.75 2 0
github.com/openshift/oc-mirror/v2/pkg/release/core-cincinnati.go:362.75,365.17 3 0
github.com/openshift/oc-mirror/v2/pkg/release/core-cincinnati.go:365.17,371.4 1 0
github.com/openshift/oc-mirror/v2/pkg/release/core-cincinnati.go:374.2,375.35 2 0
github.com/openshift/oc-mirror/v2/pkg/release/core-cincinnati.go:375.35,376.81 1 0
github.com/openshift/oc-mirror/v2/pkg/release/core-cincinnati.go:376.81,378.4 1 0
github.com/openshift/oc-mirror/v2/pkg/release/core-cincinnati.go:381.2,383.20 2 0
github.com/openshift/oc-mirror/v2/pkg/release/core-cincinnati.go:383.20,388.3 1 0
github.com/openshift/oc-mirror/v2/pkg/release/core-cincinnati.go:390.2,390.9 1 0
github.com/openshift/oc-mirror/v2/pkg/release/core-cincinnati.go:390.9,392.3 1 0
github.com/openshift/oc-mirror/v2/pkg/release/core-cincinnati.go:394.2,394.31 1 0
github.com/openshift/oc-mirror/v2/pkg/release/core-cincinnati.go:399.97,404.16 3 0
github.com/openshift/oc-mirror/v2/pkg/release/core-cincinnati.go:404.16,410.3 1 0
github.com/openshift/oc-mirror/v2/pkg/release/core-cincinnati.go:412.2,413.35 2 0
github.com/openshift/oc-mirror/v2/pkg/release/core-cincinnati.go:413.35,416.3 1 0
github.com/openshift/oc-mirror/v2/pkg/release/core-cincinnati.go:418.2,418.20 1 0
github.com/openshift/oc-mirror/v2/pkg/release/core-cincinnati.go:418.20,423.3 1 0
github.com/openshift/oc-mirror/v2/pkg/release/core-cincinnati.go:425.2,427.18 2 0
github.com/openshift/oc-mirror/v2/pkg/release/core-cincinnati.go:431.121,436.16 3 0
github.com/openshift/oc-mirror/v2/pkg/release/core-cincinnati.go:436.16,442.3 1 0
github.com/openshift/oc-mirror/v2/pkg/release/core-cincinnati.go:445.2,446.35 2 0
github.com/openshift/oc-mirror/v2/pkg/release/core-cincinnati.go:446.35,447.32 1 0
github.com/openshift/oc-mirror/v2/pkg/release/core-cincinnati.go:447.32,449.4 1 0
github.com/openshift/oc-mirror/v2/pkg/release/core-cincinnati.go:452.2,452.21 1 0
github.com/openshift/oc-mirror/v2/pkg/release/core-cincinnati.go:456.75,461.16 4 0
github.com/openshift/oc-mirror/v2/pkg/release/core-cincinnati.go:461.16,463.3 1 0
github.com/openshift/oc-mirror/v2/pkg/release/core-cincinnati.go:464.2,465.58 2 0
github.com/openshift/oc-mirror/v2/pkg/release/core-cincinnati.go:465.58,466.56 1 0
github.com/openshift/oc-mirror/v2/pkg/release/core-cincinnati.go:466.56,468.4 1 0
github.com/openshift/oc-mirror/v2/pkg/release/core-cincinnati.go:474.2,474.48 1 0
github.com/openshift/oc-mirror/v2/pkg/release/core-cincinnati.go:474.48,476.33 2 0
github.com/openshift/oc-mirror/v2/pkg/release/core-cincinnati.go:476.33,478.4 1 0
github.com/openshift/oc-mirror/v2/pkg/release/core-cincinnati.go:481.2,482.22 2 0
github.com/openshift/oc-mirror/v2/pkg/release/core-cincinnati.go:482.22,484.3 1 0
github.com/openshift/oc-mirror/v2/pkg/release/core-cincinnati.go:485.2,488.16 4 0
github.com/openshift/oc-mirror/v2/pkg/release/core-cincinnati.go:488.16,490.3 1 0
github.com/openshift/oc-mirror/v2/pkg/release/core-cincinnati.go:491.2,493.38 2 0
github.com/openshift/oc-mirror/v2/pkg/release/core-cincinnati.go:493.38,495.3 1 0
github.com/openshift/oc-mirror/v2/pkg/release/core-cincinnati.go:498.2,499.16 2 0
github.com/openshift/oc-mirror/v2/pkg/release/core-cincinnati.go:499.16,501.3 1 0
github.com/openshift/oc-mirror/v2/pkg/release/core-cincinnati.go:503.2,503.52 1 0
github.com/openshift/oc-mirror/v2/pkg/release/core-cincinnati.go:503.52,505.3 1 0
github.com/openshift/oc-mirror/v2/pkg/release/core-cincinnati.go:507.2,507.19 1 0
github.com/openshift/oc-mirror/v2/pkg/release/core-cincinnati.go:513.49,515.54 2 0
github.com/openshift/oc-mirror/v2/pkg/release/core-cincinnati.go:515.54,517.3 1 0
github.com/openshift/oc-mirror/v2/pkg/release/core-cincinnati.go:519.2,519.22 1 0
github.com/openshift/oc-mirror/v2/pkg/release/core-cincinnati.go:519.22,521.3 1 0
github.com/openshift/oc-mirror/v2/pkg/release/core-cincinnati.go:523.2,526.12 3 0
github.com/openshift/oc-mirror/v2/pkg/release/find.go:16.96,18.16 2 0
github.com/openshift/oc-mirror/v2/pkg/release/find.go:18.16,20.3 1 0
github.com/openshift/oc-mirror/v2/pkg/release/find.go:22.2,23.22 2 0
github.com/openshift/oc-mirror/v2/pkg/release/find.go:23.22,25.3 1 0
github.com/openshift/oc-mirror/v2/pkg/release/find.go:26.2,26.9 1 0
github.com/openshift/oc-mirror/v2/pkg/release/find.go:26.9,27.40 1 0
github.com/openshift/oc-mirror/v2/pkg/release/find.go:27.40,29.4 1 0
github.com/openshift/oc-mirror/v2/pkg/release/find.go:30.8,31.40 1 0
github.com/openshift/oc-mirror/v2/pkg/release/find.go:31.40,33.4 1 0
github.com/openshift/oc-mirror/v2/pkg/release/find.go:36.2,36.56 1 0
github.com/openshift/oc-mirror/v2/pkg/release/find.go:39.100,41.24 2 0
github.com/openshift/oc-mirror/v2/pkg/release/find.go:41.24,43.3 1 0
github.com/openshift/oc-mirror/v2/pkg/release/find.go:45.2,45.30 1 0
github.com/openshift/oc-mirror/v2/pkg/release/find.go:45.30,48.10 2 0
github.com/openshift/oc-mirror/v2/pkg/release/find.go:48.10,50.4 1 0
github.com/openshift/oc-mirror/v2/pkg/release/find.go:51.3,52.17 2 0
github.com/openshift/oc-mirror/v2/pkg/release/find.go:52.17,54.4 1 0
github.com/openshift/oc-mirror/v2/pkg/release/find.go:55.3,55.28 1 0
github.com/openshift/oc-mirror/v2/pkg/release/find.go:58.2,58.18 1 0
github.com/openshift/oc-mirror/v2/pkg/release/graph.go:17.99,20.16 2 0
github.com/openshift/oc-mirror/v2/pkg/release/graph.go:20.16,22.3 1 0
github.com/openshift/oc-mirror/v2/pkg/release/graph.go:23.2,26.16 3 0
github.com/openshift/oc-mirror/v2/pkg/release/graph.go:26.16,28.3 1 0
github.com/openshift/oc-mirror/v2/pkg/release/graph.go:31.2,33.16 3 0
github.com/openshift/oc-mirror/v2/pkg/release/graph.go:33.16,35.3 1 0
github.com/openshift/oc-mirror/v2/pkg/release/graph.go:36.2,40.60 3 0
github.com/openshift/oc-mirror/v2/pkg/release/graph.go:40.60,42.3 1 0
github.com/openshift/oc-mirror/v2/pkg/release/graph.go:45.2,46.16 2 0
github.com/openshift/oc-mirror/v2/pkg/release/graph.go:46.16,48.3 1 0
github.com/openshift/oc-mirror/v2/pkg/release/graph.go:51.2,56.16 4 0
github.com/openshift/oc-mirror/v2/pkg/release/graph.go:56.16,58.3 1 0
github.com/openshift/oc-mirror/v2/pkg/release/graph.go:59.2,59.44 1 0
github.com/openshift/oc-mirror/v2/pkg/release/local_stored_collector.go:44.112,48.51 4 0
github.com/openshift/oc-mirror/v2/pkg/release/local_stored_collector.go:48.51,57.34 3 0
github.com/openshift/oc-mirror/v2/pkg/release/local_stored_collector.go:57.34,72.62 9 0
github.com/openshift/oc-mirror/v2/pkg/release/local_stored_collector.go:72.62,75.19 3 0
github.com/openshift/oc-mirror/v2/pkg/release/local_stored_collector.go:75.19,77.6 1 0
github.com/openshift/oc-mirror/v2/pkg/release/local_stored_collector.go:78.5,79.19 2 0
github.com/openshift/oc-mirror/v2/pkg/release/local_stored_collector.go:79.19,81.6 1 0
github.com/openshift/oc-mirror/v2/pkg/release/local_stored_collector.go:82.5,86.29 4 0
github.com/openshift/oc-mirror/v2/pkg/release/local_stored_collector.go:86.29,87.20 1 0
github.com/openshift/oc-mirror/v2/pkg/release/local_stored_collector.go:87.20,89.7 1 0
github.com/openshift/oc-mirror/v2/pkg/release/local_stored_collector.go:91.10,93.5 1 0
github.com/openshift/oc-mirror/v2/pkg/release/local_stored_collector.go:95.4,96.18 2 0
github.com/openshift/oc-mirror/v2/pkg/release/local_stored_collector.go:96.18,99.5 2 0
github.com/openshift/oc-mirror/v2/pkg/release/local_stored_collector.go:102.4,102.31 1 0
github.com/openshift/oc-mirror/v2/pkg/release/local_stored_collector.go:102.31,104.5 1 0
github.com/openshift/oc-mirror/v2/pkg/release/local_stored_collector.go:105.4,106.18 2 0
github.com/openshift/oc-mirror/v2/pkg/release/local_stored_collector.go:106.18,108.5 1 0
github.com/openshift/oc-mirror/v2/pkg/release/local_stored_collector.go:110.4,115.18 5 0
github.com/openshift/oc-mirror/v2/pkg/release/local_stored_collector.go:115.18,117.5 1 0
github.com/openshift/oc-mirror/v2/pkg/release/local_stored_collector.go:118.4,122.18 4 0
github.com/openshift/oc-mirror/v2/pkg/release/local_stored_collector.go:122.18,124.5 1 0
github.com/openshift/oc-mirror/v2/pkg/release/local_stored_collector.go:125.4,130.18 4 0
github.com/openshift/oc-mirror/v2/pkg/release/local_stored_collector.go:130.18,132.5 1 0
github.com/openshift/oc-mirror/v2/pkg/release/local_stored_collector.go:134.4,136.18 3 0
github.com/openshift/oc-mirror/v2/pkg/release/local_stored_collector.go:136.18,138.5 1 0
github.com/openshift/oc-mirror/v2/pkg/release/local_stored_collector.go:139.4,139.50 1 0
github.com/openshift/oc-mirror/v2/pkg/release/local_stored_collector.go:143.3,144.17 2 0
github.com/openshift/oc-mirror/v2/pkg/release/local_stored_collector.go:144.17,146.4 1 0
github.com/openshift/oc-mirror/v2/pkg/release/local_stored_collector.go:148.3,148.60 1 0
github.com/openshift/oc-mirror/v2/pkg/release/local_stored_collector.go:148.60,151.18 3 0
github.com/openshift/oc-mirror/v2/pkg/release/local_stored_collector.go:151.18,153.5 1 0
github.com/openshift/oc-mirror/v2/pkg/release/local_stored_collector.go:154.4,162.44 3 0
github.com/openshift/oc-mirror/v2/pkg/release/local_stored_collector.go:165.8,165.36 1 0
github.com/openshift/oc-mirror/v2/pkg/release/local_stored_collector.go:165.36,168.17 2 0
github.com/openshift/oc-mirror/v2/pkg/release/local_stored_collector.go:168.17,170.4 1 0
github.com/openshift/oc-mirror/v2/pkg/release/local_stored_collector.go:171.3,172.37 2 0
github.com/openshift/oc-mirror/v2/pkg/release/local_stored_collector.go:172.37,174.4 1 0
github.com/openshift/oc-mirror/v2/pkg/release/local_stored_collector.go:176.3,181.45 3 0
github.com/openshift/oc-mirror/v2/pkg/release/local_stored_collector.go:181.45,186.18 3 0
github.com/openshift/oc-mirror/v2/pkg/release/local_stored_collector.go:186.18,188.5 1 0
github.com/openshift/oc-mirror/v2/pkg/release/local_stored_collector.go:189.4,189.72 1 0
github.com/openshift/oc-mirror/v2/pkg/release/local_stored_collector.go:191.3,191.37 1 0
github.com/openshift/oc-mirror/v2/pkg/release/local_stored_collector.go:191.37,207.18 5 0
github.com/openshift/oc-mirror/v2/pkg/release/local_stored_collector.go:207.18,209.5 1 0
github.com/openshift/oc-mirror/v2/pkg/release/local_stored_collector.go:212.4,212.32 1 0
github.com/openshift/oc-mirror/v2/pkg/release/local_stored_collector.go:212.32,214.5 1 0
github.com/openshift/oc-mirror/v2/pkg/release/local_stored_collector.go:215.4,216.52 2 0
github.com/openshift/oc-mirror/v2/pkg/release/local_stored_collector.go:218.3,219.17 2 0
github.com/openshift/oc-mirror/v2/pkg/release/local_stored_collector.go:219.17,221.4 1 0
github.com/openshift/oc-mirror/v2/pkg/release/local_stored_collector.go:222.3,222.54 1 0
github.com/openshift/oc-mirror/v2/pkg/release/local_stored_collector.go:225.2,225.23 1 0
github.com/openshift/oc-mirror/v2/pkg/release/local_stored_collector.go:228.155,230.29 2 0
github.com/openshift/oc-mirror/v2/pkg/release/local_stored_collector.go:230.29,235.17 4 0
github.com/openshift/oc-mirror/v2/pkg/release/local_stored_collector.go:235.17,238.4 2 0
github.com/openshift/oc-mirror/v2/pkg/release/local_stored_collector.go:239.3,239.32 1 0
github.com/openshift/oc-mirror/v2/pkg/release/local_stored_collector.go:239.32,242.4 2 0
github.com/openshift/oc-mirror/v2/pkg/release/local_stored_collector.go:242.9,245.4 2 0
github.com/openshift/oc-mirror/v2/pkg/release/local_stored_collector.go:246.3,246.30 1 0
github.com/openshift/oc-mirror/v2/pkg/release/local_stored_collector.go:246.30,248.4 1 0
github.com/openshift/oc-mirror/v2/pkg/release/local_stored_collector.go:250.3,252.119 3 0
github.com/openshift/oc-mirror/v2/pkg/release/local_stored_collector.go:255.2,255.20 1 0
github.com/openshift/oc-mirror/v2/pkg/release/local_stored_collector.go:258.155,260.29 2 0
github.com/openshift/oc-mirror/v2/pkg/release/local_stored_collector.go:260.29,265.17 4 0
github.com/openshift/oc-mirror/v2/pkg/release/local_stored_collector.go:265.17,268.4 2 0
github.com/openshift/oc-mirror/v2/pkg/release/local_stored_collector.go:269.3,270.32 2 0
github.com/openshift/oc-mirror/v2/pkg/release/local_stored_collector.go:270.32,272.4 1 0
github.com/openshift/oc-mirror/v2/pkg/release/local_stored_collector.go:272.9,275.4 1 0
github.com/openshift/oc-mirror/v2/pkg/release/local_stored_collector.go:276.3,278.100 3 0
github.com/openshift/oc-mirror/v2/pkg/release/local_stored_collector.go:280.2,280.20 1 0
github.com/openshift/oc-mirror/v2/pkg/release/local_stored_collector.go:283.94,292.16 6 0
github.com/openshift/oc-mirror/v2/pkg/release/local_stored_collector.go:292.16,294.3 1 0
github.com/openshift/oc-mirror/v2/pkg/release/local_stored_collector.go:296.2,297.16 2 0
github.com/openshift/oc-mirror/v2/pkg/release/local_stored_collector.go:297.16,299.3 1 0
github.com/openshift/oc-mirror/v2/pkg/release/local_stored_collector.go:301.2,304.42 4 0
github.com/openshift/oc-mirror/v2/pkg/release/local_stored_collector.go:304.42,310.3 5 0
github.com/openshift/oc-mirror/v2/pkg/release/local_stored_collector.go:311.2,311.43 1 0
github.com/openshift/oc-mirror/v2/pkg/release/local_stored_collector.go:314.92,316.16 2 0
github.com/openshift/oc-mirror/v2/pkg/release/local_stored_collector.go:316.16,318.3 1 0
github.com/openshift/oc-mirror/v2/pkg/release/local_stored_collector.go:319.2,322.59 3 0
github.com/openshift/oc-mirror/v2/pkg/release/local_stored_collector.go:322.59,325.17 3 0
github.com/openshift/oc-mirror/v2/pkg/release/local_stored_collector.go:325.17,327.4 1 0
github.com/openshift/oc-mirror/v2/pkg/release/local_stored_collector.go:330.2,331.16 2 0
github.com/openshift/oc-mirror/v2/pkg/release/local_stored_collector.go:331.16,333.3 1 0
github.com/openshift/oc-mirror/v2/pkg/release/local_stored_collector.go:334.2,337.16 3 0
github.com/openshift/oc-mirror/v2/pkg/release/local_stored_collector.go:337.16,339.3 1 0
github.com/openshift/oc-mirror/v2/pkg/release/local_stored_collector.go:340.2,340.12 1 0
github.com/openshift/oc-mirror/v2/pkg/release/local_stored_collector.go:346.62,347.28 1 0
github.com/openshift/oc-mirror/v2/pkg/release/local_stored_collector.go:347.28,357.17 4 0
github.com/openshift/oc-mirror/v2/pkg/release/local_stored_collector.go:357.17,359.4 1 0
github.com/openshift/oc-mirror/v2/pkg/release/local_stored_collector.go:360.3,360.51 1 0
github.com/openshift/oc-mirror/v2/pkg/release/local_stored_collector.go:362.2,362.30 1 0
github.com/openshift/oc-mirror/v2/pkg/release/local_stored_collector.go:369.64,370.26 1 0
github.com/openshift/oc-mirror/v2/pkg/release/local_stored_collector.go:370.26,372.17 2 0
github.com/openshift/oc-mirror/v2/pkg/release/local_stored_collector.go:372.17,374.4 1 0
github.com/openshift/oc-mirror/v2/pkg/release/local_stored_collector.go:375.3,376.37 2 0
github.com/openshift/oc-mirror/v2/pkg/release/local_stored_collector.go:376.37,378.4 1 0
github.com/openshift/oc-mirror/v2/pkg/release/local_stored_collector.go:380.2,380.25 1 0
github.com/openshift/oc-mirror/v2/pkg/release/local_stored_collector.go:380.25,389.17 3 0
github.com/openshift/oc-mirror/v2/pkg/release/local_stored_collector.go:389.17,391.4 1 0
github.com/openshift/oc-mirror/v2/pkg/release/local_stored_collector.go:392.3,392.46 1 0
github.com/openshift/oc-mirror/v2/pkg/release/local_stored_collector.go:394.8,396.3 1 0
github.com/openshift/oc-mirror/v2/pkg/release/new.go:20.22,22.2 1 0
github.com/openshift/oc-mirror/v2/pkg/release/signature.go:30.143,32.2 1 0
github.com/openshift/oc-mirror/v2/pkg/release/signature.go:35.144,46.29 6 0
github.com/openshift/oc-mirror/v2/pkg/release/signature.go:46.29,48.17 2 0
github.com/openshift/oc-mirror/v2/pkg/release/signature.go:48.17,50.4 1 0
github.com/openshift/oc-mirror/v2/pkg/release/signature.go:51.3,53.19 2 0
github.com/openshift/oc-mirror/v2/pkg/release/signature.go:53.19,58.18 3 0
github.com/openshift/oc-mirror/v2/pkg/release/signature.go:58.18,59.27 1 0
github.com/openshift/oc-mirror/v2/pkg/release/signature.go:59.27,61.6 1 0
github.com/openshift/oc-mirror/v2/pkg/release/signature.go:63.9,65.4 1 0
github.com/openshift/oc-mirror/v2/pkg/release/signature.go:68.3,68.21 1 0
github.com/openshift/oc-mirror/v2/pkg/release/signature.go:68.21,73.18 4 0
github.com/openshift/oc-mirror/v2/pkg/release/signature.go:73.18,75.5 1 0
github.com/openshift/oc-mirror/v2/pkg/release/signature.go:76.4,77.40 2 0
github.com/openshift/oc-mirror/v2/pkg/release/signature.go:77.40,81.19 3 0
github.com/openshift/oc-mirror/v2/pkg/release/signature.go:81.19,83.6 1 0
github.com/openshift/oc-mirror/v2/pkg/release/signature.go:87.3,87.20 1 0
github.com/openshift/oc-mirror/v2/pkg/release/signature.go:87.20,92.18 3 0
github.com/openshift/oc-mirror/v2/pkg/release/signature.go:92.18,94.5 1 0
github.com/openshift/oc-mirror/v2/pkg/release/signature.go:95.4,98.18 3 0
github.com/openshift/oc-mirror/v2/pkg/release/signature.go:98.18,100.5 1 0
github.com/openshift/oc-mirror/v2/pkg/release/signature.go:101.4,101.20 1 0
github.com/openshift/oc-mirror/v2/pkg/release/signature.go:101.20,103.5 1 0
github.com/openshift/oc-mirror/v2/pkg/release/signature.go:104.4,105.18 2 0
github.com/openshift/oc-mirror/v2/pkg/release/signature.go:105.18,107.5 1 0
github.com/openshift/oc-mirror/v2/pkg/release/signature.go:108.4,108.32 1 0
github.com/openshift/oc-mirror/v2/pkg/release/signature.go:108.32,110.5 1 0
github.com/openshift/oc-mirror/v2/pkg/release/signature.go:111.4,111.26 1 0
github.com/openshift/oc-mirror/v2/pkg/release/signature.go:111.26,113.5 1 0
github.com/openshift/oc-mirror/v2/pkg/release/signature.go:115.4,128.27 11 0
github.com/openshift/oc-mirror/v2/pkg/release/signature.go:128.27,129.44 1 0
github.com/openshift/oc-mirror/v2/pkg/release/signature.go:129.44,131.34 2 0
github.com/openshift/oc-mirror/v2/pkg/release/signature.go:131.34,133.7 1 0
github.com/openshift/oc-mirror/v2/pkg/release/signature.go:135.10,135.36 1 0
github.com/openshift/oc-mirror/v2/pkg/release/signature.go:135.36,137.5 1 0
github.com/openshift/oc-mirror/v2/pkg/release/signature.go:139.4,143.18 4 0
github.com/openshift/oc-mirror/v2/pkg/release/signature.go:143.18,146.5 2 0
github.com/openshift/oc-mirror/v2/pkg/release/signature.go:147.4,153.19 4 0
github.com/openshift/oc-mirror/v2/pkg/release/signature.go:153.19,155.5 1 0
github.com/openshift/oc-mirror/v2/pkg/release/signature.go:156.4,156.28 1 0
github.com/openshift/oc-mirror/v2/pkg/release/signature.go:157.9,160.4 2 0
github.com/openshift/oc-mirror/v2/pkg/release/signature.go:162.2,162.18 1 0
