mode: atomic
github.com/openshift/oc-mirror/v2/internal/pkg/api/operator-framework/v1alpha1/catalogsource_types.go:184.65,189.49 3 0
github.com/openshift/oc-mirror/v2/internal/pkg/api/operator-framework/v1alpha1/catalogsource_types.go:189.49,191.3 1 0
github.com/openshift/oc-mirror/v2/internal/pkg/api/operator-framework/v1alpha1/catalogsource_types.go:192.2,196.16 3 0
github.com/openshift/oc-mirror/v2/internal/pkg/api/operator-framework/v1alpha1/catalogsource_types.go:196.16,199.3 2 0
github.com/openshift/oc-mirror/v2/internal/pkg/api/operator-framework/v1alpha1/catalogsource_types.go:199.8,201.3 1 0
github.com/openshift/oc-mirror/v2/internal/pkg/api/operator-framework/v1alpha1/catalogsource_types.go:202.2,203.12 2 0
github.com/openshift/oc-mirror/v2/internal/pkg/api/operator-framework/v1alpha1/catalogsource_types.go:214.50,216.2 1 0
github.com/openshift/oc-mirror/v2/internal/pkg/api/operator-framework/v1alpha1/catalogsource_types.go:234.79,236.2 1 0
github.com/openshift/oc-mirror/v2/internal/pkg/api/v2alpha1/type_config.go:105.39,117.2 6 0
github.com/openshift/oc-mirror/v2/internal/pkg/api/v2alpha1/type_config.go:143.44,145.2 1 0
github.com/openshift/oc-mirror/v2/internal/pkg/api/v2alpha1/type_config.go:189.51,191.16 2 0
github.com/openshift/oc-mirror/v2/internal/pkg/api/v2alpha1/type_config.go:191.16,193.3 1 0
github.com/openshift/oc-mirror/v2/internal/pkg/api/v2alpha1/type_config.go:194.2,194.48 1 0
github.com/openshift/oc-mirror/v2/internal/pkg/api/v2alpha1/type_config.go:194.48,196.3 1 0
github.com/openshift/oc-mirror/v2/internal/pkg/api/v2alpha1/type_config.go:198.2,198.23 1 0
github.com/openshift/oc-mirror/v2/internal/pkg/api/v2alpha1/type_config.go:198.23,202.3 3 0
github.com/openshift/oc-mirror/v2/internal/pkg/api/v2alpha1/type_config.go:203.2,203.27 1 0
github.com/openshift/oc-mirror/v2/internal/pkg/api/v2alpha1/type_config.go:203.27,204.44 1 0
github.com/openshift/oc-mirror/v2/internal/pkg/api/v2alpha1/type_config.go:204.44,208.4 3 0
github.com/openshift/oc-mirror/v2/internal/pkg/api/v2alpha1/type_config.go:208.9,210.4 1 0
github.com/openshift/oc-mirror/v2/internal/pkg/api/v2alpha1/type_config.go:212.2,212.32 1 0
github.com/openshift/oc-mirror/v2/internal/pkg/api/v2alpha1/type_config.go:215.54,218.2 2 4
github.com/openshift/oc-mirror/v2/internal/pkg/api/v2alpha1/type_config.go:223.38,225.2 1 0
github.com/openshift/oc-mirror/v2/internal/pkg/api/v2alpha1/type_config.go:227.35,229.2 1 0
github.com/openshift/oc-mirror/v2/internal/pkg/api/v2alpha1/type_config_include.go:57.52,59.39 2 0
github.com/openshift/oc-mirror/v2/internal/pkg/api/v2alpha1/type_config_include.go:59.39,61.3 1 0
github.com/openshift/oc-mirror/v2/internal/pkg/api/v2alpha1/type_config_include.go:62.2,62.12 1 0
github.com/openshift/oc-mirror/v2/internal/pkg/api/v2alpha1/type_config_include.go:67.52,69.39 2 0
github.com/openshift/oc-mirror/v2/internal/pkg/api/v2alpha1/type_config_include.go:69.39,71.3 1 0
github.com/openshift/oc-mirror/v2/internal/pkg/api/v2alpha1/type_config_include.go:72.2,72.12 1 0
github.com/openshift/oc-mirror/v2/internal/pkg/api/v2alpha1/type_image.go:46.38,48.2 1 0
github.com/openshift/oc-mirror/v2/internal/pkg/api/v2alpha1/type_image.go:50.39,52.2 1 0
github.com/openshift/oc-mirror/v2/internal/pkg/api/v2alpha1/type_image.go:54.46,56.2 1 0
github.com/openshift/oc-mirror/v2/internal/pkg/api/v2alpha1/type_image.go:60.37,62.2 1 0
github.com/openshift/oc-mirror/v2/internal/pkg/api/v2alpha1/type_image.go:65.51,66.38 1 0
github.com/openshift/oc-mirror/v2/internal/pkg/api/v2alpha1/type_image.go:66.38,68.3 1 0
github.com/openshift/oc-mirror/v2/internal/pkg/api/v2alpha1/type_image.go:69.2,69.34 1 0
github.com/openshift/oc-mirror/v2/internal/pkg/api/v2alpha1/type_image.go:73.52,75.46 2 0
github.com/openshift/oc-mirror/v2/internal/pkg/api/v2alpha1/type_image.go:75.46,77.3 1 0
github.com/openshift/oc-mirror/v2/internal/pkg/api/v2alpha1/type_image.go:79.2,80.12 2 0
github.com/openshift/oc-mirror/v2/internal/pkg/api/v2alpha1/type_image.go:83.38,84.45 1 0
github.com/openshift/oc-mirror/v2/internal/pkg/api/v2alpha1/type_image.go:84.45,86.3 1 0
github.com/openshift/oc-mirror/v2/internal/pkg/api/v2alpha1/type_image.go:87.2,87.12 1 0
github.com/openshift/oc-mirror/v2/internal/pkg/api/v2alpha1/type_image.go:88.19,90.43 1 0
github.com/openshift/oc-mirror/v2/internal/pkg/api/v2alpha1/type_image.go:91.10,92.49 1 0
github.com/openshift/oc-mirror/v2/internal/pkg/api/v2alpha1/type_image.go:122.39,124.61 1 0
github.com/openshift/oc-mirror/v2/internal/pkg/api/v2alpha1/type_image.go:124.61,126.3 1 0
github.com/openshift/oc-mirror/v2/internal/pkg/api/v2alpha1/type_image.go:127.2,127.61 1 0
github.com/openshift/oc-mirror/v2/internal/pkg/api/v2alpha1/type_image.go:127.61,129.3 1 0
github.com/openshift/oc-mirror/v2/internal/pkg/api/v2alpha1/type_image.go:131.2,131.38 1 0
github.com/openshift/oc-mirror/v2/internal/pkg/api/v2alpha1/type_image.go:131.38,133.3 1 0
github.com/openshift/oc-mirror/v2/internal/pkg/api/v2alpha1/type_image.go:135.2,135.26 1 0
github.com/openshift/oc-mirror/v2/internal/pkg/api/v2alpha1/type_platform.go:34.40,36.2 1 0
github.com/openshift/oc-mirror/v2/internal/pkg/api/v2alpha1/type_platform.go:39.54,40.38 1 0
github.com/openshift/oc-mirror/v2/internal/pkg/api/v2alpha1/type_platform.go:40.38,42.3 1 0
github.com/openshift/oc-mirror/v2/internal/pkg/api/v2alpha1/type_platform.go:43.2,43.34 1 0
github.com/openshift/oc-mirror/v2/internal/pkg/api/v2alpha1/type_platform.go:47.55,49.46 2 0
github.com/openshift/oc-mirror/v2/internal/pkg/api/v2alpha1/type_platform.go:49.46,51.3 1 0
github.com/openshift/oc-mirror/v2/internal/pkg/api/v2alpha1/type_platform.go:53.2,54.12 2 0
github.com/openshift/oc-mirror/v2/internal/pkg/api/v2alpha1/type_platform.go:57.41,58.43 1 0
github.com/openshift/oc-mirror/v2/internal/pkg/api/v2alpha1/type_platform.go:58.43,60.3 1 0
github.com/openshift/oc-mirror/v2/internal/pkg/api/v2alpha1/type_platform.go:61.2,61.12 1 0
github.com/openshift/oc-mirror/v2/internal/pkg/additional/local_stored_collector.go:25.61,26.21 1 5
github.com/openshift/oc-mirror/v2/internal/pkg/additional/local_stored_collector.go:26.21,27.81 1 5
github.com/openshift/oc-mirror/v2/internal/pkg/additional/local_stored_collector.go:27.81,29.4 1 0
github.com/openshift/oc-mirror/v2/internal/pkg/additional/local_stored_collector.go:29.9,31.4 1 5
github.com/openshift/oc-mirror/v2/internal/pkg/additional/local_stored_collector.go:33.2,33.18 1 5
github.com/openshift/oc-mirror/v2/internal/pkg/additional/local_stored_collector.go:39.115,45.58 3 4
github.com/openshift/oc-mirror/v2/internal/pkg/additional/local_stored_collector.go:45.58,46.82 1 2
github.com/openshift/oc-mirror/v2/internal/pkg/additional/local_stored_collector.go:46.82,48.18 2 6
github.com/openshift/oc-mirror/v2/internal/pkg/additional/local_stored_collector.go:48.18,51.13 2 1
github.com/openshift/oc-mirror/v2/internal/pkg/additional/local_stored_collector.go:54.4,58.37 4 5
github.com/openshift/oc-mirror/v2/internal/pkg/additional/local_stored_collector.go:58.37,60.5 1 3
github.com/openshift/oc-mirror/v2/internal/pkg/additional/local_stored_collector.go:60.10,62.5 1 2
github.com/openshift/oc-mirror/v2/internal/pkg/additional/local_stored_collector.go:64.4,69.39 3 5
github.com/openshift/oc-mirror/v2/internal/pkg/additional/local_stored_collector.go:69.39,71.5 1 0
github.com/openshift/oc-mirror/v2/internal/pkg/additional/local_stored_collector.go:71.10,73.5 1 5
github.com/openshift/oc-mirror/v2/internal/pkg/additional/local_stored_collector.go:77.2,77.29 1 4
github.com/openshift/oc-mirror/v2/internal/pkg/additional/local_stored_collector.go:77.29,78.82 1 2
github.com/openshift/oc-mirror/v2/internal/pkg/additional/local_stored_collector.go:78.82,82.49 3 5
github.com/openshift/oc-mirror/v2/internal/pkg/additional/local_stored_collector.go:82.49,84.19 2 4
github.com/openshift/oc-mirror/v2/internal/pkg/additional/local_stored_collector.go:84.19,87.6 2 1
github.com/openshift/oc-mirror/v2/internal/pkg/additional/local_stored_collector.go:89.5,89.38 1 3
github.com/openshift/oc-mirror/v2/internal/pkg/additional/local_stored_collector.go:89.38,92.6 2 1
github.com/openshift/oc-mirror/v2/internal/pkg/additional/local_stored_collector.go:92.11,95.6 2 2
github.com/openshift/oc-mirror/v2/internal/pkg/additional/local_stored_collector.go:97.10,101.5 3 1
github.com/openshift/oc-mirror/v2/internal/pkg/additional/local_stored_collector.go:103.4,103.31 1 4
github.com/openshift/oc-mirror/v2/internal/pkg/additional/local_stored_collector.go:103.31,106.5 2 0
github.com/openshift/oc-mirror/v2/internal/pkg/additional/local_stored_collector.go:108.4,110.137 3 4
github.com/openshift/oc-mirror/v2/internal/pkg/additional/local_stored_collector.go:113.2,113.23 1 3
github.com/openshift/oc-mirror/v2/internal/pkg/additional/new.go:15.22,17.2 1 4
github.com/openshift/oc-mirror/v2/internal/pkg/archive/adder_common.go:10.97,12.16 2 114
github.com/openshift/oc-mirror/v2/internal/pkg/archive/adder_common.go:12.16,14.3 1 0
github.com/openshift/oc-mirror/v2/internal/pkg/archive/adder_common.go:15.2,17.54 2 114
github.com/openshift/oc-mirror/v2/internal/pkg/archive/adder_common.go:17.54,19.3 1 0
github.com/openshift/oc-mirror/v2/internal/pkg/archive/adder_common.go:21.2,22.16 2 114
github.com/openshift/oc-mirror/v2/internal/pkg/archive/adder_common.go:22.16,24.3 1 0
github.com/openshift/oc-mirror/v2/internal/pkg/archive/adder_common.go:25.2,28.52 2 114
github.com/openshift/oc-mirror/v2/internal/pkg/archive/adder_common.go:28.52,30.3 1 0
github.com/openshift/oc-mirror/v2/internal/pkg/archive/adder_common.go:31.2,31.12 1 114
github.com/openshift/oc-mirror/v2/internal/pkg/archive/archive.go:32.175,35.16 2 5
github.com/openshift/oc-mirror/v2/internal/pkg/archive/archive.go:35.16,37.3 1 0
github.com/openshift/oc-mirror/v2/internal/pkg/archive/archive.go:39.2,40.16 2 5
github.com/openshift/oc-mirror/v2/internal/pkg/archive/archive.go:40.16,42.3 1 0
github.com/openshift/oc-mirror/v2/internal/pkg/archive/archive.go:44.2,46.18 2 5
github.com/openshift/oc-mirror/v2/internal/pkg/archive/archive.go:46.18,48.3 1 5
github.com/openshift/oc-mirror/v2/internal/pkg/archive/archive.go:49.2,52.16 3 5
github.com/openshift/oc-mirror/v2/internal/pkg/archive/archive.go:52.16,54.3 1 0
github.com/openshift/oc-mirror/v2/internal/pkg/archive/archive.go:55.2,64.17 2 5
github.com/openshift/oc-mirror/v2/internal/pkg/archive/archive.go:70.185,74.16 2 1
github.com/openshift/oc-mirror/v2/internal/pkg/archive/archive.go:74.16,76.3 1 0
github.com/openshift/oc-mirror/v2/internal/pkg/archive/archive.go:78.2,80.18 2 1
github.com/openshift/oc-mirror/v2/internal/pkg/archive/archive.go:80.18,82.3 1 1
github.com/openshift/oc-mirror/v2/internal/pkg/archive/archive.go:83.2,86.16 3 1
github.com/openshift/oc-mirror/v2/internal/pkg/archive/archive.go:86.16,88.3 1 0
github.com/openshift/oc-mirror/v2/internal/pkg/archive/archive.go:90.2,100.17 2 1
github.com/openshift/oc-mirror/v2/internal/pkg/archive/archive.go:108.109,114.16 4 5
github.com/openshift/oc-mirror/v2/internal/pkg/archive/archive.go:114.16,116.3 1 1
github.com/openshift/oc-mirror/v2/internal/pkg/archive/archive.go:118.2,119.16 2 4
github.com/openshift/oc-mirror/v2/internal/pkg/archive/archive.go:119.16,121.3 1 1
github.com/openshift/oc-mirror/v2/internal/pkg/archive/archive.go:123.2,125.16 3 3
github.com/openshift/oc-mirror/v2/internal/pkg/archive/archive.go:125.16,127.3 1 1
github.com/openshift/oc-mirror/v2/internal/pkg/archive/archive.go:129.2,130.65 2 2
github.com/openshift/oc-mirror/v2/internal/pkg/archive/archive.go:130.65,132.3 1 0
github.com/openshift/oc-mirror/v2/internal/pkg/archive/archive.go:135.2,136.16 2 2
github.com/openshift/oc-mirror/v2/internal/pkg/archive/archive.go:136.16,138.3 1 0
github.com/openshift/oc-mirror/v2/internal/pkg/archive/archive.go:140.2,141.16 2 2
github.com/openshift/oc-mirror/v2/internal/pkg/archive/archive.go:141.16,143.3 1 0
github.com/openshift/oc-mirror/v2/internal/pkg/archive/archive.go:145.2,145.12 1 2
github.com/openshift/oc-mirror/v2/internal/pkg/archive/archive.go:148.180,150.38 2 2
github.com/openshift/oc-mirror/v2/internal/pkg/archive/archive.go:150.38,152.17 2 2
github.com/openshift/oc-mirror/v2/internal/pkg/archive/archive.go:152.17,154.4 1 0
github.com/openshift/oc-mirror/v2/internal/pkg/archive/archive.go:156.3,157.17 2 2
github.com/openshift/oc-mirror/v2/internal/pkg/archive/archive.go:157.17,159.4 1 0
github.com/openshift/oc-mirror/v2/internal/pkg/archive/archive.go:161.3,161.39 1 2
github.com/openshift/oc-mirror/v2/internal/pkg/archive/archive.go:161.39,163.4 1 14
github.com/openshift/oc-mirror/v2/internal/pkg/archive/archive.go:167.2,167.27 1 2
github.com/openshift/oc-mirror/v2/internal/pkg/archive/archive.go:170.150,172.35 2 3
github.com/openshift/oc-mirror/v2/internal/pkg/archive/archive.go:172.35,176.12 4 36
github.com/openshift/oc-mirror/v2/internal/pkg/archive/archive.go:176.12,179.18 2 21
github.com/openshift/oc-mirror/v2/internal/pkg/archive/archive.go:179.18,181.5 1 0
github.com/openshift/oc-mirror/v2/internal/pkg/archive/archive.go:182.4,184.18 3 21
github.com/openshift/oc-mirror/v2/internal/pkg/archive/archive.go:184.18,186.5 1 0
github.com/openshift/oc-mirror/v2/internal/pkg/archive/archive.go:187.4,187.26 1 21
github.com/openshift/oc-mirror/v2/internal/pkg/archive/archive.go:190.2,190.25 1 3
github.com/openshift/oc-mirror/v2/internal/pkg/archive/archive.go:193.51,195.16 2 8
github.com/openshift/oc-mirror/v2/internal/pkg/archive/archive.go:195.16,197.17 2 7
github.com/openshift/oc-mirror/v2/internal/pkg/archive/archive.go:197.17,199.4 1 0
github.com/openshift/oc-mirror/v2/internal/pkg/archive/archive.go:200.3,200.30 1 7
github.com/openshift/oc-mirror/v2/internal/pkg/archive/archive.go:200.30,202.18 2 1
github.com/openshift/oc-mirror/v2/internal/pkg/archive/archive.go:202.18,204.5 1 0
github.com/openshift/oc-mirror/v2/internal/pkg/archive/archive.go:207.2,207.12 1 8
github.com/openshift/oc-mirror/v2/internal/pkg/archive/image-blob-gatherer.go:18.67,22.2 1 10
github.com/openshift/oc-mirror/v2/internal/pkg/archive/image-blob-gatherer.go:23.117,29.79 4 4
github.com/openshift/oc-mirror/v2/internal/pkg/archive/image-blob-gatherer.go:29.79,31.3 1 0
github.com/openshift/oc-mirror/v2/internal/pkg/archive/image-blob-gatherer.go:38.2,39.16 2 4
github.com/openshift/oc-mirror/v2/internal/pkg/archive/image-blob-gatherer.go:39.16,41.3 1 1
github.com/openshift/oc-mirror/v2/internal/pkg/archive/image-blob-gatherer.go:43.2,44.16 2 3
github.com/openshift/oc-mirror/v2/internal/pkg/archive/image-blob-gatherer.go:44.16,46.3 1 0
github.com/openshift/oc-mirror/v2/internal/pkg/archive/image-blob-gatherer.go:48.2,49.16 2 3
github.com/openshift/oc-mirror/v2/internal/pkg/archive/image-blob-gatherer.go:49.16,51.3 1 2
github.com/openshift/oc-mirror/v2/internal/pkg/archive/image-blob-gatherer.go:53.2,54.16 2 1
github.com/openshift/oc-mirror/v2/internal/pkg/archive/image-blob-gatherer.go:54.16,56.3 1 0
github.com/openshift/oc-mirror/v2/internal/pkg/archive/image-blob-gatherer.go:58.2,59.16 2 1
github.com/openshift/oc-mirror/v2/internal/pkg/archive/image-blob-gatherer.go:59.16,61.3 1 0
github.com/openshift/oc-mirror/v2/internal/pkg/archive/image-blob-gatherer.go:62.2,64.41 2 1
github.com/openshift/oc-mirror/v2/internal/pkg/archive/image-blob-gatherer.go:64.41,66.17 2 0
github.com/openshift/oc-mirror/v2/internal/pkg/archive/image-blob-gatherer.go:66.17,68.4 1 0
github.com/openshift/oc-mirror/v2/internal/pkg/archive/image-blob-gatherer.go:69.3,70.36 2 0
github.com/openshift/oc-mirror/v2/internal/pkg/archive/image-blob-gatherer.go:70.36,73.18 3 0
github.com/openshift/oc-mirror/v2/internal/pkg/archive/image-blob-gatherer.go:73.18,75.5 1 0
github.com/openshift/oc-mirror/v2/internal/pkg/archive/image-blob-gatherer.go:76.4,77.18 2 0
github.com/openshift/oc-mirror/v2/internal/pkg/archive/image-blob-gatherer.go:77.18,79.5 1 0
github.com/openshift/oc-mirror/v2/internal/pkg/archive/image-blob-gatherer.go:80.4,80.43 1 0
github.com/openshift/oc-mirror/v2/internal/pkg/archive/image-blob-gatherer.go:80.43,82.5 1 0
github.com/openshift/oc-mirror/v2/internal/pkg/archive/image-blob-gatherer.go:83.4,83.18 1 0
github.com/openshift/oc-mirror/v2/internal/pkg/archive/image-blob-gatherer.go:83.18,85.5 1 0
github.com/openshift/oc-mirror/v2/internal/pkg/archive/image-blob-gatherer.go:87.8,90.17 2 1
github.com/openshift/oc-mirror/v2/internal/pkg/archive/image-blob-gatherer.go:90.17,92.4 1 0
github.com/openshift/oc-mirror/v2/internal/pkg/archive/image-blob-gatherer.go:93.3,93.40 1 1
github.com/openshift/oc-mirror/v2/internal/pkg/archive/image-blob-gatherer.go:93.40,95.4 1 2
github.com/openshift/oc-mirror/v2/internal/pkg/archive/image-blob-gatherer.go:97.2,97.19 1 1
github.com/openshift/oc-mirror/v2/internal/pkg/archive/image-blob-gatherer.go:100.105,103.16 3 1
github.com/openshift/oc-mirror/v2/internal/pkg/archive/image-blob-gatherer.go:103.16,105.3 1 0
github.com/openshift/oc-mirror/v2/internal/pkg/archive/image-blob-gatherer.go:106.2,106.56 1 1
github.com/openshift/oc-mirror/v2/internal/pkg/archive/image-blob-gatherer.go:106.56,108.3 1 1
github.com/openshift/oc-mirror/v2/internal/pkg/archive/image-blob-gatherer.go:109.2,110.19 2 1
github.com/openshift/oc-mirror/v2/internal/pkg/archive/permissive_adder.go:29.124,33.16 4 6
github.com/openshift/oc-mirror/v2/internal/pkg/archive/permissive_adder.go:33.16,35.3 1 0
github.com/openshift/oc-mirror/v2/internal/pkg/archive/permissive_adder.go:36.2,40.16 3 6
github.com/openshift/oc-mirror/v2/internal/pkg/archive/permissive_adder.go:40.16,42.3 1 0
github.com/openshift/oc-mirror/v2/internal/pkg/archive/permissive_adder.go:45.2,46.18 2 6
github.com/openshift/oc-mirror/v2/internal/pkg/archive/permissive_adder.go:46.18,48.3 1 0
github.com/openshift/oc-mirror/v2/internal/pkg/archive/permissive_adder.go:49.2,59.16 2 6
github.com/openshift/oc-mirror/v2/internal/pkg/archive/permissive_adder.go:62.41,65.31 1 7
github.com/openshift/oc-mirror/v2/internal/pkg/archive/permissive_adder.go:65.31,68.38 3 3
github.com/openshift/oc-mirror/v2/internal/pkg/archive/permissive_adder.go:68.38,70.27 2 3
github.com/openshift/oc-mirror/v2/internal/pkg/archive/permissive_adder.go:70.27,72.5 1 3
github.com/openshift/oc-mirror/v2/internal/pkg/archive/permissive_adder.go:74.3,75.88 2 3
github.com/openshift/oc-mirror/v2/internal/pkg/archive/permissive_adder.go:77.2,78.16 2 7
github.com/openshift/oc-mirror/v2/internal/pkg/archive/permissive_adder.go:78.16,80.3 1 1
github.com/openshift/oc-mirror/v2/internal/pkg/archive/permissive_adder.go:81.2,82.16 2 7
github.com/openshift/oc-mirror/v2/internal/pkg/archive/permissive_adder.go:82.16,84.3 1 0
github.com/openshift/oc-mirror/v2/internal/pkg/archive/permissive_adder.go:85.2,85.30 1 7
github.com/openshift/oc-mirror/v2/internal/pkg/archive/permissive_adder.go:95.78,97.16 2 5
github.com/openshift/oc-mirror/v2/internal/pkg/archive/permissive_adder.go:97.16,99.3 1 0
github.com/openshift/oc-mirror/v2/internal/pkg/archive/permissive_adder.go:103.2,103.34 1 5
github.com/openshift/oc-mirror/v2/internal/pkg/archive/permissive_adder.go:103.34,108.3 3 1
github.com/openshift/oc-mirror/v2/internal/pkg/archive/permissive_adder.go:110.2,110.55 1 4
github.com/openshift/oc-mirror/v2/internal/pkg/archive/permissive_adder.go:110.55,112.17 2 1
github.com/openshift/oc-mirror/v2/internal/pkg/archive/permissive_adder.go:112.17,114.4 1 0
github.com/openshift/oc-mirror/v2/internal/pkg/archive/permissive_adder.go:116.2,117.16 2 4
github.com/openshift/oc-mirror/v2/internal/pkg/archive/permissive_adder.go:117.16,119.3 1 0
github.com/openshift/oc-mirror/v2/internal/pkg/archive/permissive_adder.go:121.2,122.12 2 4
github.com/openshift/oc-mirror/v2/internal/pkg/archive/permissive_adder.go:131.85,132.99 1 10
github.com/openshift/oc-mirror/v2/internal/pkg/archive/permissive_adder.go:132.99,133.27 1 80
github.com/openshift/oc-mirror/v2/internal/pkg/archive/permissive_adder.go:133.27,135.4 1 0
github.com/openshift/oc-mirror/v2/internal/pkg/archive/permissive_adder.go:136.3,136.19 1 80
github.com/openshift/oc-mirror/v2/internal/pkg/archive/permissive_adder.go:136.19,138.4 1 50
github.com/openshift/oc-mirror/v2/internal/pkg/archive/permissive_adder.go:141.3,141.37 1 30
github.com/openshift/oc-mirror/v2/internal/pkg/archive/permissive_adder.go:141.37,145.18 4 1
github.com/openshift/oc-mirror/v2/internal/pkg/archive/permissive_adder.go:145.18,147.5 1 0
github.com/openshift/oc-mirror/v2/internal/pkg/archive/permissive_adder.go:148.4,148.58 1 1
github.com/openshift/oc-mirror/v2/internal/pkg/archive/permissive_adder.go:152.3,152.58 1 29
github.com/openshift/oc-mirror/v2/internal/pkg/archive/permissive_adder.go:152.58,154.18 2 0
github.com/openshift/oc-mirror/v2/internal/pkg/archive/permissive_adder.go:154.18,156.5 1 0
github.com/openshift/oc-mirror/v2/internal/pkg/archive/permissive_adder.go:163.3,164.17 2 29
github.com/openshift/oc-mirror/v2/internal/pkg/archive/permissive_adder.go:164.17,166.4 1 0
github.com/openshift/oc-mirror/v2/internal/pkg/archive/permissive_adder.go:168.3,169.17 2 29
github.com/openshift/oc-mirror/v2/internal/pkg/archive/permissive_adder.go:169.17,171.4 1 0
github.com/openshift/oc-mirror/v2/internal/pkg/archive/permissive_adder.go:173.3,174.13 2 29
github.com/openshift/oc-mirror/v2/internal/pkg/archive/permissive_adder.go:182.45,185.16 2 2
github.com/openshift/oc-mirror/v2/internal/pkg/archive/permissive_adder.go:185.16,187.3 1 0
github.com/openshift/oc-mirror/v2/internal/pkg/archive/permissive_adder.go:188.2,189.16 2 2
github.com/openshift/oc-mirror/v2/internal/pkg/archive/permissive_adder.go:189.16,191.3 1 0
github.com/openshift/oc-mirror/v2/internal/pkg/archive/permissive_adder.go:194.2,203.16 6 2
github.com/openshift/oc-mirror/v2/internal/pkg/archive/permissive_adder.go:203.16,205.3 1 0
github.com/openshift/oc-mirror/v2/internal/pkg/archive/permissive_adder.go:206.2,207.12 2 2
github.com/openshift/oc-mirror/v2/internal/pkg/archive/permissive_adder.go:213.116,221.16 5 3
github.com/openshift/oc-mirror/v2/internal/pkg/archive/permissive_adder.go:221.16,223.3 1 0
github.com/openshift/oc-mirror/v2/internal/pkg/archive/permissive_adder.go:224.2,227.15 2 3
github.com/openshift/oc-mirror/v2/internal/pkg/archive/permissive_adder.go:227.15,231.3 3 3
github.com/openshift/oc-mirror/v2/internal/pkg/archive/permissive_adder.go:234.2,235.16 2 3
github.com/openshift/oc-mirror/v2/internal/pkg/archive/permissive_adder.go:235.16,237.3 1 0
github.com/openshift/oc-mirror/v2/internal/pkg/archive/permissive_adder.go:238.2,240.63 2 3
github.com/openshift/oc-mirror/v2/internal/pkg/archive/permissive_adder.go:240.63,242.3 1 0
github.com/openshift/oc-mirror/v2/internal/pkg/archive/permissive_adder.go:244.2,245.16 2 3
github.com/openshift/oc-mirror/v2/internal/pkg/archive/permissive_adder.go:245.16,247.3 1 0
github.com/openshift/oc-mirror/v2/internal/pkg/archive/permissive_adder.go:248.2,251.61 2 3
github.com/openshift/oc-mirror/v2/internal/pkg/archive/permissive_adder.go:251.61,253.3 1 0
github.com/openshift/oc-mirror/v2/internal/pkg/archive/permissive_adder.go:255.2,255.12 1 3
github.com/openshift/oc-mirror/v2/internal/pkg/archive/strict_adder.go:26.116,30.16 4 10
github.com/openshift/oc-mirror/v2/internal/pkg/archive/strict_adder.go:30.16,32.3 1 0
github.com/openshift/oc-mirror/v2/internal/pkg/archive/strict_adder.go:33.2,37.16 3 10
github.com/openshift/oc-mirror/v2/internal/pkg/archive/strict_adder.go:37.16,39.3 1 0
github.com/openshift/oc-mirror/v2/internal/pkg/archive/strict_adder.go:42.2,43.18 2 10
github.com/openshift/oc-mirror/v2/internal/pkg/archive/strict_adder.go:43.18,45.3 1 0
github.com/openshift/oc-mirror/v2/internal/pkg/archive/strict_adder.go:46.2,55.16 2 10
github.com/openshift/oc-mirror/v2/internal/pkg/archive/strict_adder.go:58.37,60.16 2 9
github.com/openshift/oc-mirror/v2/internal/pkg/archive/strict_adder.go:60.16,62.3 1 0
github.com/openshift/oc-mirror/v2/internal/pkg/archive/strict_adder.go:63.2,64.16 2 9
github.com/openshift/oc-mirror/v2/internal/pkg/archive/strict_adder.go:64.16,66.3 1 0
github.com/openshift/oc-mirror/v2/internal/pkg/archive/strict_adder.go:67.2,67.30 1 9
github.com/openshift/oc-mirror/v2/internal/pkg/archive/strict_adder.go:76.74,78.16 2 6
github.com/openshift/oc-mirror/v2/internal/pkg/archive/strict_adder.go:78.16,80.3 1 1
github.com/openshift/oc-mirror/v2/internal/pkg/archive/strict_adder.go:84.2,84.34 1 5
github.com/openshift/oc-mirror/v2/internal/pkg/archive/strict_adder.go:84.34,86.3 1 1
github.com/openshift/oc-mirror/v2/internal/pkg/archive/strict_adder.go:88.2,88.55 1 4
github.com/openshift/oc-mirror/v2/internal/pkg/archive/strict_adder.go:88.55,90.17 2 1
github.com/openshift/oc-mirror/v2/internal/pkg/archive/strict_adder.go:90.17,92.4 1 0
github.com/openshift/oc-mirror/v2/internal/pkg/archive/strict_adder.go:94.2,95.16 2 4
github.com/openshift/oc-mirror/v2/internal/pkg/archive/strict_adder.go:95.16,97.3 1 0
github.com/openshift/oc-mirror/v2/internal/pkg/archive/strict_adder.go:99.2,100.12 2 4
github.com/openshift/oc-mirror/v2/internal/pkg/archive/strict_adder.go:109.81,110.99 1 24
github.com/openshift/oc-mirror/v2/internal/pkg/archive/strict_adder.go:110.99,111.27 1 211
github.com/openshift/oc-mirror/v2/internal/pkg/archive/strict_adder.go:111.27,113.4 1 2
github.com/openshift/oc-mirror/v2/internal/pkg/archive/strict_adder.go:114.3,114.19 1 209
github.com/openshift/oc-mirror/v2/internal/pkg/archive/strict_adder.go:114.19,116.4 1 131
github.com/openshift/oc-mirror/v2/internal/pkg/archive/strict_adder.go:119.3,119.37 1 78
github.com/openshift/oc-mirror/v2/internal/pkg/archive/strict_adder.go:119.37,121.4 1 1
github.com/openshift/oc-mirror/v2/internal/pkg/archive/strict_adder.go:123.3,123.58 1 77
github.com/openshift/oc-mirror/v2/internal/pkg/archive/strict_adder.go:123.58,125.18 2 1
github.com/openshift/oc-mirror/v2/internal/pkg/archive/strict_adder.go:125.18,127.5 1 0
github.com/openshift/oc-mirror/v2/internal/pkg/archive/strict_adder.go:133.3,134.17 2 77
github.com/openshift/oc-mirror/v2/internal/pkg/archive/strict_adder.go:134.17,136.4 1 0
github.com/openshift/oc-mirror/v2/internal/pkg/archive/strict_adder.go:138.3,139.17 2 77
github.com/openshift/oc-mirror/v2/internal/pkg/archive/strict_adder.go:139.17,141.4 1 0
github.com/openshift/oc-mirror/v2/internal/pkg/archive/strict_adder.go:143.3,144.13 2 77
github.com/openshift/oc-mirror/v2/internal/pkg/archive/strict_adder.go:152.41,155.16 2 3
github.com/openshift/oc-mirror/v2/internal/pkg/archive/strict_adder.go:155.16,157.3 1 0
github.com/openshift/oc-mirror/v2/internal/pkg/archive/strict_adder.go:158.2,159.16 2 3
github.com/openshift/oc-mirror/v2/internal/pkg/archive/strict_adder.go:159.16,161.3 1 0
github.com/openshift/oc-mirror/v2/internal/pkg/archive/strict_adder.go:164.2,173.16 6 3
github.com/openshift/oc-mirror/v2/internal/pkg/archive/strict_adder.go:173.16,175.3 1 0
github.com/openshift/oc-mirror/v2/internal/pkg/archive/strict_adder.go:176.2,177.12 2 3
github.com/openshift/oc-mirror/v2/internal/pkg/archive/unarchive.go:21.94,27.16 3 5
github.com/openshift/oc-mirror/v2/internal/pkg/archive/unarchive.go:27.16,29.3 1 0
github.com/openshift/oc-mirror/v2/internal/pkg/archive/unarchive.go:31.2,32.16 2 5
github.com/openshift/oc-mirror/v2/internal/pkg/archive/unarchive.go:32.16,34.3 1 0
github.com/openshift/oc-mirror/v2/internal/pkg/archive/unarchive.go:35.2,35.30 1 5
github.com/openshift/oc-mirror/v2/internal/pkg/archive/unarchive.go:35.30,37.36 1 5
github.com/openshift/oc-mirror/v2/internal/pkg/archive/unarchive.go:37.36,39.4 1 5
github.com/openshift/oc-mirror/v2/internal/pkg/archive/unarchive.go:41.2,41.16 1 5
github.com/openshift/oc-mirror/v2/internal/pkg/archive/unarchive.go:47.45,48.43 1 5
github.com/openshift/oc-mirror/v2/internal/pkg/archive/unarchive.go:48.43,50.17 2 5
github.com/openshift/oc-mirror/v2/internal/pkg/archive/unarchive.go:50.17,52.4 1 0
github.com/openshift/oc-mirror/v2/internal/pkg/archive/unarchive.go:53.3,57.17 4 5
github.com/openshift/oc-mirror/v2/internal/pkg/archive/unarchive.go:57.17,59.4 1 1
github.com/openshift/oc-mirror/v2/internal/pkg/archive/unarchive.go:61.3,62.17 2 4
github.com/openshift/oc-mirror/v2/internal/pkg/archive/unarchive.go:62.17,64.4 1 1
github.com/openshift/oc-mirror/v2/internal/pkg/archive/unarchive.go:65.3,65.7 1 3
github.com/openshift/oc-mirror/v2/internal/pkg/archive/unarchive.go:65.7,69.30 2 40
github.com/openshift/oc-mirror/v2/internal/pkg/archive/unarchive.go:69.30,70.10 1 3
github.com/openshift/oc-mirror/v2/internal/pkg/archive/unarchive.go:73.4,73.18 1 37
github.com/openshift/oc-mirror/v2/internal/pkg/archive/unarchive.go:73.18,75.5 1 0
github.com/openshift/oc-mirror/v2/internal/pkg/archive/unarchive.go:77.4,77.21 1 37
github.com/openshift/oc-mirror/v2/internal/pkg/archive/unarchive.go:77.21,78.13 1 0
github.com/openshift/oc-mirror/v2/internal/pkg/archive/unarchive.go:90.4,90.38 1 37
github.com/openshift/oc-mirror/v2/internal/pkg/archive/unarchive.go:90.38,93.56 2 37
github.com/openshift/oc-mirror/v2/internal/pkg/archive/unarchive.go:93.56,96.6 2 8
github.com/openshift/oc-mirror/v2/internal/pkg/archive/unarchive.go:96.11,96.62 1 29
github.com/openshift/oc-mirror/v2/internal/pkg/archive/unarchive.go:96.62,99.6 1 29
github.com/openshift/oc-mirror/v2/internal/pkg/archive/unarchive.go:99.11,100.14 1 0
github.com/openshift/oc-mirror/v2/internal/pkg/archive/unarchive.go:103.5,104.63 2 37
github.com/openshift/oc-mirror/v2/internal/pkg/archive/unarchive.go:104.63,106.6 1 0
github.com/openshift/oc-mirror/v2/internal/pkg/archive/unarchive.go:109.5,110.19 2 37
github.com/openshift/oc-mirror/v2/internal/pkg/archive/unarchive.go:110.19,112.6 1 0
github.com/openshift/oc-mirror/v2/internal/pkg/archive/unarchive.go:114.5,114.49 1 37
github.com/openshift/oc-mirror/v2/internal/pkg/archive/unarchive.go:114.49,116.6 1 0
github.com/openshift/oc-mirror/v2/internal/pkg/archive/unarchive.go:120.5,120.14 1 37
github.com/openshift/oc-mirror/v2/internal/pkg/archive/unarchive.go:126.2,126.12 1 3
github.com/openshift/oc-mirror/v2/internal/pkg/batch/concurrent_worker.go:28.18,33.2 2 8
github.com/openshift/oc-mirror/v2/internal/pkg/batch/concurrent_worker.go:52.156,59.46 5 8
github.com/openshift/oc-mirror/v2/internal/pkg/batch/concurrent_worker.go:59.46,61.3 1 8
github.com/openshift/oc-mirror/v2/internal/pkg/batch/concurrent_worker.go:61.8,61.55 1 0
github.com/openshift/oc-mirror/v2/internal/pkg/batch/concurrent_worker.go:61.55,63.3 1 0
github.com/openshift/oc-mirror/v2/internal/pkg/batch/concurrent_worker.go:65.2,75.41 7 8
github.com/openshift/oc-mirror/v2/internal/pkg/batch/concurrent_worker.go:75.41,79.46 3 15
github.com/openshift/oc-mirror/v2/internal/pkg/batch/concurrent_worker.go:79.46,97.23 4 64
github.com/openshift/oc-mirror/v2/internal/pkg/batch/concurrent_worker.go:97.23,101.13 4 64
github.com/openshift/oc-mirror/v2/internal/pkg/batch/concurrent_worker.go:101.13,104.23 2 7
github.com/openshift/oc-mirror/v2/internal/pkg/batch/concurrent_worker.go:104.23,106.7 1 1
github.com/openshift/oc-mirror/v2/internal/pkg/batch/concurrent_worker.go:108.6,108.22 1 7
github.com/openshift/oc-mirror/v2/internal/pkg/batch/concurrent_worker.go:109.39,110.27 1 1
github.com/openshift/oc-mirror/v2/internal/pkg/batch/concurrent_worker.go:111.40,114.26 3 6
github.com/openshift/oc-mirror/v2/internal/pkg/batch/concurrent_worker.go:117.6,118.16 2 7
github.com/openshift/oc-mirror/v2/internal/pkg/batch/concurrent_worker.go:121.5,123.12 3 57
github.com/openshift/oc-mirror/v2/internal/pkg/batch/concurrent_worker.go:124.21,128.22 3 51
github.com/openshift/oc-mirror/v2/internal/pkg/batch/concurrent_worker.go:129.97,130.42 1 21
github.com/openshift/oc-mirror/v2/internal/pkg/batch/concurrent_worker.go:131.32,132.45 1 12
github.com/openshift/oc-mirror/v2/internal/pkg/batch/concurrent_worker.go:133.104,134.43 1 18
github.com/openshift/oc-mirror/v2/internal/pkg/batch/concurrent_worker.go:136.32,140.26 4 4
github.com/openshift/oc-mirror/v2/internal/pkg/batch/concurrent_worker.go:141.39,143.26 2 1
github.com/openshift/oc-mirror/v2/internal/pkg/batch/concurrent_worker.go:144.31,150.47 5 1
github.com/openshift/oc-mirror/v2/internal/pkg/batch/concurrent_worker.go:152.5,153.15 2 56
github.com/openshift/oc-mirror/v2/internal/pkg/batch/concurrent_worker.go:157.3,157.35 1 15
github.com/openshift/oc-mirror/v2/internal/pkg/batch/concurrent_worker.go:157.35,159.4 1 1
github.com/openshift/oc-mirror/v2/internal/pkg/batch/concurrent_worker.go:160.3,161.34 2 14
github.com/openshift/oc-mirror/v2/internal/pkg/batch/concurrent_worker.go:161.34,162.25 1 7
github.com/openshift/oc-mirror/v2/internal/pkg/batch/concurrent_worker.go:162.25,164.5 1 3
github.com/openshift/oc-mirror/v2/internal/pkg/batch/concurrent_worker.go:164.10,166.5 1 4
github.com/openshift/oc-mirror/v2/internal/pkg/batch/concurrent_worker.go:170.2,170.46 1 7
github.com/openshift/oc-mirror/v2/internal/pkg/batch/concurrent_worker.go:170.46,172.46 2 7
github.com/openshift/oc-mirror/v2/internal/pkg/batch/concurrent_worker.go:172.46,173.79 1 6
github.com/openshift/oc-mirror/v2/internal/pkg/batch/concurrent_worker.go:173.79,175.5 1 6
github.com/openshift/oc-mirror/v2/internal/pkg/batch/concurrent_worker.go:175.10,177.5 1 0
github.com/openshift/oc-mirror/v2/internal/pkg/batch/concurrent_worker.go:179.3,179.47 1 7
github.com/openshift/oc-mirror/v2/internal/pkg/batch/concurrent_worker.go:179.47,180.81 1 7
github.com/openshift/oc-mirror/v2/internal/pkg/batch/concurrent_worker.go:180.81,182.5 1 4
github.com/openshift/oc-mirror/v2/internal/pkg/batch/concurrent_worker.go:182.10,184.5 1 3
github.com/openshift/oc-mirror/v2/internal/pkg/batch/concurrent_worker.go:186.3,186.49 1 7
github.com/openshift/oc-mirror/v2/internal/pkg/batch/concurrent_worker.go:186.49,187.85 1 6
github.com/openshift/oc-mirror/v2/internal/pkg/batch/concurrent_worker.go:187.85,189.5 1 5
github.com/openshift/oc-mirror/v2/internal/pkg/batch/concurrent_worker.go:189.10,191.5 1 1
github.com/openshift/oc-mirror/v2/internal/pkg/batch/concurrent_worker.go:193.8,197.61 4 0
github.com/openshift/oc-mirror/v2/internal/pkg/batch/concurrent_worker.go:197.61,199.4 1 0
github.com/openshift/oc-mirror/v2/internal/pkg/batch/concurrent_worker.go:199.9,201.4 1 0
github.com/openshift/oc-mirror/v2/internal/pkg/batch/concurrent_worker.go:203.2,203.23 1 7
github.com/openshift/oc-mirror/v2/internal/pkg/batch/concurrent_worker.go:203.23,205.17 2 3
github.com/openshift/oc-mirror/v2/internal/pkg/batch/concurrent_worker.go:205.17,207.4 1 0
github.com/openshift/oc-mirror/v2/internal/pkg/batch/concurrent_worker.go:207.9,215.4 2 3
github.com/openshift/oc-mirror/v2/internal/pkg/batch/concurrent_worker.go:217.2,220.29 4 4
github.com/openshift/oc-mirror/v2/internal/pkg/batch/concurrent_worker.go:228.92,230.20 2 13
github.com/openshift/oc-mirror/v2/internal/pkg/batch/concurrent_worker.go:230.20,232.3 1 1
github.com/openshift/oc-mirror/v2/internal/pkg/batch/concurrent_worker.go:233.2,233.31 1 12
github.com/openshift/oc-mirror/v2/internal/pkg/batch/concurrent_worker.go:233.31,239.3 1 2
github.com/openshift/oc-mirror/v2/internal/pkg/batch/concurrent_worker.go:239.8,241.60 2 10
github.com/openshift/oc-mirror/v2/internal/pkg/batch/concurrent_worker.go:241.60,244.38 3 20
github.com/openshift/oc-mirror/v2/internal/pkg/batch/concurrent_worker.go:244.38,246.5 1 10
github.com/openshift/oc-mirror/v2/internal/pkg/batch/concurrent_worker.go:246.10,248.5 1 10
github.com/openshift/oc-mirror/v2/internal/pkg/batch/concurrent_worker.go:249.4,252.36 2 20
github.com/openshift/oc-mirror/v2/internal/pkg/batch/concurrent_worker.go:254.3,254.17 1 10
github.com/openshift/oc-mirror/v2/internal/pkg/batch/concurrent_worker.go:258.64,260.2 1 64
github.com/openshift/oc-mirror/v2/internal/pkg/batch/concurrent_worker.go:262.39,263.51 1 128
github.com/openshift/oc-mirror/v2/internal/pkg/batch/concurrent_worker.go:263.51,265.3 1 0
github.com/openshift/oc-mirror/v2/internal/pkg/batch/concurrent_worker.go:268.44,269.72 1 64
github.com/openshift/oc-mirror/v2/internal/pkg/batch/concurrent_worker.go:269.72,270.73 1 64
github.com/openshift/oc-mirror/v2/internal/pkg/batch/concurrent_worker.go:270.73,271.18 1 0
github.com/openshift/oc-mirror/v2/internal/pkg/batch/concurrent_worker.go:271.18,274.5 2 0
github.com/openshift/oc-mirror/v2/internal/pkg/batch/concurrent_worker.go:275.4,275.27 1 0
github.com/openshift/oc-mirror/v2/internal/pkg/batch/concurrent_worker.go:282.109,291.143 2 70
github.com/openshift/oc-mirror/v2/internal/pkg/batch/concurrent_worker.go:291.143,293.3 1 8
github.com/openshift/oc-mirror/v2/internal/pkg/batch/concurrent_worker.go:295.2,295.45 1 62
github.com/openshift/oc-mirror/v2/internal/pkg/batch/concurrent_worker.go:295.45,296.32 1 8
github.com/openshift/oc-mirror/v2/internal/pkg/batch/concurrent_worker.go:296.32,298.44 2 1
github.com/openshift/oc-mirror/v2/internal/pkg/batch/concurrent_worker.go:298.44,300.5 1 1
github.com/openshift/oc-mirror/v2/internal/pkg/batch/concurrent_worker.go:302.4,302.58 1 1
github.com/openshift/oc-mirror/v2/internal/pkg/batch/concurrent_worker.go:302.58,304.5 1 1
github.com/openshift/oc-mirror/v2/internal/pkg/batch/concurrent_worker.go:308.2,308.19 1 61
github.com/openshift/oc-mirror/v2/internal/pkg/batch/concurrent_worker.go:311.117,312.23 1 7
github.com/openshift/oc-mirror/v2/internal/pkg/batch/concurrent_worker.go:312.23,316.17 4 7
github.com/openshift/oc-mirror/v2/internal/pkg/batch/concurrent_worker.go:316.17,319.4 2 0
github.com/openshift/oc-mirror/v2/internal/pkg/batch/concurrent_worker.go:320.3,322.32 2 7
github.com/openshift/oc-mirror/v2/internal/pkg/batch/concurrent_worker.go:322.32,326.4 3 9
github.com/openshift/oc-mirror/v2/internal/pkg/batch/concurrent_worker.go:327.3,327.23 1 7
github.com/openshift/oc-mirror/v2/internal/pkg/batch/concurrent_worker.go:329.2,329.16 1 0
github.com/openshift/oc-mirror/v2/internal/pkg/batch/concurrent_worker.go:332.51,333.52 1 9
github.com/openshift/oc-mirror/v2/internal/pkg/batch/concurrent_worker.go:333.52,335.3 1 1
github.com/openshift/oc-mirror/v2/internal/pkg/batch/concurrent_worker.go:337.2,337.93 1 8
github.com/openshift/oc-mirror/v2/internal/pkg/batch/concurrent_worker.go:340.41,343.2 2 1
github.com/openshift/oc-mirror/v2/internal/pkg/batch/error.go:16.50,18.2 1 5
github.com/openshift/oc-mirror/v2/internal/pkg/batch/error.go:20.50,22.2 1 3
github.com/openshift/oc-mirror/v2/internal/pkg/batch/error.go:24.35,24.55 1 1
github.com/openshift/oc-mirror/v2/internal/pkg/batch/error.go:26.37,26.71 1 0
github.com/openshift/oc-mirror/v2/internal/pkg/batch/worker.go:17.18,22.2 2 6
github.com/openshift/oc-mirror/v2/internal/pkg/batch/worker.go:33.146,37.46 3 6
github.com/openshift/oc-mirror/v2/internal/pkg/batch/worker.go:37.46,39.3 1 3
github.com/openshift/oc-mirror/v2/internal/pkg/batch/worker.go:39.8,39.55 1 3
github.com/openshift/oc-mirror/v2/internal/pkg/batch/worker.go:39.55,41.3 1 3
github.com/openshift/oc-mirror/v2/internal/pkg/batch/worker.go:43.2,49.48 4 6
github.com/openshift/oc-mirror/v2/internal/pkg/batch/worker.go:49.48,51.123 1 22
github.com/openshift/oc-mirror/v2/internal/pkg/batch/worker.go:51.123,55.12 4 2
github.com/openshift/oc-mirror/v2/internal/pkg/batch/worker.go:58.3,59.10 2 20
github.com/openshift/oc-mirror/v2/internal/pkg/batch/worker.go:60.19,62.20 2 16
github.com/openshift/oc-mirror/v2/internal/pkg/batch/worker.go:63.95,64.40 1 6
github.com/openshift/oc-mirror/v2/internal/pkg/batch/worker.go:65.30,66.43 1 4
github.com/openshift/oc-mirror/v2/internal/pkg/batch/worker.go:67.102,68.41 1 6
github.com/openshift/oc-mirror/v2/internal/pkg/batch/worker.go:70.90,72.72 1 2
github.com/openshift/oc-mirror/v2/internal/pkg/batch/worker.go:74.11,79.24 4 2
github.com/openshift/oc-mirror/v2/internal/pkg/batch/worker.go:79.24,81.5 1 0
github.com/openshift/oc-mirror/v2/internal/pkg/batch/worker.go:82.4,82.61 1 2
github.com/openshift/oc-mirror/v2/internal/pkg/batch/worker.go:85.3,85.43 1 18
github.com/openshift/oc-mirror/v2/internal/pkg/batch/worker.go:89.2,89.46 1 4
github.com/openshift/oc-mirror/v2/internal/pkg/batch/worker.go:89.46,91.46 2 2
github.com/openshift/oc-mirror/v2/internal/pkg/batch/worker.go:91.46,92.123 1 1
github.com/openshift/oc-mirror/v2/internal/pkg/batch/worker.go:92.123,94.5 1 1
github.com/openshift/oc-mirror/v2/internal/pkg/batch/worker.go:94.10,96.5 1 0
github.com/openshift/oc-mirror/v2/internal/pkg/batch/worker.go:98.3,98.47 1 2
github.com/openshift/oc-mirror/v2/internal/pkg/batch/worker.go:98.47,99.128 1 1
github.com/openshift/oc-mirror/v2/internal/pkg/batch/worker.go:99.128,101.5 1 1
github.com/openshift/oc-mirror/v2/internal/pkg/batch/worker.go:101.10,103.5 1 0
github.com/openshift/oc-mirror/v2/internal/pkg/batch/worker.go:105.3,105.49 1 2
github.com/openshift/oc-mirror/v2/internal/pkg/batch/worker.go:105.49,106.132 1 1
github.com/openshift/oc-mirror/v2/internal/pkg/batch/worker.go:106.132,108.5 1 1
github.com/openshift/oc-mirror/v2/internal/pkg/batch/worker.go:108.10,110.5 1 0
github.com/openshift/oc-mirror/v2/internal/pkg/batch/worker.go:112.8,114.108 2 2
github.com/openshift/oc-mirror/v2/internal/pkg/batch/worker.go:114.108,116.4 1 1
github.com/openshift/oc-mirror/v2/internal/pkg/batch/worker.go:116.9,118.4 1 1
github.com/openshift/oc-mirror/v2/internal/pkg/batch/worker.go:121.2,121.23 1 4
github.com/openshift/oc-mirror/v2/internal/pkg/batch/worker.go:121.23,123.17 2 2
github.com/openshift/oc-mirror/v2/internal/pkg/batch/worker.go:123.17,125.4 1 0
github.com/openshift/oc-mirror/v2/internal/pkg/batch/worker.go:125.9,133.4 2 2
github.com/openshift/oc-mirror/v2/internal/pkg/batch/worker.go:136.2,139.28 4 2
github.com/openshift/oc-mirror/v2/internal/pkg/batch/worker.go:142.111,143.18 1 20
github.com/openshift/oc-mirror/v2/internal/pkg/batch/worker.go:144.93,145.34 1 8
github.com/openshift/oc-mirror/v2/internal/pkg/batch/worker.go:146.100,147.36 1 7
github.com/openshift/oc-mirror/v2/internal/pkg/batch/worker.go:148.28,149.37 1 5
github.com/openshift/oc-mirror/v2/internal/pkg/batch/worker.go:152.2,153.103 2 20
github.com/openshift/oc-mirror/v2/internal/pkg/batch/worker.go:153.103,155.3 1 0
github.com/openshift/oc-mirror/v2/internal/pkg/batch/worker.go:155.8,155.23 1 20
github.com/openshift/oc-mirror/v2/internal/pkg/batch/worker.go:155.23,157.19 2 2
github.com/openshift/oc-mirror/v2/internal/pkg/batch/worker.go:158.94,159.45 1 0
github.com/openshift/oc-mirror/v2/internal/pkg/batch/worker.go:160.101,161.47 1 1
github.com/openshift/oc-mirror/v2/internal/pkg/batch/worker.go:162.29,163.48 1 1
github.com/openshift/oc-mirror/v2/internal/pkg/batch/worker.go:167.2,168.36 2 20
github.com/openshift/oc-mirror/v2/internal/pkg/batch/worker.go:168.36,170.3 1 2
github.com/openshift/oc-mirror/v2/internal/pkg/batch/worker.go:170.8,172.3 1 18
github.com/openshift/oc-mirror/v2/internal/pkg/batch/worker.go:173.2,175.44 2 20
github.com/openshift/oc-mirror/v2/internal/pkg/batch/worker.go:175.44,176.50 1 9
github.com/openshift/oc-mirror/v2/internal/pkg/batch/worker.go:176.50,178.4 1 0
github.com/openshift/oc-mirror/v2/internal/pkg/batch/worker.go:178.9,180.4 1 9
github.com/openshift/oc-mirror/v2/internal/pkg/batch/worker.go:182.2,182.45 1 20
github.com/openshift/oc-mirror/v2/internal/pkg/batch/worker.go:182.45,183.52 1 9
github.com/openshift/oc-mirror/v2/internal/pkg/batch/worker.go:183.52,185.4 1 0
github.com/openshift/oc-mirror/v2/internal/pkg/batch/worker.go:185.9,187.4 1 9
github.com/openshift/oc-mirror/v2/internal/pkg/batch/worker.go:189.2,189.47 1 20
github.com/openshift/oc-mirror/v2/internal/pkg/batch/worker.go:189.47,190.53 1 9
github.com/openshift/oc-mirror/v2/internal/pkg/batch/worker.go:190.53,192.4 1 0
github.com/openshift/oc-mirror/v2/internal/pkg/batch/worker.go:192.9,194.4 1 9
github.com/openshift/oc-mirror/v2/internal/pkg/batch/worker.go:196.2,198.54 2 20
github.com/openshift/oc-mirror/v2/internal/pkg/log/logger.go:27.49,29.2 1 1
github.com/openshift/oc-mirror/v2/internal/pkg/log/logger.go:32.65,34.2 1 1
github.com/openshift/oc-mirror/v2/internal/pkg/log/logger.go:37.64,39.2 1 1
github.com/openshift/oc-mirror/v2/internal/pkg/log/logger.go:42.65,44.2 1 1
github.com/openshift/oc-mirror/v2/internal/pkg/log/logger.go:47.65,49.2 1 1
github.com/openshift/oc-mirror/v2/internal/pkg/log/logger.go:52.64,54.2 1 1
github.com/openshift/oc-mirror/v2/internal/pkg/log/logger.go:57.47,59.2 1 0
github.com/openshift/oc-mirror/v2/internal/pkg/log/logger.go:61.45,63.2 1 0
github.com/openshift/oc-mirror/v2/internal/pkg/history/error.go:11.44,13.2 1 1
github.com/openshift/oc-mirror/v2/internal/pkg/history/error.go:15.69,19.2 1 2
github.com/openshift/oc-mirror/v2/internal/pkg/history/error.go:21.48,24.2 2 3
github.com/openshift/oc-mirror/v2/internal/pkg/history/history.go:25.132,26.17 1 7
github.com/openshift/oc-mirror/v2/internal/pkg/history/history.go:26.17,28.3 1 0
github.com/openshift/oc-mirror/v2/internal/pkg/history/history.go:28.8,30.3 1 7
github.com/openshift/oc-mirror/v2/internal/pkg/history/history.go:31.2,34.16 3 7
github.com/openshift/oc-mirror/v2/internal/pkg/history/history.go:34.16,36.3 1 0
github.com/openshift/oc-mirror/v2/internal/pkg/history/history.go:37.2,41.8 1 7
github.com/openshift/oc-mirror/v2/internal/pkg/history/history.go:44.52,49.42 3 6
github.com/openshift/oc-mirror/v2/internal/pkg/history/history.go:49.42,51.3 1 2
github.com/openshift/oc-mirror/v2/internal/pkg/history/history.go:51.8,51.23 1 4
github.com/openshift/oc-mirror/v2/internal/pkg/history/history.go:51.23,53.3 1 0
github.com/openshift/oc-mirror/v2/internal/pkg/history/history.go:55.2,56.16 2 4
github.com/openshift/oc-mirror/v2/internal/pkg/history/history.go:56.16,58.3 1 0
github.com/openshift/oc-mirror/v2/internal/pkg/history/history.go:59.2,63.21 3 4
github.com/openshift/oc-mirror/v2/internal/pkg/history/history.go:63.21,66.3 2 10
github.com/openshift/oc-mirror/v2/internal/pkg/history/history.go:68.2,68.38 1 4
github.com/openshift/oc-mirror/v2/internal/pkg/history/history.go:68.38,70.3 1 0
github.com/openshift/oc-mirror/v2/internal/pkg/history/history.go:72.2,72.24 1 4
github.com/openshift/oc-mirror/v2/internal/pkg/history/history.go:75.67,78.16 3 7
github.com/openshift/oc-mirror/v2/internal/pkg/history/history.go:78.16,80.3 1 1
github.com/openshift/oc-mirror/v2/internal/pkg/history/history.go:82.2,85.43 3 6
github.com/openshift/oc-mirror/v2/internal/pkg/history/history.go:85.43,86.33 1 8
github.com/openshift/oc-mirror/v2/internal/pkg/history/history.go:86.33,88.18 2 8
github.com/openshift/oc-mirror/v2/internal/pkg/history/history.go:88.18,90.5 1 0
github.com/openshift/oc-mirror/v2/internal/pkg/history/history.go:92.4,92.24 1 8
github.com/openshift/oc-mirror/v2/internal/pkg/history/history.go:92.24,93.62 1 4
github.com/openshift/oc-mirror/v2/internal/pkg/history/history.go:93.62,96.6 2 2
github.com/openshift/oc-mirror/v2/internal/pkg/history/history.go:97.10,98.35 1 4
github.com/openshift/oc-mirror/v2/internal/pkg/history/history.go:98.35,101.6 2 4
github.com/openshift/oc-mirror/v2/internal/pkg/history/history.go:105.2,105.23 1 6
github.com/openshift/oc-mirror/v2/internal/pkg/history/history.go:105.23,107.3 1 4
github.com/openshift/oc-mirror/v2/internal/pkg/history/history.go:107.8,109.3 1 2
github.com/openshift/oc-mirror/v2/internal/pkg/history/history.go:110.2,110.29 1 4
github.com/openshift/oc-mirror/v2/internal/pkg/history/history.go:113.50,115.2 1 8
github.com/openshift/oc-mirror/v2/internal/pkg/history/history.go:117.62,120.16 3 8
github.com/openshift/oc-mirror/v2/internal/pkg/history/history.go:120.16,123.3 2 0
github.com/openshift/oc-mirror/v2/internal/pkg/history/history.go:124.2,124.22 1 8
github.com/openshift/oc-mirror/v2/internal/pkg/history/history.go:127.85,132.57 3 3
github.com/openshift/oc-mirror/v2/internal/pkg/history/history.go:132.57,134.3 1 0
github.com/openshift/oc-mirror/v2/internal/pkg/history/history.go:136.2,136.34 1 3
github.com/openshift/oc-mirror/v2/internal/pkg/history/history.go:136.34,138.3 1 3
github.com/openshift/oc-mirror/v2/internal/pkg/history/history.go:140.2,141.16 2 3
github.com/openshift/oc-mirror/v2/internal/pkg/history/history.go:141.16,143.3 1 0
github.com/openshift/oc-mirror/v2/internal/pkg/history/history.go:144.2,148.33 3 3
github.com/openshift/oc-mirror/v2/internal/pkg/history/history.go:148.33,150.17 2 8
github.com/openshift/oc-mirror/v2/internal/pkg/history/history.go:150.17,153.4 2 0
github.com/openshift/oc-mirror/v2/internal/pkg/history/history.go:156.2,157.16 2 3
github.com/openshift/oc-mirror/v2/internal/pkg/history/history.go:157.16,160.3 2 0
github.com/openshift/oc-mirror/v2/internal/pkg/history/history.go:162.2,162.26 1 3
github.com/openshift/oc-mirror/v2/internal/pkg/history/history.go:166.39,168.2 1 3
github.com/openshift/oc-mirror/v2/internal/pkg/history/history.go:170.70,173.2 2 2
github.com/openshift/oc-mirror/v2/internal/pkg/image/image.go:51.49,54.37 2 20
github.com/openshift/oc-mirror/v2/internal/pkg/image/image.go:54.37,57.25 3 8
github.com/openshift/oc-mirror/v2/internal/pkg/image/image.go:57.25,61.4 3 8
github.com/openshift/oc-mirror/v2/internal/pkg/image/image.go:62.8,67.3 4 12
github.com/openshift/oc-mirror/v2/internal/pkg/image/image.go:68.2,68.41 1 20
github.com/openshift/oc-mirror/v2/internal/pkg/image/image.go:68.41,70.24 2 10
github.com/openshift/oc-mirror/v2/internal/pkg/image/image.go:70.24,72.18 2 10
github.com/openshift/oc-mirror/v2/internal/pkg/image/image.go:72.18,74.5 1 0
github.com/openshift/oc-mirror/v2/internal/pkg/image/image.go:75.4,77.30 3 10
github.com/openshift/oc-mirror/v2/internal/pkg/image/image.go:79.8,79.48 1 10
github.com/openshift/oc-mirror/v2/internal/pkg/image/image.go:79.48,83.3 3 6
github.com/openshift/oc-mirror/v2/internal/pkg/image/image.go:85.2,85.24 1 20
github.com/openshift/oc-mirror/v2/internal/pkg/image/image.go:85.24,87.3 1 0
github.com/openshift/oc-mirror/v2/internal/pkg/image/image.go:88.2,88.86 1 20
github.com/openshift/oc-mirror/v2/internal/pkg/image/image.go:88.86,90.3 1 2
github.com/openshift/oc-mirror/v2/internal/pkg/image/image.go:92.2,92.41 1 18
github.com/openshift/oc-mirror/v2/internal/pkg/image/image.go:92.41,94.36 2 16
github.com/openshift/oc-mirror/v2/internal/pkg/image/image.go:94.36,97.4 2 15
github.com/openshift/oc-mirror/v2/internal/pkg/image/image.go:97.9,97.43 1 1
github.com/openshift/oc-mirror/v2/internal/pkg/image/image.go:97.43,99.4 1 1
github.com/openshift/oc-mirror/v2/internal/pkg/image/image.go:99.9,101.4 1 0
github.com/openshift/oc-mirror/v2/internal/pkg/image/image.go:102.8,104.3 1 2
github.com/openshift/oc-mirror/v2/internal/pkg/image/image.go:106.2,106.21 1 18
github.com/openshift/oc-mirror/v2/internal/pkg/image/image.go:109.43,111.2 1 2
github.com/openshift/oc-mirror/v2/internal/pkg/image/image.go:113.47,115.2 1 0
github.com/openshift/oc-mirror/v2/internal/pkg/image/image.go:121.49,123.2 1 0
github.com/openshift/oc-mirror/v2/internal/pkg/image/image.go:125.78,126.25 1 7
github.com/openshift/oc-mirror/v2/internal/pkg/image/image.go:126.25,128.3 1 1
github.com/openshift/oc-mirror/v2/internal/pkg/image/image.go:129.2,130.16 2 6
github.com/openshift/oc-mirror/v2/internal/pkg/image/image.go:130.16,132.3 1 1
github.com/openshift/oc-mirror/v2/internal/pkg/image/image.go:133.2,136.38 3 5
github.com/openshift/oc-mirror/v2/internal/pkg/image/image.go:136.38,143.3 3 4
github.com/openshift/oc-mirror/v2/internal/pkg/image/image.go:144.2,144.81 1 5
github.com/openshift/oc-mirror/v2/internal/pkg/image/image.go:147.43,148.44 1 0
github.com/openshift/oc-mirror/v2/internal/pkg/image/image.go:148.44,151.3 2 0
github.com/openshift/oc-mirror/v2/internal/pkg/image/image.go:151.8,153.3 1 0
github.com/openshift/oc-mirror/v2/internal/pkg/config/defaults.go:9.52,11.2 1 2
github.com/openshift/oc-mirror/v2/internal/pkg/config/defaults.go:13.72,14.91 1 2
github.com/openshift/oc-mirror/v2/internal/pkg/config/defaults.go:14.91,16.3 1 1
github.com/openshift/oc-mirror/v2/internal/pkg/config/defaults.go:21.64,23.2 1 2
github.com/openshift/oc-mirror/v2/internal/pkg/config/defaults.go:25.84,26.91 1 2
github.com/openshift/oc-mirror/v2/internal/pkg/config/defaults.go:26.91,28.3 1 1
github.com/openshift/oc-mirror/v2/internal/pkg/config/load.go:19.70,23.16 3 4
github.com/openshift/oc-mirror/v2/internal/pkg/config/load.go:23.16,25.3 1 0
github.com/openshift/oc-mirror/v2/internal/pkg/config/load.go:27.2,27.88 1 4
github.com/openshift/oc-mirror/v2/internal/pkg/config/load.go:27.88,29.3 1 1
github.com/openshift/oc-mirror/v2/internal/pkg/config/load.go:31.2,31.82 1 3
github.com/openshift/oc-mirror/v2/internal/pkg/config/load.go:31.82,33.3 1 1
github.com/openshift/oc-mirror/v2/internal/pkg/config/load.go:35.2,36.16 2 2
github.com/openshift/oc-mirror/v2/internal/pkg/config/load.go:36.16,38.3 1 0
github.com/openshift/oc-mirror/v2/internal/pkg/config/load.go:40.2,40.37 1 2
github.com/openshift/oc-mirror/v2/internal/pkg/config/load.go:41.74,42.48 1 1
github.com/openshift/oc-mirror/v2/internal/pkg/config/load.go:42.48,44.4 1 0
github.com/openshift/oc-mirror/v2/internal/pkg/config/load.go:45.3,48.17 4 1
github.com/openshift/oc-mirror/v2/internal/pkg/config/load.go:48.17,50.4 1 0
github.com/openshift/oc-mirror/v2/internal/pkg/config/load.go:51.3,53.17 3 1
github.com/openshift/oc-mirror/v2/internal/pkg/config/load.go:53.17,55.4 1 0
github.com/openshift/oc-mirror/v2/internal/pkg/config/load.go:56.3,56.18 1 1
github.com/openshift/oc-mirror/v2/internal/pkg/config/load.go:57.80,58.48 1 1
github.com/openshift/oc-mirror/v2/internal/pkg/config/load.go:58.48,60.4 1 0
github.com/openshift/oc-mirror/v2/internal/pkg/config/load.go:61.3,64.17 4 1
github.com/openshift/oc-mirror/v2/internal/pkg/config/load.go:64.17,66.4 1 0
github.com/openshift/oc-mirror/v2/internal/pkg/config/load.go:67.3,69.17 3 1
github.com/openshift/oc-mirror/v2/internal/pkg/config/load.go:69.17,71.4 1 0
github.com/openshift/oc-mirror/v2/internal/pkg/config/load.go:72.3,72.18 1 1
github.com/openshift/oc-mirror/v2/internal/pkg/config/load.go:74.10,75.90 1 0
github.com/openshift/oc-mirror/v2/internal/pkg/config/load.go:81.67,83.51 1 8
github.com/openshift/oc-mirror/v2/internal/pkg/config/load.go:83.51,85.3 1 0
github.com/openshift/oc-mirror/v2/internal/pkg/config/load.go:87.2,90.41 4 8
github.com/openshift/oc-mirror/v2/internal/pkg/config/load.go:90.41,92.3 1 2
github.com/openshift/oc-mirror/v2/internal/pkg/config/load.go:93.2,93.17 1 6
github.com/openshift/oc-mirror/v2/internal/pkg/config/load.go:97.88,101.51 2 0
github.com/openshift/oc-mirror/v2/internal/pkg/config/load.go:101.51,103.3 1 0
github.com/openshift/oc-mirror/v2/internal/pkg/config/load.go:105.2,107.39 3 0
github.com/openshift/oc-mirror/v2/internal/pkg/config/load.go:107.39,109.3 1 0
github.com/openshift/oc-mirror/v2/internal/pkg/config/load.go:111.2,113.15 2 0
github.com/openshift/oc-mirror/v2/internal/pkg/config/load.go:116.69,117.56 1 2
github.com/openshift/oc-mirror/v2/internal/pkg/config/load.go:117.56,119.3 1 0
github.com/openshift/oc-mirror/v2/internal/pkg/config/load.go:120.2,120.22 1 2
github.com/openshift/oc-mirror/v2/internal/pkg/config/validate.go:18.58,20.41 2 11
github.com/openshift/oc-mirror/v2/internal/pkg/config/validate.go:20.41,21.36 1 22
github.com/openshift/oc-mirror/v2/internal/pkg/config/validate.go:21.36,23.4 1 6
github.com/openshift/oc-mirror/v2/internal/pkg/config/validate.go:25.2,25.38 1 11
github.com/openshift/oc-mirror/v2/internal/pkg/config/validate.go:28.73,30.44 2 11
github.com/openshift/oc-mirror/v2/internal/pkg/config/validate.go:30.44,32.17 2 14
github.com/openshift/oc-mirror/v2/internal/pkg/config/validate.go:32.17,34.4 1 2
github.com/openshift/oc-mirror/v2/internal/pkg/config/validate.go:35.3,35.21 1 12
github.com/openshift/oc-mirror/v2/internal/pkg/config/validate.go:35.21,39.4 1 2
github.com/openshift/oc-mirror/v2/internal/pkg/config/validate.go:40.3,40.57 1 10
github.com/openshift/oc-mirror/v2/internal/pkg/config/validate.go:40.57,42.4 1 1
github.com/openshift/oc-mirror/v2/internal/pkg/config/validate.go:44.3,44.24 1 9
github.com/openshift/oc-mirror/v2/internal/pkg/config/validate.go:46.2,46.12 1 6
github.com/openshift/oc-mirror/v2/internal/pkg/config/validate.go:48.62,49.28 1 10
github.com/openshift/oc-mirror/v2/internal/pkg/config/validate.go:49.28,50.37 1 2
github.com/openshift/oc-mirror/v2/internal/pkg/config/validate.go:50.37,51.111 1 2
github.com/openshift/oc-mirror/v2/internal/pkg/config/validate.go:51.111,53.5 1 1
github.com/openshift/oc-mirror/v2/internal/pkg/config/validate.go:56.2,56.12 1 9
github.com/openshift/oc-mirror/v2/internal/pkg/config/validate.go:58.73,60.55 2 11
github.com/openshift/oc-mirror/v2/internal/pkg/config/validate.go:60.55,61.25 1 5
github.com/openshift/oc-mirror/v2/internal/pkg/config/validate.go:61.25,65.4 1 1
github.com/openshift/oc-mirror/v2/internal/pkg/config/validate.go:66.3,66.28 1 4
github.com/openshift/oc-mirror/v2/internal/pkg/config/validate.go:68.2,68.12 1 10
github.com/openshift/oc-mirror/v2/internal/pkg/config/validate.go:72.70,74.47 2 1
github.com/openshift/oc-mirror/v2/internal/pkg/config/validate.go:74.47,75.36 1 2
github.com/openshift/oc-mirror/v2/internal/pkg/config/validate.go:75.36,77.4 1 0
github.com/openshift/oc-mirror/v2/internal/pkg/config/validate.go:79.2,79.38 1 1
github.com/openshift/oc-mirror/v2/internal/pkg/config/validate.go:82.85,84.44 2 1
github.com/openshift/oc-mirror/v2/internal/pkg/config/validate.go:84.44,86.17 2 1
github.com/openshift/oc-mirror/v2/internal/pkg/config/validate.go:86.17,88.4 1 0
github.com/openshift/oc-mirror/v2/internal/pkg/config/validate.go:89.3,89.21 1 1
github.com/openshift/oc-mirror/v2/internal/pkg/config/validate.go:89.21,93.4 1 0
github.com/openshift/oc-mirror/v2/internal/pkg/config/validate.go:94.3,94.24 1 1
github.com/openshift/oc-mirror/v2/internal/pkg/config/validate.go:96.2,96.12 1 1
github.com/openshift/oc-mirror/v2/internal/pkg/config/validate.go:99.85,101.55 2 1
github.com/openshift/oc-mirror/v2/internal/pkg/config/validate.go:101.55,102.25 1 1
github.com/openshift/oc-mirror/v2/internal/pkg/config/validate.go:102.25,106.4 1 0
github.com/openshift/oc-mirror/v2/internal/pkg/config/validate.go:107.3,107.28 1 1
github.com/openshift/oc-mirror/v2/internal/pkg/config/validate.go:109.2,109.12 1 1
github.com/openshift/oc-mirror/v2/internal/pkg/api/operator-framework/v1alpha1/catalogsource_types.go:184.65,189.49 3 3
github.com/openshift/oc-mirror/v2/internal/pkg/api/operator-framework/v1alpha1/catalogsource_types.go:189.49,191.3 1 0
github.com/openshift/oc-mirror/v2/internal/pkg/api/operator-framework/v1alpha1/catalogsource_types.go:192.2,196.16 3 3
github.com/openshift/oc-mirror/v2/internal/pkg/api/operator-framework/v1alpha1/catalogsource_types.go:196.16,199.3 2 0
github.com/openshift/oc-mirror/v2/internal/pkg/api/operator-framework/v1alpha1/catalogsource_types.go:199.8,201.3 1 3
github.com/openshift/oc-mirror/v2/internal/pkg/api/operator-framework/v1alpha1/catalogsource_types.go:202.2,203.12 2 3
github.com/openshift/oc-mirror/v2/internal/pkg/api/operator-framework/v1alpha1/catalogsource_types.go:214.50,216.2 1 0
github.com/openshift/oc-mirror/v2/internal/pkg/api/operator-framework/v1alpha1/catalogsource_types.go:234.79,236.2 1 0
github.com/openshift/oc-mirror/v2/internal/pkg/clusterresources/clusterresources.go:33.22,35.2 1 0
github.com/openshift/oc-mirror/v2/internal/pkg/clusterresources/clusterresources.go:63.134,64.32 1 2
github.com/openshift/oc-mirror/v2/internal/pkg/clusterresources/clusterresources.go:64.32,67.3 2 0
github.com/openshift/oc-mirror/v2/internal/pkg/clusterresources/clusterresources.go:70.2,71.16 2 2
github.com/openshift/oc-mirror/v2/internal/pkg/clusterresources/clusterresources.go:71.16,73.3 1 0
github.com/openshift/oc-mirror/v2/internal/pkg/clusterresources/clusterresources.go:76.2,77.16 2 2
github.com/openshift/oc-mirror/v2/internal/pkg/clusterresources/clusterresources.go:77.16,79.3 1 0
github.com/openshift/oc-mirror/v2/internal/pkg/clusterresources/clusterresources.go:81.2,81.30 1 2
github.com/openshift/oc-mirror/v2/internal/pkg/clusterresources/clusterresources.go:81.30,84.17 3 2
github.com/openshift/oc-mirror/v2/internal/pkg/clusterresources/clusterresources.go:84.17,86.4 1 0
github.com/openshift/oc-mirror/v2/internal/pkg/clusterresources/clusterresources.go:88.3,89.17 2 2
github.com/openshift/oc-mirror/v2/internal/pkg/clusterresources/clusterresources.go:89.17,91.4 1 0
github.com/openshift/oc-mirror/v2/internal/pkg/clusterresources/clusterresources.go:92.8,94.3 1 0
github.com/openshift/oc-mirror/v2/internal/pkg/clusterresources/clusterresources.go:96.2,96.27 1 2
github.com/openshift/oc-mirror/v2/internal/pkg/clusterresources/clusterresources.go:96.27,99.17 3 1
github.com/openshift/oc-mirror/v2/internal/pkg/clusterresources/clusterresources.go:99.17,101.4 1 0
github.com/openshift/oc-mirror/v2/internal/pkg/clusterresources/clusterresources.go:102.3,103.17 2 1
github.com/openshift/oc-mirror/v2/internal/pkg/clusterresources/clusterresources.go:103.17,105.4 1 0
github.com/openshift/oc-mirror/v2/internal/pkg/clusterresources/clusterresources.go:106.8,108.3 1 1
github.com/openshift/oc-mirror/v2/internal/pkg/clusterresources/clusterresources.go:109.2,109.12 1 2
github.com/openshift/oc-mirror/v2/internal/pkg/clusterresources/clusterresources.go:112.126,115.51 2 2
github.com/openshift/oc-mirror/v2/internal/pkg/clusterresources/clusterresources.go:115.51,128.54 2 4
github.com/openshift/oc-mirror/v2/internal/pkg/clusterresources/clusterresources.go:128.54,134.4 2 8
github.com/openshift/oc-mirror/v2/internal/pkg/clusterresources/clusterresources.go:137.2,137.22 1 2
github.com/openshift/oc-mirror/v2/internal/pkg/clusterresources/clusterresources.go:140.169,144.36 4 3
github.com/openshift/oc-mirror/v2/internal/pkg/clusterresources/clusterresources.go:144.36,148.17 3 5
github.com/openshift/oc-mirror/v2/internal/pkg/clusterresources/clusterresources.go:148.17,150.4 1 0
github.com/openshift/oc-mirror/v2/internal/pkg/clusterresources/clusterresources.go:151.3,154.17 3 5
github.com/openshift/oc-mirror/v2/internal/pkg/clusterresources/clusterresources.go:154.17,156.4 1 0
github.com/openshift/oc-mirror/v2/internal/pkg/clusterresources/clusterresources.go:157.3,158.52 2 5
github.com/openshift/oc-mirror/v2/internal/pkg/clusterresources/clusterresources.go:161.2,161.67 1 3
github.com/openshift/oc-mirror/v2/internal/pkg/clusterresources/clusterresources.go:161.67,164.17 3 3
github.com/openshift/oc-mirror/v2/internal/pkg/clusterresources/clusterresources.go:164.17,166.4 1 0
github.com/openshift/oc-mirror/v2/internal/pkg/clusterresources/clusterresources.go:167.3,167.56 1 3
github.com/openshift/oc-mirror/v2/internal/pkg/clusterresources/clusterresources.go:169.2,170.16 2 3
github.com/openshift/oc-mirror/v2/internal/pkg/clusterresources/clusterresources.go:170.16,172.3 1 0
github.com/openshift/oc-mirror/v2/internal/pkg/clusterresources/clusterresources.go:173.2,178.12 4 3
github.com/openshift/oc-mirror/v2/internal/pkg/clusterresources/clusterresources.go:181.111,182.41 1 6
github.com/openshift/oc-mirror/v2/internal/pkg/clusterresources/clusterresources.go:182.41,185.3 2 0
github.com/openshift/oc-mirror/v2/internal/pkg/clusterresources/clusterresources.go:187.2,188.45 2 6
github.com/openshift/oc-mirror/v2/internal/pkg/clusterresources/clusterresources.go:188.45,189.53 1 21
github.com/openshift/oc-mirror/v2/internal/pkg/clusterresources/clusterresources.go:189.53,190.20 1 6
github.com/openshift/oc-mirror/v2/internal/pkg/clusterresources/clusterresources.go:190.20,193.5 2 6
github.com/openshift/oc-mirror/v2/internal/pkg/clusterresources/clusterresources.go:195.4,197.18 3 6
github.com/openshift/oc-mirror/v2/internal/pkg/clusterresources/clusterresources.go:197.18,199.5 1 0
github.com/openshift/oc-mirror/v2/internal/pkg/clusterresources/clusterresources.go:202.2,202.12 1 6
github.com/openshift/oc-mirror/v2/internal/pkg/clusterresources/clusterresources.go:205.77,206.73 1 6
github.com/openshift/oc-mirror/v2/internal/pkg/clusterresources/clusterresources.go:206.73,207.47 1 6
github.com/openshift/oc-mirror/v2/internal/pkg/clusterresources/clusterresources.go:207.47,209.4 1 6
github.com/openshift/oc-mirror/v2/internal/pkg/clusterresources/clusterresources.go:211.2,211.11 1 0
github.com/openshift/oc-mirror/v2/internal/pkg/clusterresources/clusterresources.go:214.118,217.16 2 6
github.com/openshift/oc-mirror/v2/internal/pkg/clusterresources/clusterresources.go:217.16,219.3 1 0
github.com/openshift/oc-mirror/v2/internal/pkg/clusterresources/clusterresources.go:221.2,222.39 2 6
github.com/openshift/oc-mirror/v2/internal/pkg/clusterresources/clusterresources.go:222.39,223.46 1 0
github.com/openshift/oc-mirror/v2/internal/pkg/clusterresources/clusterresources.go:223.46,225.4 1 0
github.com/openshift/oc-mirror/v2/internal/pkg/clusterresources/clusterresources.go:225.9,227.4 1 0
github.com/openshift/oc-mirror/v2/internal/pkg/clusterresources/clusterresources.go:228.8,230.31 2 6
github.com/openshift/oc-mirror/v2/internal/pkg/clusterresources/clusterresources.go:230.31,232.4 1 1
github.com/openshift/oc-mirror/v2/internal/pkg/clusterresources/clusterresources.go:232.9,234.4 1 5
github.com/openshift/oc-mirror/v2/internal/pkg/clusterresources/clusterresources.go:237.2,237.20 1 6
github.com/openshift/oc-mirror/v2/internal/pkg/clusterresources/clusterresources.go:237.20,239.3 1 0
github.com/openshift/oc-mirror/v2/internal/pkg/clusterresources/clusterresources.go:241.2,245.58 5 6
github.com/openshift/oc-mirror/v2/internal/pkg/clusterresources/clusterresources.go:245.58,247.3 1 0
github.com/openshift/oc-mirror/v2/internal/pkg/clusterresources/clusterresources.go:249.2,251.37 3 6
github.com/openshift/oc-mirror/v2/internal/pkg/clusterresources/clusterresources.go:251.37,253.17 2 4
github.com/openshift/oc-mirror/v2/internal/pkg/clusterresources/clusterresources.go:253.17,256.4 2 3
github.com/openshift/oc-mirror/v2/internal/pkg/clusterresources/clusterresources.go:258.2,258.64 1 6
github.com/openshift/oc-mirror/v2/internal/pkg/clusterresources/clusterresources.go:258.64,273.3 1 5
github.com/openshift/oc-mirror/v2/internal/pkg/clusterresources/clusterresources.go:276.2,278.16 3 6
github.com/openshift/oc-mirror/v2/internal/pkg/clusterresources/clusterresources.go:278.16,280.3 1 0
github.com/openshift/oc-mirror/v2/internal/pkg/clusterresources/clusterresources.go:281.2,284.16 3 6
github.com/openshift/oc-mirror/v2/internal/pkg/clusterresources/clusterresources.go:284.16,286.3 1 0
github.com/openshift/oc-mirror/v2/internal/pkg/clusterresources/clusterresources.go:288.2,290.67 2 6
github.com/openshift/oc-mirror/v2/internal/pkg/clusterresources/clusterresources.go:290.67,293.17 3 2
github.com/openshift/oc-mirror/v2/internal/pkg/clusterresources/clusterresources.go:293.17,295.4 1 0
github.com/openshift/oc-mirror/v2/internal/pkg/clusterresources/clusterresources.go:296.3,296.58 1 2
github.com/openshift/oc-mirror/v2/internal/pkg/clusterresources/clusterresources.go:298.2,299.16 2 6
github.com/openshift/oc-mirror/v2/internal/pkg/clusterresources/clusterresources.go:299.16,301.3 1 0
github.com/openshift/oc-mirror/v2/internal/pkg/clusterresources/clusterresources.go:303.2,308.12 4 6
github.com/openshift/oc-mirror/v2/internal/pkg/clusterresources/clusterresources.go:311.120,315.24 3 4
github.com/openshift/oc-mirror/v2/internal/pkg/clusterresources/clusterresources.go:315.24,317.3 1 1
github.com/openshift/oc-mirror/v2/internal/pkg/clusterresources/clusterresources.go:318.2,318.16 1 3
github.com/openshift/oc-mirror/v2/internal/pkg/clusterresources/clusterresources.go:318.16,320.3 1 0
github.com/openshift/oc-mirror/v2/internal/pkg/clusterresources/clusterresources.go:321.2,322.16 2 3
github.com/openshift/oc-mirror/v2/internal/pkg/clusterresources/clusterresources.go:322.16,324.3 1 0
github.com/openshift/oc-mirror/v2/internal/pkg/clusterresources/clusterresources.go:325.2,326.16 2 3
github.com/openshift/oc-mirror/v2/internal/pkg/clusterresources/clusterresources.go:326.16,328.3 1 1
github.com/openshift/oc-mirror/v2/internal/pkg/clusterresources/clusterresources.go:331.2,331.55 1 2
github.com/openshift/oc-mirror/v2/internal/pkg/clusterresources/clusterresources.go:331.55,333.3 1 1
github.com/openshift/oc-mirror/v2/internal/pkg/clusterresources/clusterresources.go:334.2,334.33 1 1
github.com/openshift/oc-mirror/v2/internal/pkg/clusterresources/clusterresources.go:334.33,336.3 1 0
github.com/openshift/oc-mirror/v2/internal/pkg/clusterresources/clusterresources.go:337.2,337.64 1 1
github.com/openshift/oc-mirror/v2/internal/pkg/clusterresources/clusterresources.go:337.64,339.3 1 0
github.com/openshift/oc-mirror/v2/internal/pkg/clusterresources/clusterresources.go:340.2,340.30 1 1
github.com/openshift/oc-mirror/v2/internal/pkg/clusterresources/clusterresources.go:340.30,342.3 1 0
github.com/openshift/oc-mirror/v2/internal/pkg/clusterresources/clusterresources.go:344.2,351.16 6 1
github.com/openshift/oc-mirror/v2/internal/pkg/clusterresources/clusterresources.go:351.16,353.3 1 0
github.com/openshift/oc-mirror/v2/internal/pkg/clusterresources/clusterresources.go:355.2,355.17 1 1
github.com/openshift/oc-mirror/v2/internal/pkg/clusterresources/clusterresources.go:358.129,362.51 2 4
github.com/openshift/oc-mirror/v2/internal/pkg/clusterresources/clusterresources.go:362.51,375.54 2 6
github.com/openshift/oc-mirror/v2/internal/pkg/clusterresources/clusterresources.go:375.54,381.4 2 8
github.com/openshift/oc-mirror/v2/internal/pkg/clusterresources/clusterresources.go:384.2,384.22 1 4
github.com/openshift/oc-mirror/v2/internal/pkg/clusterresources/clusterresources.go:387.192,389.48 2 13
github.com/openshift/oc-mirror/v2/internal/pkg/clusterresources/clusterresources.go:389.48,390.32 1 122
github.com/openshift/oc-mirror/v2/internal/pkg/clusterresources/clusterresources.go:390.32,392.4 1 0
github.com/openshift/oc-mirror/v2/internal/pkg/clusterresources/clusterresources.go:393.3,393.109 1 122
github.com/openshift/oc-mirror/v2/internal/pkg/clusterresources/clusterresources.go:393.109,400.12 1 21
github.com/openshift/oc-mirror/v2/internal/pkg/clusterresources/clusterresources.go:402.3,403.17 2 101
github.com/openshift/oc-mirror/v2/internal/pkg/clusterresources/clusterresources.go:403.17,405.4 1 0
github.com/openshift/oc-mirror/v2/internal/pkg/clusterresources/clusterresources.go:406.3,407.17 2 101
github.com/openshift/oc-mirror/v2/internal/pkg/clusterresources/clusterresources.go:407.17,409.4 1 0
github.com/openshift/oc-mirror/v2/internal/pkg/clusterresources/clusterresources.go:410.3,411.15 2 101
github.com/openshift/oc-mirror/v2/internal/pkg/clusterresources/clusterresources.go:412.21,413.40 1 43
github.com/openshift/oc-mirror/v2/internal/pkg/clusterresources/clusterresources.go:413.40,415.5 1 27
github.com/openshift/oc-mirror/v2/internal/pkg/clusterresources/clusterresources.go:416.24,417.41 1 58
github.com/openshift/oc-mirror/v2/internal/pkg/clusterresources/clusterresources.go:417.41,419.5 1 20
github.com/openshift/oc-mirror/v2/internal/pkg/clusterresources/clusterresources.go:421.3,421.17 1 101
github.com/openshift/oc-mirror/v2/internal/pkg/clusterresources/clusterresources.go:421.17,422.12 1 47
github.com/openshift/oc-mirror/v2/internal/pkg/clusterresources/clusterresources.go:424.3,425.27 2 54
github.com/openshift/oc-mirror/v2/internal/pkg/clusterresources/clusterresources.go:425.27,427.4 1 6
github.com/openshift/oc-mirror/v2/internal/pkg/clusterresources/clusterresources.go:427.9,429.4 1 48
github.com/openshift/oc-mirror/v2/internal/pkg/clusterresources/clusterresources.go:430.3,431.27 2 54
github.com/openshift/oc-mirror/v2/internal/pkg/clusterresources/clusterresources.go:431.27,433.4 1 6
github.com/openshift/oc-mirror/v2/internal/pkg/clusterresources/clusterresources.go:433.9,435.4 1 48
github.com/openshift/oc-mirror/v2/internal/pkg/clusterresources/clusterresources.go:437.3,438.55 2 54
github.com/openshift/oc-mirror/v2/internal/pkg/clusterresources/clusterresources.go:438.55,443.4 1 18
github.com/openshift/oc-mirror/v2/internal/pkg/clusterresources/clusterresources.go:445.3,447.29 2 54
github.com/openshift/oc-mirror/v2/internal/pkg/clusterresources/clusterresources.go:447.29,449.4 1 28
github.com/openshift/oc-mirror/v2/internal/pkg/clusterresources/clusterresources.go:449.9,451.38 2 26
github.com/openshift/oc-mirror/v2/internal/pkg/clusterresources/clusterresources.go:451.38,452.40 1 26
github.com/openshift/oc-mirror/v2/internal/pkg/clusterresources/clusterresources.go:452.40,454.11 2 26
github.com/openshift/oc-mirror/v2/internal/pkg/clusterresources/clusterresources.go:457.4,457.21 1 26
github.com/openshift/oc-mirror/v2/internal/pkg/clusterresources/clusterresources.go:457.21,459.5 1 0
github.com/openshift/oc-mirror/v2/internal/pkg/clusterresources/clusterresources.go:462.2,463.44 2 13
github.com/openshift/oc-mirror/v2/internal/pkg/clusterresources/clusterresources.go:463.44,465.3 1 18
github.com/openshift/oc-mirror/v2/internal/pkg/clusterresources/clusterresources.go:466.2,466.36 1 13
github.com/openshift/oc-mirror/v2/internal/pkg/clusterresources/clusterresources.go:469.105,474.16 3 1
github.com/openshift/oc-mirror/v2/internal/pkg/clusterresources/clusterresources.go:474.16,476.3 1 0
github.com/openshift/oc-mirror/v2/internal/pkg/clusterresources/clusterresources.go:477.2,480.16 3 1
github.com/openshift/oc-mirror/v2/internal/pkg/clusterresources/clusterresources.go:480.16,482.3 1 0
github.com/openshift/oc-mirror/v2/internal/pkg/clusterresources/clusterresources.go:484.2,501.16 3 1
github.com/openshift/oc-mirror/v2/internal/pkg/clusterresources/clusterresources.go:501.16,503.3 1 0
github.com/openshift/oc-mirror/v2/internal/pkg/clusterresources/clusterresources.go:505.2,510.65 3 1
github.com/openshift/oc-mirror/v2/internal/pkg/clusterresources/clusterresources.go:510.65,513.17 3 1
github.com/openshift/oc-mirror/v2/internal/pkg/clusterresources/clusterresources.go:513.17,515.4 1 0
github.com/openshift/oc-mirror/v2/internal/pkg/clusterresources/clusterresources.go:516.3,516.56 1 1
github.com/openshift/oc-mirror/v2/internal/pkg/clusterresources/clusterresources.go:518.2,519.16 2 1
github.com/openshift/oc-mirror/v2/internal/pkg/clusterresources/clusterresources.go:519.16,521.3 1 0
github.com/openshift/oc-mirror/v2/internal/pkg/clusterresources/clusterresources.go:522.2,527.12 4 1
github.com/openshift/oc-mirror/v2/internal/pkg/clusterresources/clusterresources.go:530.53,533.14 3 96
github.com/openshift/oc-mirror/v2/internal/pkg/clusterresources/clusterresources.go:533.14,535.3 1 93
github.com/openshift/oc-mirror/v2/internal/pkg/clusterresources/clusterresources.go:535.8,537.3 1 3
github.com/openshift/oc-mirror/v2/internal/pkg/clusterresources/clusterresources.go:541.54,543.2 1 12
github.com/openshift/oc-mirror/v2/internal/pkg/clusterresources/clusterresources.go:545.43,546.11 1 10
github.com/openshift/oc-mirror/v2/internal/pkg/clusterresources/clusterresources.go:547.23,548.19 1 4
github.com/openshift/oc-mirror/v2/internal/pkg/clusterresources/clusterresources.go:549.24,550.20 1 4
github.com/openshift/oc-mirror/v2/internal/pkg/clusterresources/clusterresources.go:551.23,552.19 1 2
github.com/openshift/oc-mirror/v2/internal/pkg/clusterresources/clusterresources.go:553.10,554.19 1 0
github.com/openshift/oc-mirror/v2/internal/pkg/clusterresources/clusterresources.go:558.71,559.19 1 54
github.com/openshift/oc-mirror/v2/internal/pkg/clusterresources/clusterresources.go:560.36,561.25 1 0
github.com/openshift/oc-mirror/v2/internal/pkg/clusterresources/clusterresources.go:562.28,563.25 1 3
github.com/openshift/oc-mirror/v2/internal/pkg/clusterresources/clusterresources.go:564.31,565.25 1 7
github.com/openshift/oc-mirror/v2/internal/pkg/clusterresources/clusterresources.go:566.38,567.25 1 19
github.com/openshift/oc-mirror/v2/internal/pkg/clusterresources/clusterresources.go:568.35,569.26 1 8
github.com/openshift/oc-mirror/v2/internal/pkg/clusterresources/clusterresources.go:570.36,571.26 1 0
github.com/openshift/oc-mirror/v2/internal/pkg/clusterresources/clusterresources.go:572.41,573.26 1 17
github.com/openshift/oc-mirror/v2/internal/pkg/clusterresources/clusterresources.go:574.28,575.25 1 0
github.com/openshift/oc-mirror/v2/internal/pkg/clusterresources/clusterresources.go:576.10,577.25 1 0
github.com/openshift/oc-mirror/v2/internal/pkg/clusterresources/clusterresources.go:581.39,586.2 3 9
github.com/openshift/oc-mirror/v2/internal/pkg/clusterresources/clusterresources.go:588.29,590.9 2 37
github.com/openshift/oc-mirror/v2/internal/pkg/clusterresources/clusterresources.go:591.28,592.11 1 9
github.com/openshift/oc-mirror/v2/internal/pkg/clusterresources/clusterresources.go:593.28,594.11 1 23
github.com/openshift/oc-mirror/v2/internal/pkg/clusterresources/clusterresources.go:595.16,596.11 1 0
github.com/openshift/oc-mirror/v2/internal/pkg/clusterresources/clusterresources.go:597.10,599.13 1 5
github.com/openshift/oc-mirror/v2/internal/pkg/delete/delete_images.go:34.84,42.37 5 1
github.com/openshift/oc-mirror/v2/internal/pkg/delete/delete_images.go:42.37,45.3 2 0
github.com/openshift/oc-mirror/v2/internal/pkg/delete/delete_images.go:47.2,48.16 2 1
github.com/openshift/oc-mirror/v2/internal/pkg/delete/delete_images.go:48.16,50.3 1 0
github.com/openshift/oc-mirror/v2/internal/pkg/delete/delete_images.go:52.2,53.29 2 1
github.com/openshift/oc-mirror/v2/internal/pkg/delete/delete_images.go:53.29,61.3 2 1
github.com/openshift/oc-mirror/v2/internal/pkg/delete/delete_images.go:64.2,64.46 1 1
github.com/openshift/oc-mirror/v2/internal/pkg/delete/delete_images.go:64.46,66.3 1 0
github.com/openshift/oc-mirror/v2/internal/pkg/delete/delete_images.go:68.2,74.16 3 1
github.com/openshift/oc-mirror/v2/internal/pkg/delete/delete_images.go:74.16,76.3 1 0
github.com/openshift/oc-mirror/v2/internal/pkg/delete/delete_images.go:77.2,78.16 2 1
github.com/openshift/oc-mirror/v2/internal/pkg/delete/delete_images.go:78.16,80.3 1 0
github.com/openshift/oc-mirror/v2/internal/pkg/delete/delete_images.go:82.2,96.16 3 1
github.com/openshift/oc-mirror/v2/internal/pkg/delete/delete_images.go:96.16,98.3 1 0
github.com/openshift/oc-mirror/v2/internal/pkg/delete/delete_images.go:99.2,100.16 2 1
github.com/openshift/oc-mirror/v2/internal/pkg/delete/delete_images.go:100.16,102.3 1 0
github.com/openshift/oc-mirror/v2/internal/pkg/delete/delete_images.go:103.2,103.12 1 1
github.com/openshift/oc-mirror/v2/internal/pkg/delete/delete_images.go:107.83,115.35 6 2
github.com/openshift/oc-mirror/v2/internal/pkg/delete/delete_images.go:115.35,131.3 7 2
github.com/openshift/oc-mirror/v2/internal/pkg/delete/delete_images.go:134.2,135.79 2 2
github.com/openshift/oc-mirror/v2/internal/pkg/delete/delete_images.go:135.79,136.127 1 2
github.com/openshift/oc-mirror/v2/internal/pkg/delete/delete_images.go:136.127,137.44 1 0
github.com/openshift/oc-mirror/v2/internal/pkg/delete/delete_images.go:137.44,139.5 1 0
github.com/openshift/oc-mirror/v2/internal/pkg/delete/delete_images.go:139.10,141.5 1 0
github.com/openshift/oc-mirror/v2/internal/pkg/delete/delete_images.go:144.2,144.36 1 2
github.com/openshift/oc-mirror/v2/internal/pkg/delete/delete_images.go:144.36,145.127 1 1
github.com/openshift/oc-mirror/v2/internal/pkg/delete/delete_images.go:145.127,146.44 1 0
github.com/openshift/oc-mirror/v2/internal/pkg/delete/delete_images.go:146.44,148.5 1 0
github.com/openshift/oc-mirror/v2/internal/pkg/delete/delete_images.go:148.10,150.5 1 0
github.com/openshift/oc-mirror/v2/internal/pkg/delete/delete_images.go:154.2,154.23 1 2
github.com/openshift/oc-mirror/v2/internal/pkg/delete/delete_images.go:154.23,156.3 1 0
github.com/openshift/oc-mirror/v2/internal/pkg/delete/delete_images.go:157.2,157.28 1 2
github.com/openshift/oc-mirror/v2/internal/pkg/delete/delete_images.go:157.28,159.3 1 0
github.com/openshift/oc-mirror/v2/internal/pkg/delete/delete_images.go:160.2,160.12 1 2
github.com/openshift/oc-mirror/v2/internal/pkg/delete/delete_images.go:166.78,171.40 4 3
github.com/openshift/oc-mirror/v2/internal/pkg/delete/delete_images.go:171.40,173.54 2 3
github.com/openshift/oc-mirror/v2/internal/pkg/delete/delete_images.go:173.54,175.4 1 0
github.com/openshift/oc-mirror/v2/internal/pkg/delete/delete_images.go:176.8,178.3 1 0
github.com/openshift/oc-mirror/v2/internal/pkg/delete/delete_images.go:180.2,181.16 2 3
[...]
github.com/openshift/oc-mirror/v2/internal/pkg/release/signature.go:127.32,129.5 1 0
github.com/openshift/oc-mirror/v2/internal/pkg/release/signature.go:130.4,130.26 1 5
github.com/openshift/oc-mirror/v2/internal/pkg/release/signature.go:130.26,132.5 1 1
github.com/openshift/oc-mirror/v2/internal/pkg/release/signature.go:133.4,134.18 2 4
github.com/openshift/oc-mirror/v2/internal/pkg/release/signature.go:134.18,136.5 1 0
github.com/openshift/oc-mirror/v2/internal/pkg/release/signature.go:138.4,151.27 11 4
github.com/openshift/oc-mirror/v2/internal/pkg/release/signature.go:151.27,152.44 1 0
github.com/openshift/oc-mirror/v2/internal/pkg/release/signature.go:152.44,154.34 2 0
github.com/openshift/oc-mirror/v2/internal/pkg/release/signature.go:154.34,156.7 1 0
github.com/openshift/oc-mirror/v2/internal/pkg/release/signature.go:158.10,158.36 1 4
github.com/openshift/oc-mirror/v2/internal/pkg/release/signature.go:158.36,160.5 1 0
github.com/openshift/oc-mirror/v2/internal/pkg/release/signature.go:162.4,166.18 4 4
github.com/openshift/oc-mirror/v2/internal/pkg/release/signature.go:166.18,169.5 2 0
github.com/openshift/oc-mirror/v2/internal/pkg/release/signature.go:170.4,176.19 4 4
github.com/openshift/oc-mirror/v2/internal/pkg/release/signature.go:176.19,178.5 1 3
github.com/openshift/oc-mirror/v2/internal/pkg/release/signature.go:179.4,179.28 1 4
github.com/openshift/oc-mirror/v2/internal/pkg/release/signature.go:180.9,183.4 2 1
github.com/openshift/oc-mirror/v2/internal/pkg/release/signature.go:185.2,185.18 1 4
github.com/openshift/oc-mirror/v2/internal/pkg/manifest/oci-manifest.go:58.63,61.2 2 0
github.com/openshift/oc-mirror/v2/internal/pkg/manifest/oci-manifest.go:64.74,68.16 4 1
github.com/openshift/oc-mirror/v2/internal/pkg/manifest/oci-manifest.go:68.16,70.3 1 0
github.com/openshift/oc-mirror/v2/internal/pkg/manifest/oci-manifest.go:71.2,72.16 2 1
github.com/openshift/oc-mirror/v2/internal/pkg/manifest/oci-manifest.go:72.16,74.3 1 0
github.com/openshift/oc-mirror/v2/internal/pkg/manifest/oci-manifest.go:75.2,75.17 1 1
github.com/openshift/oc-mirror/v2/internal/pkg/manifest/oci-manifest.go:80.78,84.16 4 1
github.com/openshift/oc-mirror/v2/internal/pkg/manifest/oci-manifest.go:84.16,86.3 1 0
github.com/openshift/oc-mirror/v2/internal/pkg/manifest/oci-manifest.go:87.2,88.16 2 1
github.com/openshift/oc-mirror/v2/internal/pkg/manifest/oci-manifest.go:88.16,90.3 1 0
github.com/openshift/oc-mirror/v2/internal/pkg/manifest/oci-manifest.go:91.2,91.17 1 1
github.com/openshift/oc-mirror/v2/internal/pkg/manifest/oci-manifest.go:95.90,99.16 4 1
github.com/openshift/oc-mirror/v2/internal/pkg/manifest/oci-manifest.go:99.16,101.3 1 0
github.com/openshift/oc-mirror/v2/internal/pkg/manifest/oci-manifest.go:102.2,103.16 2 1
github.com/openshift/oc-mirror/v2/internal/pkg/manifest/oci-manifest.go:103.16,105.3 1 0
github.com/openshift/oc-mirror/v2/internal/pkg/manifest/oci-manifest.go:106.2,106.17 1 1
github.com/openshift/oc-mirror/v2/internal/pkg/manifest/oci-manifest.go:110.99,112.77 2 2
github.com/openshift/oc-mirror/v2/internal/pkg/manifest/oci-manifest.go:112.77,113.35 1 1
github.com/openshift/oc-mirror/v2/internal/pkg/manifest/oci-manifest.go:113.35,115.18 2 2
github.com/openshift/oc-mirror/v2/internal/pkg/manifest/oci-manifest.go:115.18,117.5 1 0
github.com/openshift/oc-mirror/v2/internal/pkg/manifest/oci-manifest.go:118.4,119.18 2 2
github.com/openshift/oc-mirror/v2/internal/pkg/manifest/oci-manifest.go:119.18,121.5 1 0
github.com/openshift/oc-mirror/v2/internal/pkg/manifest/oci-manifest.go:122.4,123.18 2 2
github.com/openshift/oc-mirror/v2/internal/pkg/manifest/oci-manifest.go:123.18,125.5 1 0
github.com/openshift/oc-mirror/v2/internal/pkg/manifest/oci-manifest.go:127.8,129.3 1 1
github.com/openshift/oc-mirror/v2/internal/pkg/manifest/oci-manifest.go:130.2,130.12 1 2
github.com/openshift/oc-mirror/v2/internal/pkg/manifest/oci-manifest.go:134.86,139.16 4 1
github.com/openshift/oc-mirror/v2/internal/pkg/manifest/oci-manifest.go:139.16,141.3 1 0
github.com/openshift/oc-mirror/v2/internal/pkg/manifest/oci-manifest.go:143.2,144.16 2 1
github.com/openshift/oc-mirror/v2/internal/pkg/manifest/oci-manifest.go:144.16,146.3 1 0
github.com/openshift/oc-mirror/v2/internal/pkg/manifest/oci-manifest.go:148.2,149.41 2 1
github.com/openshift/oc-mirror/v2/internal/pkg/manifest/oci-manifest.go:149.41,151.3 1 1
github.com/openshift/oc-mirror/v2/internal/pkg/manifest/oci-manifest.go:152.2,152.23 1 1
github.com/openshift/oc-mirror/v2/internal/pkg/manifest/oci-manifest.go:156.72,161.16 4 2
github.com/openshift/oc-mirror/v2/internal/pkg/manifest/oci-manifest.go:161.16,163.3 1 0
github.com/openshift/oc-mirror/v2/internal/pkg/manifest/oci-manifest.go:165.2,166.6 2 2
github.com/openshift/oc-mirror/v2/internal/pkg/manifest/oci-manifest.go:166.6,169.20 2 666
github.com/openshift/oc-mirror/v2/internal/pkg/manifest/oci-manifest.go:169.20,170.9 1 2
github.com/openshift/oc-mirror/v2/internal/pkg/manifest/oci-manifest.go:173.3,173.17 1 664
github.com/openshift/oc-mirror/v2/internal/pkg/manifest/oci-manifest.go:173.17,175.4 1 0
github.com/openshift/oc-mirror/v2/internal/pkg/manifest/oci-manifest.go:177.3,177.48 1 664
github.com/openshift/oc-mirror/v2/internal/pkg/manifest/oci-manifest.go:177.48,178.27 1 647
github.com/openshift/oc-mirror/v2/internal/pkg/manifest/oci-manifest.go:179.21,180.28 1 1
github.com/openshift/oc-mirror/v2/internal/pkg/manifest/oci-manifest.go:180.28,181.80 1 1
github.com/openshift/oc-mirror/v2/internal/pkg/manifest/oci-manifest.go:181.80,183.7 1 0
github.com/openshift/oc-mirror/v2/internal/pkg/manifest/oci-manifest.go:185.21,187.19 2 646
github.com/openshift/oc-mirror/v2/internal/pkg/manifest/oci-manifest.go:187.19,189.6 1 0
github.com/openshift/oc-mirror/v2/internal/pkg/manifest/oci-manifest.go:190.5,191.19 2 646
github.com/openshift/oc-mirror/v2/internal/pkg/manifest/oci-manifest.go:191.19,193.6 1 0
github.com/openshift/oc-mirror/v2/internal/pkg/manifest/oci-manifest.go:194.5,194.58 1 646
github.com/openshift/oc-mirror/v2/internal/pkg/manifest/oci-manifest.go:194.58,196.6 1 0
github.com/openshift/oc-mirror/v2/internal/pkg/manifest/oci-manifest.go:197.5,197.20 1 646
github.com/openshift/oc-mirror/v2/internal/pkg/manifest/oci-manifest.go:199.12,199.12 0 0
github.com/openshift/oc-mirror/v2/internal/pkg/manifest/oci-manifest.go:204.2,204.12 1 2
github.com/openshift/oc-mirror/v2/internal/pkg/manifest/oci-manifest.go:207.72,215.16 4 2
github.com/openshift/oc-mirror/v2/internal/pkg/manifest/oci-manifest.go:215.16,217.24 2 0
github.com/openshift/oc-mirror/v2/internal/pkg/manifest/oci-manifest.go:217.24,219.4 1 0
github.com/openshift/oc-mirror/v2/internal/pkg/manifest/oci-manifest.go:220.3,221.30 2 0
github.com/openshift/oc-mirror/v2/internal/pkg/manifest/oci-manifest.go:224.2,224.33 1 2
github.com/openshift/oc-mirror/v2/internal/pkg/manifest/oci-manifest.go:224.33,226.3 1 6
github.com/openshift/oc-mirror/v2/internal/pkg/manifest/oci-manifest.go:228.2,228.33 1 2
github.com/openshift/oc-mirror/v2/internal/pkg/manifest/oci-manifest.go:228.33,230.31 2 10
github.com/openshift/oc-mirror/v2/internal/pkg/manifest/oci-manifest.go:230.31,231.63 1 126
github.com/openshift/oc-mirror/v2/internal/pkg/manifest/oci-manifest.go:231.63,233.5 1 6
github.com/openshift/oc-mirror/v2/internal/pkg/manifest/oci-manifest.go:234.4,234.71 1 126
github.com/openshift/oc-mirror/v2/internal/pkg/manifest/oci-manifest.go:234.71,236.5 1 10
github.com/openshift/oc-mirror/v2/internal/pkg/manifest/oci-manifest.go:238.4,238.65 1 126
github.com/openshift/oc-mirror/v2/internal/pkg/manifest/oci-manifest.go:243.2,243.32 1 2
github.com/openshift/oc-mirror/v2/internal/pkg/manifest/oci-manifest.go:243.32,244.67 1 76
github.com/openshift/oc-mirror/v2/internal/pkg/manifest/oci-manifest.go:244.67,246.4 1 6
github.com/openshift/oc-mirror/v2/internal/pkg/manifest/oci-manifest.go:248.3,248.75 1 76
github.com/openshift/oc-mirror/v2/internal/pkg/manifest/oci-manifest.go:248.75,250.4 1 76
github.com/openshift/oc-mirror/v2/internal/pkg/manifest/oci-manifest.go:253.2,253.29 1 2
github.com/openshift/oc-mirror/v2/internal/pkg/manifest/oci-manifest.go:256.202,261.34 3 20
github.com/openshift/oc-mirror/v2/internal/pkg/manifest/oci-manifest.go:261.34,262.54 1 3
github.com/openshift/oc-mirror/v2/internal/pkg/manifest/oci-manifest.go:262.54,268.18 3 9
github.com/openshift/oc-mirror/v2/internal/pkg/manifest/oci-manifest.go:268.18,270.5 1 0
github.com/openshift/oc-mirror/v2/internal/pkg/manifest/oci-manifest.go:272.4,272.32 1 9
github.com/openshift/oc-mirror/v2/internal/pkg/manifest/oci-manifest.go:274.8,275.50 1 17
github.com/openshift/oc-mirror/v2/internal/pkg/manifest/oci-manifest.go:275.50,277.67 2 28
github.com/openshift/oc-mirror/v2/internal/pkg/manifest/oci-manifest.go:277.67,279.13 2 1
github.com/openshift/oc-mirror/v2/internal/pkg/manifest/oci-manifest.go:281.4,282.18 2 27
github.com/openshift/oc-mirror/v2/internal/pkg/manifest/oci-manifest.go:282.18,284.5 1 3
github.com/openshift/oc-mirror/v2/internal/pkg/manifest/oci-manifest.go:285.4,285.20 1 24
github.com/openshift/oc-mirror/v2/internal/pkg/manifest/oci-manifest.go:285.20,287.13 2 1
github.com/openshift/oc-mirror/v2/internal/pkg/manifest/oci-manifest.go:290.4,290.32 1 23
github.com/openshift/oc-mirror/v2/internal/pkg/manifest/oci-manifest.go:294.2,294.33 1 17
github.com/openshift/oc-mirror/v2/internal/pkg/manifest/oci-manifest.go:294.33,295.32 1 17
github.com/openshift/oc-mirror/v2/internal/pkg/manifest/oci-manifest.go:295.32,297.4 1 147
github.com/openshift/oc-mirror/v2/internal/pkg/manifest/oci-manifest.go:300.2,300.27 1 17
github.com/openshift/oc-mirror/v2/internal/pkg/manifest/oci-manifest.go:303.43,312.2 2 39
github.com/openshift/oc-mirror/v2/internal/pkg/manifest/oci-manifest.go:314.107,322.2 6 37
github.com/openshift/oc-mirror/v2/internal/pkg/manifest/oci-manifest.go:324.217,326.13 2 36
github.com/openshift/oc-mirror/v2/internal/pkg/manifest/oci-manifest.go:326.13,328.3 1 3
github.com/openshift/oc-mirror/v2/internal/pkg/manifest/oci-manifest.go:330.2,334.9 4 33
github.com/openshift/oc-mirror/v2/internal/pkg/manifest/oci-manifest.go:335.44,336.65 1 1
github.com/openshift/oc-mirror/v2/internal/pkg/manifest/oci-manifest.go:336.65,338.14 2 2
github.com/openshift/oc-mirror/v2/internal/pkg/manifest/oci-manifest.go:338.14,340.13 2 0
github.com/openshift/oc-mirror/v2/internal/pkg/manifest/oci-manifest.go:342.4,342.94 1 2
github.com/openshift/oc-mirror/v2/internal/pkg/manifest/oci-manifest.go:344.37,345.51 1 7
github.com/openshift/oc-mirror/v2/internal/pkg/manifest/oci-manifest.go:345.51,349.18 4 8
github.com/openshift/oc-mirror/v2/internal/pkg/manifest/oci-manifest.go:349.18,351.5 1 0
github.com/openshift/oc-mirror/v2/internal/pkg/manifest/oci-manifest.go:352.4,353.57 2 8
github.com/openshift/oc-mirror/v2/internal/pkg/manifest/oci-manifest.go:355.10,359.17 3 25
github.com/openshift/oc-mirror/v2/internal/pkg/manifest/oci-manifest.go:359.17,361.4 1 0
github.com/openshift/oc-mirror/v2/internal/pkg/manifest/oci-manifest.go:362.3,363.56 2 25
github.com/openshift/oc-mirror/v2/internal/pkg/manifest/oci-manifest.go:366.2,366.74 1 33
github.com/openshift/oc-mirror/v2/internal/pkg/manifest/oci-manifest.go:366.74,367.11 1 448
github.com/openshift/oc-mirror/v2/internal/pkg/manifest/oci-manifest.go:367.11,368.65 1 92
github.com/openshift/oc-mirror/v2/internal/pkg/manifest/oci-manifest.go:368.65,369.54 1 16
github.com/openshift/oc-mirror/v2/internal/pkg/manifest/oci-manifest.go:369.54,371.6 1 11
github.com/openshift/oc-mirror/v2/internal/pkg/manifest/oci-manifest.go:372.10,374.5 1 76
github.com/openshift/oc-mirror/v2/internal/pkg/manifest/oci-manifest.go:375.9,376.53 1 356
github.com/openshift/oc-mirror/v2/internal/pkg/manifest/oci-manifest.go:376.53,378.5 1 58
github.com/openshift/oc-mirror/v2/internal/pkg/manifest/oci-manifest.go:382.2,382.27 1 33
github.com/openshift/oc-mirror/v2/internal/pkg/manifest/oci-manifest.go:385.79,388.13 2 36
github.com/openshift/oc-mirror/v2/internal/pkg/manifest/oci-manifest.go:388.13,390.3 1 2
github.com/openshift/oc-mirror/v2/internal/pkg/manifest/oci-manifest.go:391.2,392.13 2 34
github.com/openshift/oc-mirror/v2/internal/pkg/manifest/oci-manifest.go:392.13,394.3 1 1
github.com/openshift/oc-mirror/v2/internal/pkg/manifest/oci-manifest.go:395.2,396.13 2 33
github.com/openshift/oc-mirror/v2/internal/pkg/manifest/oci-manifest.go:396.13,398.3 1 0
github.com/openshift/oc-mirror/v2/internal/pkg/manifest/oci-manifest.go:399.2,399.19 1 33
github.com/openshift/oc-mirror/v2/internal/pkg/manifest/oci-manifest.go:402.121,406.15 3 33
github.com/openshift/oc-mirror/v2/internal/pkg/manifest/oci-manifest.go:406.15,408.17 2 5
github.com/openshift/oc-mirror/v2/internal/pkg/manifest/oci-manifest.go:408.17,410.4 1 0
github.com/openshift/oc-mirror/v2/internal/pkg/manifest/oci-manifest.go:413.2,413.15 1 33
github.com/openshift/oc-mirror/v2/internal/pkg/manifest/oci-manifest.go:413.15,415.17 2 5
github.com/openshift/oc-mirror/v2/internal/pkg/manifest/oci-manifest.go:415.17,417.4 1 0
github.com/openshift/oc-mirror/v2/internal/pkg/manifest/oci-manifest.go:420.2,425.41 5 33
github.com/openshift/oc-mirror/v2/internal/pkg/manifest/oci-manifest.go:425.41,430.17 2 418
github.com/openshift/oc-mirror/v2/internal/pkg/manifest/oci-manifest.go:430.17,431.12 1 0
github.com/openshift/oc-mirror/v2/internal/pkg/manifest/oci-manifest.go:434.3,434.28 1 418
github.com/openshift/oc-mirror/v2/internal/pkg/manifest/oci-manifest.go:434.28,436.35 2 211
github.com/openshift/oc-mirror/v2/internal/pkg/manifest/oci-manifest.go:436.35,438.5 1 529
github.com/openshift/oc-mirror/v2/internal/pkg/manifest/oci-manifest.go:439.4,441.109 2 211
github.com/openshift/oc-mirror/v2/internal/pkg/manifest/oci-manifest.go:446.3,446.30 1 418
github.com/openshift/oc-mirror/v2/internal/pkg/manifest/oci-manifest.go:446.30,449.4 2 112
github.com/openshift/oc-mirror/v2/internal/pkg/manifest/oci-manifest.go:456.3,456.87 1 418
github.com/openshift/oc-mirror/v2/internal/pkg/manifest/oci-manifest.go:456.87,459.39 1 354
github.com/openshift/oc-mirror/v2/internal/pkg/manifest/oci-manifest.go:459.39,460.13 1 234
github.com/openshift/oc-mirror/v2/internal/pkg/manifest/oci-manifest.go:462.4,462.45 1 120
github.com/openshift/oc-mirror/v2/internal/pkg/manifest/oci-manifest.go:466.2,466.26 1 33
github.com/openshift/oc-mirror/v2/internal/pkg/manifest/oci-manifest.go:466.26,467.45 1 33
github.com/openshift/oc-mirror/v2/internal/pkg/manifest/oci-manifest.go:467.45,468.50 1 211
github.com/openshift/oc-mirror/v2/internal/pkg/manifest/oci-manifest.go:468.50,471.5 1 15
github.com/openshift/oc-mirror/v2/internal/pkg/manifest/oci-manifest.go:473.4,473.70 1 211
github.com/openshift/oc-mirror/v2/internal/pkg/manifest/oci-manifest.go:473.70,475.5 1 6
github.com/openshift/oc-mirror/v2/internal/pkg/manifest/oci-manifest.go:479.2,479.72 1 33
github.com/openshift/oc-mirror/v2/internal/pkg/manifest/oci-manifest.go:479.72,481.3 1 19
github.com/openshift/oc-mirror/v2/internal/pkg/manifest/oci-manifest.go:483.2,483.22 1 14
github.com/openshift/oc-mirror/v2/internal/pkg/manifest/oci-manifest.go:486.72,488.24 2 418
github.com/openshift/oc-mirror/v2/internal/pkg/manifest/oci-manifest.go:488.24,490.3 1 0
github.com/openshift/oc-mirror/v2/internal/pkg/manifest/oci-manifest.go:492.2,493.16 2 418
github.com/openshift/oc-mirror/v2/internal/pkg/manifest/oci-manifest.go:493.16,495.3 1 0
github.com/openshift/oc-mirror/v2/internal/pkg/manifest/oci-manifest.go:497.2,497.21 1 418
github.com/openshift/oc-mirror/v2/internal/pkg/manifest/oci-manifest.go:500.48,502.2 1 418
github.com/openshift/oc-mirror/v2/internal/pkg/manifest/oci-manifest.go:504.83,506.2 1 211
github.com/openshift/oc-mirror/v2/internal/pkg/manifest/oci-manifest.go:508.104,509.52 1 211
github.com/openshift/oc-mirror/v2/internal/pkg/manifest/oci-manifest.go:509.52,511.3 1 55
github.com/openshift/oc-mirror/v2/internal/pkg/manifest/oci-manifest.go:513.2,513.51 1 156
github.com/openshift/oc-mirror/v2/internal/pkg/manifest/oci-manifest.go:513.51,514.72 1 93
github.com/openshift/oc-mirror/v2/internal/pkg/manifest/oci-manifest.go:514.72,516.4 1 6
github.com/openshift/oc-mirror/v2/internal/pkg/manifest/oci-manifest.go:519.2,519.14 1 150
github.com/openshift/oc-mirror/v2/internal/pkg/manifest/oci-manifest.go:522.143,525.42 2 147
github.com/openshift/oc-mirror/v2/internal/pkg/manifest/oci-manifest.go:525.42,526.43 1 1630
github.com/openshift/oc-mirror/v2/internal/pkg/manifest/oci-manifest.go:526.43,528.12 2 0
github.com/openshift/oc-mirror/v2/internal/pkg/manifest/oci-manifest.go:530.3,531.31 2 1630
github.com/openshift/oc-mirror/v2/internal/pkg/manifest/oci-manifest.go:531.31,535.4 3 147
github.com/openshift/oc-mirror/v2/internal/pkg/manifest/oci-manifest.go:535.9,539.4 3 1483
github.com/openshift/oc-mirror/v2/internal/pkg/manifest/oci-manifest.go:541.3,542.17 2 1630
github.com/openshift/oc-mirror/v2/internal/pkg/manifest/oci-manifest.go:542.17,544.4 1 0
github.com/openshift/oc-mirror/v2/internal/pkg/manifest/oci-manifest.go:546.3,548.50 2 1630
github.com/openshift/oc-mirror/v2/internal/pkg/manifest/oci-manifest.go:548.50,549.24 1 879
github.com/openshift/oc-mirror/v2/internal/pkg/manifest/oci-manifest.go:549.24,551.5 1 879
github.com/openshift/oc-mirror/v2/internal/pkg/manifest/oci-manifest.go:552.4,552.98 1 879
github.com/openshift/oc-mirror/v2/internal/pkg/manifest/oci-manifest.go:555.3,556.47 2 1630
github.com/openshift/oc-mirror/v2/internal/pkg/manifest/oci-manifest.go:556.47,557.22 1 1630
github.com/openshift/oc-mirror/v2/internal/pkg/manifest/oci-manifest.go:557.22,559.5 1 879
github.com/openshift/oc-mirror/v2/internal/pkg/manifest/oci-manifest.go:560.4,560.97 1 1630
github.com/openshift/oc-mirror/v2/internal/pkg/manifest/oci-manifest.go:563.3,563.53 1 1630
github.com/openshift/oc-mirror/v2/internal/pkg/manifest/oci-manifest.go:566.2,566.22 1 147
github.com/openshift/oc-mirror/v2/internal/pkg/manifest/oci-manifest.go:571.91,575.16 3 0
github.com/openshift/oc-mirror/v2/internal/pkg/manifest/oci-manifest.go:575.16,577.3 1 0
github.com/openshift/oc-mirror/v2/internal/pkg/manifest/oci-manifest.go:578.2,585.16 7 0
github.com/openshift/oc-mirror/v2/internal/pkg/manifest/oci-manifest.go:585.16,587.3 1 0
github.com/openshift/oc-mirror/v2/internal/pkg/manifest/oci-manifest.go:589.2,595.16 3 0
github.com/openshift/oc-mirror/v2/internal/pkg/manifest/oci-manifest.go:595.16,597.3 1 0
github.com/openshift/oc-mirror/v2/internal/pkg/manifest/oci-manifest.go:600.2,601.16 2 0
github.com/openshift/oc-mirror/v2/internal/pkg/manifest/oci-manifest.go:601.16,603.3 1 0
github.com/openshift/oc-mirror/v2/internal/pkg/manifest/oci-manifest.go:605.2,605.12 1 0
github.com/openshift/oc-mirror/v2/internal/pkg/manifest/oci-manifest.go:608.113,611.79 2 0
github.com/openshift/oc-mirror/v2/internal/pkg/manifest/oci-manifest.go:611.79,613.3 1 0
github.com/openshift/oc-mirror/v2/internal/pkg/manifest/oci-manifest.go:615.2,616.16 2 0
github.com/openshift/oc-mirror/v2/internal/pkg/manifest/oci-manifest.go:616.16,618.3 1 0
github.com/openshift/oc-mirror/v2/internal/pkg/manifest/oci-manifest.go:620.2,621.16 2 0
github.com/openshift/oc-mirror/v2/internal/pkg/manifest/oci-manifest.go:621.16,623.3 1 0
github.com/openshift/oc-mirror/v2/internal/pkg/manifest/oci-manifest.go:625.2,626.16 2 0
github.com/openshift/oc-mirror/v2/internal/pkg/manifest/oci-manifest.go:626.16,628.3 1 0
github.com/openshift/oc-mirror/v2/internal/pkg/manifest/oci-manifest.go:630.2,631.16 2 0
github.com/openshift/oc-mirror/v2/internal/pkg/manifest/oci-manifest.go:631.16,633.3 1 0
github.com/openshift/oc-mirror/v2/internal/pkg/manifest/oci-manifest.go:635.2,636.44 2 0
github.com/openshift/oc-mirror/v2/internal/pkg/manifest/oci-manifest.go:636.44,638.3 1 0
github.com/openshift/oc-mirror/v2/internal/pkg/manifest/oci-manifest.go:640.2,640.26 1 0
github.com/openshift/oc-mirror/v2/internal/pkg/manifest/oci-manifest.go:643.56,644.24 1 28
github.com/openshift/oc-mirror/v2/internal/pkg/manifest/oci-manifest.go:644.24,646.3 1 1
